Working directory /tmp/ufo-Q8ooPl
/home/aws/git/ufo/Release/bin/ufo --lawi temp/01.o.o0.bc --ufo-trace=temp/01.noneO0.trace --ufo-post=NONE --ufo-increfine=REF4 --ufo-dvo=true --ufo-simplify=false --ufo-consrefine=true
cleanMerge: entry
cleanMerge: %y.0_1
cleanMerge: %x.0_1
cleanMerge: %y.0
cleanMerge: %y.0_1
cleanMerge: %x.0
cleanMerge: %x.0_1
cleanMerge: bb
cleanMerge: %_0
cleanMerge: %_1
cleanMerge: bb1
cleanMerge: %_2
cleanMerge: %_3
cleanMerge: entry
cleanMerge: %y.0_1
cleanMerge: %x.0_1
cleanMerge: %y.0
cleanMerge: %x.0
cleanMerge: %y.0_1
cleanMerge: %x.0_1
cleanMerge: bb
cleanMerge: %_0
cleanMerge: %_1
cleanMerge: bb1
cleanMerge: %_2
cleanMerge: %_3
cleanMerge: %y.0
cleanMerge: %x.0
cleanMerge: %y.0_1
cleanMerge: %x.0_1
cleanMerge: bb
cleanMerge: %_0
cleanMerge: %_1
cleanMerge: bb1
cleanMerge: %_2
cleanMerge: %_3
cleanMerge: %y.0
cleanMerge: %x.0
cleanMerge: %y.0_1
cleanMerge: %x.0_1
cleanMerge: bb
cleanMerge: %_0
cleanMerge: %_1
cleanMerge: bb1
cleanMerge: %_2
cleanMerge: %_3
