Working directory /tmp/ufo-6LfIzP
/home/aws/git/ufo/Release/bin/ufo --lawi temp/05.o.o0.bc --ufo-trace=temp/05.noneO0.trace --ufo-post=NONE --ufo-increfine=REF4 --ufo-dvo=true --ufo-simplify=false --ufo-consrefine=true
cleanMerge: entry
cleanMerge: %_0
cleanMerge: %i.0_1
cleanMerge: %j.0_1
cleanMerge: %y.0_1
cleanMerge: %x.0_1
cleanMerge: %_0
cleanMerge: %i.0
cleanMerge: %i.0_1
cleanMerge: %j.0
cleanMerge: %j.0_1
cleanMerge: %y.0
cleanMerge: %y.0_1
cleanMerge: %x.0
cleanMerge: %x.0_1
cleanMerge: bb
cleanMerge: %_1
cleanMerge: %_2
cleanMerge: bb1
cleanMerge: %_3
cleanMerge: %_4
cleanMerge: %not.
cleanMerge: %_5
cleanMerge: %j.1
cleanMerge: %phitmp
cleanMerge: %phitmp1
cleanMerge: entry
cleanMerge: %_0
cleanMerge: %i.0_1
cleanMerge: %j.0_1
cleanMerge: %y.0_1
cleanMerge: %x.0_1
cleanMerge: %i.0
cleanMerge: %j.0
cleanMerge: %y.0
cleanMerge: %x.0
cleanMerge: %_0
cleanMerge: %i.0_1
cleanMerge: %j.0_1
cleanMerge: %y.0_1
cleanMerge: %x.0_1
cleanMerge: bb
cleanMerge: %_1
cleanMerge: %_2
cleanMerge: bb1
cleanMerge: %_3
cleanMerge: %_4
cleanMerge: %not.
cleanMerge: %_5
cleanMerge: %j.1
cleanMerge: %phitmp
cleanMerge: %phitmp1
cleanMerge: %i.0
cleanMerge: %j.0
cleanMerge: %y.0
cleanMerge: %x.0
cleanMerge: %_0
cleanMerge: %i.0_1
cleanMerge: %j.0_1
cleanMerge: %y.0_1
cleanMerge: %x.0_1
cleanMerge: bb
cleanMerge: %_1
cleanMerge: %_2
cleanMerge: bb1
cleanMerge: %_3
cleanMerge: %_4
cleanMerge: %not.
cleanMerge: %_5
cleanMerge: %j.1
cleanMerge: %phitmp
cleanMerge: %phitmp1
cleanMerge: %i.0
cleanMerge: %j.0
cleanMerge: %y.0
cleanMerge: %x.0
cleanMerge: %_0
cleanMerge: %i.0_1
cleanMerge: %j.0_1
cleanMerge: %y.0_1
cleanMerge: %x.0_1
cleanMerge: bb
cleanMerge: %_1
cleanMerge: %_2
cleanMerge: bb1
cleanMerge: %_3
cleanMerge: %_4
cleanMerge: %not.
cleanMerge: %_5
cleanMerge: %j.1
cleanMerge: %phitmp
cleanMerge: %phitmp1
