Working directory /tmp/ufo-fe7Xrq
/home/aws/git/ufo/Release/bin/ufo --lawi temp/07.o.o0.bc --ufo-trace=temp/07.noneO0.trace --ufo-post=NONE --ufo-increfine=REF4 --ufo-dvo=true --ufo-simplify=false --ufo-consrefine=true
cleanMerge: entry
cleanMerge: %_0
cleanMerge: %_1
cleanMerge: %j.0_1
cleanMerge: %i.0_1
cleanMerge: %_0
cleanMerge: %j.0
cleanMerge: %j.0_1
cleanMerge: %i.0
cleanMerge: %i.0_1
cleanMerge: bb2
cleanMerge: %_4
cleanMerge: bb1
cleanMerge: %_2
cleanMerge: %_3
cleanMerge: %_0
cleanMerge: entry
cleanMerge: %_1
cleanMerge: %j.0_1
cleanMerge: %i.0_1
cleanMerge: %_0
cleanMerge: %j.0
cleanMerge: %i.0
cleanMerge: %j.0_1
cleanMerge: %i.0_1
cleanMerge: bb2
cleanMerge: %_4
cleanMerge: bb1
cleanMerge: %_2
cleanMerge: %_3
cleanMerge: %_0
cleanMerge: %j.0
cleanMerge: %i.0
cleanMerge: %j.0_1
cleanMerge: %i.0_1
cleanMerge: bb2
cleanMerge: %_4
cleanMerge: bb1
cleanMerge: %_2
cleanMerge: %_3
cleanMerge: %_0
cleanMerge: %j.0
cleanMerge: %i.0
cleanMerge: %j.0_1
cleanMerge: %i.0_1
cleanMerge: bb2
cleanMerge: %_4
cleanMerge: bb1
cleanMerge: %_2
cleanMerge: %_3
