Working directory /tmp/ufo-k_28eT
/home/aws/git/ufo/Release/bin/ufo --lawi temp/12.o.o0.bc --ufo-trace=temp/12.noneO0.trace --ufo-post=NONE --ufo-increfine=REF4 --ufo-dvo=true --ufo-simplify=false --ufo-consrefine=true
cleanMerge: entry
cleanMerge: %_0
cleanMerge: %b.0_1
cleanMerge: %a.0_1
cleanMerge: %s.0_1
cleanMerge: %t.0_1
cleanMerge: %_0
cleanMerge: %b.0
cleanMerge: %b.0_1
cleanMerge: %a.0
cleanMerge: %a.0_1
cleanMerge: %s.0
cleanMerge: %s.0_1
cleanMerge: %t.0
cleanMerge: %t.0_1
cleanMerge: bb
cleanMerge: %_1
cleanMerge: %_2
cleanMerge: bb1
cleanMerge: %_3
cleanMerge: %_4
cleanMerge: %_5
cleanMerge: %_6
cleanMerge: %t.1
cleanMerge: %phitmp
cleanMerge: %phitmp1
cleanMerge: %_0
cleanMerge: %b.0
cleanMerge: %b.0_1
cleanMerge: %a.0
cleanMerge: %a.0_1
cleanMerge: %s.0
cleanMerge: %s.0_1
cleanMerge: %t.0
cleanMerge: %t.0_1
cleanMerge: bb
cleanMerge: %_1
cleanMerge: %_2
cleanMerge: bb4
cleanMerge: %_7
cleanMerge: bb5
cleanMerge: %_8
cleanMerge: %_9
cleanMerge: %_10
cleanMerge: bb6
cleanMerge: %x.0
cleanMerge: %y.1_1
cleanMerge: %_0
cleanMerge: %b.0
cleanMerge: %a.0
cleanMerge: %s.0
cleanMerge: %t.0
cleanMerge: %x.0
cleanMerge: %y.1
cleanMerge: %y.1_1
cleanMerge: bb11
cleanMerge: %_13
cleanMerge: bb7
cleanMerge: %_11
cleanMerge: %_12
cleanMerge: %y.0.v
cleanMerge: %y.0
cleanMerge: entry
cleanMerge: %_0
cleanMerge: %b.0_1
cleanMerge: %a.0_1
cleanMerge: %s.0_1
cleanMerge: %t.0_1
cleanMerge: %_0
cleanMerge: %b.0
cleanMerge: %b.0_1
cleanMerge: %a.0
cleanMerge: %a.0_1
cleanMerge: %s.0
cleanMerge: %s.0_1
cleanMerge: %t.0
cleanMerge: %t.0_1
cleanMerge: bb
cleanMerge: %_1
cleanMerge: %_2
cleanMerge: bb1
cleanMerge: %_3
cleanMerge: %_4
cleanMerge: %_5
cleanMerge: %_6
cleanMerge: %t.1
cleanMerge: %phitmp
cleanMerge: %phitmp1
cleanMerge: %_0
cleanMerge: %b.0
cleanMerge: %b.0_1
cleanMerge: %a.0
cleanMerge: %a.0_1
cleanMerge: %s.0
cleanMerge: %s.0_1
cleanMerge: %t.0
cleanMerge: %t.0_1
cleanMerge: bb
cleanMerge: %_1
cleanMerge: %_2
cleanMerge: bb4
cleanMerge: %_7
cleanMerge: bb5
cleanMerge: %_8
cleanMerge: %_9
cleanMerge: %_10
cleanMerge: bb6
cleanMerge: %x.0
cleanMerge: %y.1_1
cleanMerge: %y.1
cleanMerge: %_0
cleanMerge: %b.0
cleanMerge: %a.0
cleanMerge: %s.0
cleanMerge: %t.0
cleanMerge: %x.0
cleanMerge: %y.1_1
cleanMerge: bb11
cleanMerge: %_13
cleanMerge: bb7
cleanMerge: %_11
cleanMerge: %_12
cleanMerge: %y.0.v
cleanMerge: %y.0
cleanMerge: %y.1
cleanMerge: %_0
cleanMerge: %b.0
cleanMerge: %a.0
cleanMerge: %s.0
cleanMerge: %t.0
cleanMerge: %x.0
cleanMerge: %y.1_1
cleanMerge: bb11
cleanMerge: %_13
cleanMerge: bb7
cleanMerge: %_11
cleanMerge: %_12
cleanMerge: %y.0.v
cleanMerge: %y.0
cleanMerge: %y.1
cleanMerge: %_0
cleanMerge: %b.0
cleanMerge: %a.0
cleanMerge: %s.0
cleanMerge: %t.0
cleanMerge: %x.0
cleanMerge: %y.1_1
cleanMerge: bb11
cleanMerge: %_13
cleanMerge: bb7
cleanMerge: %_11
cleanMerge: %_12
cleanMerge: %y.0.v
cleanMerge: %y.0
cleanMerge: %_0
cleanMerge: entry
cleanMerge: %b.0_1
cleanMerge: %a.0_1
cleanMerge: %s.0_1
cleanMerge: %t.0_1
cleanMerge: %_0
cleanMerge: %b.0
cleanMerge: %a.0
cleanMerge: %s.0
cleanMerge: %t.0
cleanMerge: %b.0_1
cleanMerge: %a.0_1
cleanMerge: %s.0_1
cleanMerge: %t.0_1
cleanMerge: bb
cleanMerge: %_1
cleanMerge: %_2
cleanMerge: bb1
cleanMerge: %_3
cleanMerge: %_4
cleanMerge: %_5
cleanMerge: %_6
cleanMerge: %t.1
cleanMerge: %phitmp
cleanMerge: %phitmp1
cleanMerge: %_0
cleanMerge: %b.0
cleanMerge: %a.0
cleanMerge: %s.0
cleanMerge: %t.0
cleanMerge: %b.0_1
cleanMerge: %a.0_1
cleanMerge: %s.0_1
cleanMerge: %t.0_1
cleanMerge: bb
cleanMerge: %_1
cleanMerge: %_2
cleanMerge: bb1
cleanMerge: %_3
cleanMerge: %_4
cleanMerge: %_5
cleanMerge: %_6
cleanMerge: %t.1
cleanMerge: %phitmp
cleanMerge: %phitmp1
cleanMerge: %_0
cleanMerge: %b.0
cleanMerge: %a.0
cleanMerge: %s.0
cleanMerge: %t.0
cleanMerge: %b.0_1
cleanMerge: %a.0_1
cleanMerge: %s.0_1
cleanMerge: %t.0_1
cleanMerge: bb
cleanMerge: %_1
cleanMerge: %_2
cleanMerge: bb1
cleanMerge: %_3
cleanMerge: %_4
cleanMerge: %_5
cleanMerge: %_6
cleanMerge: %t.1
cleanMerge: %phitmp
cleanMerge: %phitmp1
cleanMerge: %_0
cleanMerge: %b.0
cleanMerge: %a.0
cleanMerge: %s.0
cleanMerge: %t.0
cleanMerge: %b.0_1
cleanMerge: %a.0_1
cleanMerge: %s.0_1
cleanMerge: %t.0_1
cleanMerge: bb
cleanMerge: %_1
cleanMerge: %_2
cleanMerge: bb4
cleanMerge: %_7
cleanMerge: bb5
cleanMerge: %_8
cleanMerge: %_9
cleanMerge: %_10
cleanMerge: bb6
cleanMerge: %x.0
cleanMerge: %y.1_1
cleanMerge: %_0
cleanMerge: %b.0
cleanMerge: %a.0
cleanMerge: %s.0
cleanMerge: %t.0
cleanMerge: %x.0
cleanMerge: %y.1
cleanMerge: %y.1_1
cleanMerge: bb11
cleanMerge: %_13
cleanMerge: bb7
cleanMerge: %_11
cleanMerge: %_12
cleanMerge: %y.0.v
cleanMerge: %y.0
cleanMerge: %_0
cleanMerge: %b.0
cleanMerge: %a.0
cleanMerge: %s.0
cleanMerge: %t.0
cleanMerge: %x.0
cleanMerge: %y.1
cleanMerge: %y.1_1
cleanMerge: bb11
cleanMerge: %_13
cleanMerge: bb7
cleanMerge: %_11
cleanMerge: %_12
cleanMerge: %y.0.v
cleanMerge: %y.0
cleanMerge: %_0
cleanMerge: %b.0
cleanMerge: %a.0
cleanMerge: %s.0
cleanMerge: %t.0
cleanMerge: %x.0
cleanMerge: %y.1
cleanMerge: %y.1_1
cleanMerge: bb11
cleanMerge: %_13
cleanMerge: bb7
cleanMerge: %_11
cleanMerge: %_12
cleanMerge: %y.0.v
cleanMerge: %y.0
cleanMerge: %_0
cleanMerge: entry
cleanMerge: %b.0_1
cleanMerge: %a.0_1
cleanMerge: %s.0_1
cleanMerge: %t.0_1
cleanMerge: %_0
cleanMerge: %b.0
cleanMerge: %a.0
cleanMerge: %s.0
cleanMerge: %t.0
cleanMerge: %b.0_1
cleanMerge: %a.0_1
cleanMerge: %s.0_1
cleanMerge: %t.0_1
cleanMerge: bb
cleanMerge: %_1
cleanMerge: %_2
cleanMerge: bb1
cleanMerge: %_3
cleanMerge: %_4
cleanMerge: %_5
cleanMerge: %_6
cleanMerge: %t.1
cleanMerge: %phitmp
cleanMerge: %phitmp1
cleanMerge: %_0
cleanMerge: %b.0
cleanMerge: %a.0
cleanMerge: %s.0
cleanMerge: %t.0
cleanMerge: %b.0_1
cleanMerge: %a.0_1
cleanMerge: %s.0_1
cleanMerge: %t.0_1
cleanMerge: bb
cleanMerge: %_1
cleanMerge: %_2
cleanMerge: bb1
cleanMerge: %_3
cleanMerge: %_4
cleanMerge: %_5
cleanMerge: %_6
cleanMerge: %t.1
cleanMerge: %phitmp
cleanMerge: %phitmp1
cleanMerge: %_0
cleanMerge: %b.0
cleanMerge: %a.0
cleanMerge: %s.0
cleanMerge: %t.0
cleanMerge: %b.0_1
cleanMerge: %a.0_1
cleanMerge: %s.0_1
cleanMerge: %t.0_1
cleanMerge: bb
cleanMerge: %_1
cleanMerge: %_2
cleanMerge: bb1
cleanMerge: %_3
cleanMerge: %_4
cleanMerge: %_5
cleanMerge: %_6
cleanMerge: %t.1
cleanMerge: %phitmp
cleanMerge: %phitmp1
cleanMerge: %_0
cleanMerge: %b.0
cleanMerge: %a.0
cleanMerge: %s.0
cleanMerge: %t.0
cleanMerge: %b.0_1
cleanMerge: %a.0_1
cleanMerge: %s.0_1
cleanMerge: %t.0_1
cleanMerge: bb
cleanMerge: %_1
cleanMerge: %_2
cleanMerge: bb1
cleanMerge: %_3
cleanMerge: %_4
cleanMerge: %_5
cleanMerge: %_6
cleanMerge: %t.1
cleanMerge: %phitmp
cleanMerge: %phitmp1
cleanMerge: %_0
cleanMerge: %b.0
cleanMerge: %a.0
cleanMerge: %s.0
cleanMerge: %t.0
cleanMerge: %b.0_1
cleanMerge: %a.0_1
cleanMerge: %s.0_1
cleanMerge: %t.0_1
cleanMerge: bb
cleanMerge: %_1
cleanMerge: %_2
cleanMerge: bb1
cleanMerge: %_3
cleanMerge: %_4
cleanMerge: %_5
cleanMerge: %_6
cleanMerge: %t.1
cleanMerge: %phitmp
cleanMerge: %phitmp1
cleanMerge: %_0
cleanMerge: %b.0
cleanMerge: %a.0
cleanMerge: %s.0
cleanMerge: %t.0
cleanMerge: %b.0_1
cleanMerge: %a.0_1
cleanMerge: %s.0_1
cleanMerge: %t.0_1
cleanMerge: bb
cleanMerge: %_1
cleanMerge: %_2
cleanMerge: bb4
cleanMerge: %_7
cleanMerge: bb5
cleanMerge: %_8
cleanMerge: %_9
cleanMerge: %_10
cleanMerge: bb6
cleanMerge: %x.0
cleanMerge: %y.1_1
cleanMerge: %_0
cleanMerge: %b.0
cleanMerge: %a.0
cleanMerge: %s.0
cleanMerge: %t.0
cleanMerge: %x.0
cleanMerge: %y.1
cleanMerge: %y.1_1
cleanMerge: bb11
cleanMerge: %_13
cleanMerge: bb7
cleanMerge: %_11
cleanMerge: %_12
cleanMerge: %y.0.v
cleanMerge: %y.0
cleanMerge: %_0
cleanMerge: %b.0
cleanMerge: %a.0
cleanMerge: %s.0
cleanMerge: %t.0
cleanMerge: %x.0
cleanMerge: %y.1
cleanMerge: %y.1_1
cleanMerge: bb11
cleanMerge: %_13
cleanMerge: bb7
cleanMerge: %_11
cleanMerge: %_12
cleanMerge: %y.0.v
cleanMerge: %y.0
cleanMerge: %_0
cleanMerge: %b.0
cleanMerge: %a.0
cleanMerge: %s.0
cleanMerge: %t.0
cleanMerge: %x.0
cleanMerge: %y.1
cleanMerge: %y.1_1
cleanMerge: bb11
cleanMerge: %_13
cleanMerge: bb7
cleanMerge: %_11
cleanMerge: %_12
cleanMerge: %y.0.v
cleanMerge: %y.0
cleanMerge: %_0
cleanMerge: entry
cleanMerge: %b.0_1
cleanMerge: %a.0_1
cleanMerge: %s.0_1
cleanMerge: %t.0_1
cleanMerge: %_0
cleanMerge: %b.0
cleanMerge: %a.0
cleanMerge: %s.0
cleanMerge: %t.0
cleanMerge: %b.0_1
cleanMerge: %a.0_1
cleanMerge: %s.0_1
cleanMerge: %t.0_1
cleanMerge: bb
cleanMerge: %_1
cleanMerge: %_2
cleanMerge: bb1
cleanMerge: %_3
cleanMerge: %_4
cleanMerge: %_5
cleanMerge: %_6
cleanMerge: %t.1
cleanMerge: %phitmp
cleanMerge: %phitmp1
cleanMerge: %_0
cleanMerge: %b.0
cleanMerge: %a.0
cleanMerge: %s.0
cleanMerge: %t.0
cleanMerge: %b.0_1
cleanMerge: %a.0_1
cleanMerge: %s.0_1
cleanMerge: %t.0_1
cleanMerge: bb
cleanMerge: %_1
cleanMerge: %_2
cleanMerge: bb1
cleanMerge: %_3
cleanMerge: %_4
cleanMerge: %_5
cleanMerge: %_6
cleanMerge: %t.1
cleanMerge: %phitmp
cleanMerge: %phitmp1
cleanMerge: %_0
cleanMerge: %b.0
cleanMerge: %a.0
cleanMerge: %s.0
cleanMerge: %t.0
cleanMerge: %b.0_1
cleanMerge: %a.0_1
cleanMerge: %s.0_1
cleanMerge: %t.0_1
cleanMerge: bb
cleanMerge: %_1
cleanMerge: %_2
cleanMerge: bb1
cleanMerge: %_3
cleanMerge: %_4
cleanMerge: %_5
cleanMerge: %_6
cleanMerge: %t.1
cleanMerge: %phitmp
cleanMerge: %phitmp1
cleanMerge: %_0
cleanMerge: %b.0
cleanMerge: %a.0
cleanMerge: %s.0
cleanMerge: %t.0
cleanMerge: %b.0_1
cleanMerge: %a.0_1
cleanMerge: %s.0_1
cleanMerge: %t.0_1
cleanMerge: bb
cleanMerge: %_1
cleanMerge: %_2
cleanMerge: bb1
cleanMerge: %_3
cleanMerge: %_4
cleanMerge: %_5
cleanMerge: %_6
cleanMerge: %t.1
cleanMerge: %phitmp
cleanMerge: %phitmp1
cleanMerge: %_0
cleanMerge: %b.0
cleanMerge: %a.0
cleanMerge: %s.0
cleanMerge: %t.0
cleanMerge: %b.0_1
cleanMerge: %a.0_1
cleanMerge: %s.0_1
cleanMerge: %t.0_1
cleanMerge: bb
cleanMerge: %_1
cleanMerge: %_2
cleanMerge: bb1
cleanMerge: %_3
cleanMerge: %_4
cleanMerge: %_5
cleanMerge: %_6
cleanMerge: %t.1
cleanMerge: %phitmp
cleanMerge: %phitmp1
cleanMerge: %_0
cleanMerge: %b.0
cleanMerge: %a.0
cleanMerge: %s.0
cleanMerge: %t.0
cleanMerge: %x.0
cleanMerge: %b.0_1
cleanMerge: %a.0_1
cleanMerge: %s.0_1
cleanMerge: %t.0_1
cleanMerge: bb
cleanMerge: %_1
cleanMerge: %_2
cleanMerge: bb4
cleanMerge: %_7
cleanMerge: bb5
cleanMerge: %_8
cleanMerge: %_9
cleanMerge: %_10
cleanMerge: bb6
cleanMerge: %y.1_1
cleanMerge: %_0
cleanMerge: %b.0
cleanMerge: %a.0
cleanMerge: %s.0
cleanMerge: %t.0
cleanMerge: %x.0
cleanMerge: %y.1
cleanMerge: %y.1_1
cleanMerge: bb11
cleanMerge: %_13
cleanMerge: bb7
cleanMerge: %_11
cleanMerge: %_12
cleanMerge: %y.0.v
cleanMerge: %y.0
cleanMerge: %_0
cleanMerge: %b.0
cleanMerge: %a.0
cleanMerge: %s.0
cleanMerge: %t.0
cleanMerge: %x.0
cleanMerge: %y.1
cleanMerge: %y.1_1
cleanMerge: bb11
cleanMerge: %_13
cleanMerge: bb7
cleanMerge: %_11
cleanMerge: %_12
cleanMerge: %y.0.v
cleanMerge: %y.0
cleanMerge: %_0
cleanMerge: %b.0
cleanMerge: %a.0
cleanMerge: %s.0
cleanMerge: %t.0
cleanMerge: %x.0
cleanMerge: %y.1
cleanMerge: %y.1_1
cleanMerge: bb11
cleanMerge: %_13
cleanMerge: bb7
cleanMerge: %_11
cleanMerge: %_12
cleanMerge: %y.0.v
cleanMerge: %y.0
cleanMerge: %_0
cleanMerge: entry
cleanMerge: %b.0_1
cleanMerge: %a.0_1
cleanMerge: %s.0_1
cleanMerge: %t.0_1
cleanMerge: %_0
cleanMerge: %b.0
cleanMerge: %a.0
cleanMerge: %s.0
cleanMerge: %t.0
cleanMerge: %b.0_1
cleanMerge: %a.0_1
cleanMerge: %s.0_1
cleanMerge: %t.0_1
cleanMerge: bb
cleanMerge: %_1
cleanMerge: %_2
cleanMerge: bb1
cleanMerge: %_3
cleanMerge: %_4
cleanMerge: %_5
cleanMerge: %_6
cleanMerge: %t.1
cleanMerge: %phitmp
cleanMerge: %phitmp1
cleanMerge: %_0
cleanMerge: %b.0
cleanMerge: %a.0
cleanMerge: %s.0
cleanMerge: %t.0
cleanMerge: %b.0_1
cleanMerge: %a.0_1
cleanMerge: %s.0_1
cleanMerge: %t.0_1
cleanMerge: bb
cleanMerge: %_1
cleanMerge: %_2
cleanMerge: bb1
cleanMerge: %_3
cleanMerge: %_4
cleanMerge: %_5
cleanMerge: %_6
cleanMerge: %t.1
cleanMerge: %phitmp
cleanMerge: %phitmp1
cleanMerge: %_0
cleanMerge: %b.0
cleanMerge: %a.0
cleanMerge: %s.0
cleanMerge: %t.0
cleanMerge: %b.0_1
cleanMerge: %a.0_1
cleanMerge: %s.0_1
cleanMerge: %t.0_1
cleanMerge: bb
cleanMerge: %_1
cleanMerge: %_2
cleanMerge: bb1
cleanMerge: %_3
cleanMerge: %_4
cleanMerge: %_5
cleanMerge: %_6
cleanMerge: %t.1
cleanMerge: %phitmp
cleanMerge: %phitmp1
cleanMerge: %_0
cleanMerge: %b.0
cleanMerge: %a.0
cleanMerge: %s.0
cleanMerge: %t.0
cleanMerge: %b.0_1
cleanMerge: %a.0_1
cleanMerge: %s.0_1
cleanMerge: %t.0_1
cleanMerge: bb
cleanMerge: %_1
cleanMerge: %_2
cleanMerge: bb1
cleanMerge: %_3
cleanMerge: %_4
cleanMerge: %_5
cleanMerge: %_6
cleanMerge: %t.1
cleanMerge: %phitmp
cleanMerge: %phitmp1
cleanMerge: %_0
cleanMerge: %b.0
cleanMerge: %a.0
cleanMerge: %s.0
cleanMerge: %t.0
cleanMerge: %b.0_1
cleanMerge: %a.0_1
cleanMerge: %s.0_1
cleanMerge: %t.0_1
cleanMerge: bb
cleanMerge: %_1
cleanMerge: %_2
cleanMerge: bb1
cleanMerge: %_3
cleanMerge: %_4
cleanMerge: %_5
cleanMerge: %_6
cleanMerge: %t.1
cleanMerge: %phitmp
cleanMerge: %phitmp1
cleanMerge: %_0
cleanMerge: %b.0
cleanMerge: %a.0
cleanMerge: %s.0
cleanMerge: %t.0
cleanMerge: %x.0
cleanMerge: %b.0_1
cleanMerge: %a.0_1
cleanMerge: %s.0_1
cleanMerge: %t.0_1
cleanMerge: bb
cleanMerge: %_1
cleanMerge: %_2
cleanMerge: bb4
cleanMerge: %_7
cleanMerge: bb5
cleanMerge: %_8
cleanMerge: %_9
cleanMerge: %_10
cleanMerge: bb6
cleanMerge: %y.1_1
cleanMerge: %_0
cleanMerge: %b.0
cleanMerge: %a.0
cleanMerge: %s.0
cleanMerge: %t.0
cleanMerge: %x.0
cleanMerge: %y.1
cleanMerge: %y.1_1
cleanMerge: bb11
cleanMerge: %_13
cleanMerge: bb7
cleanMerge: %_11
cleanMerge: %_12
cleanMerge: %y.0.v
cleanMerge: %y.0
cleanMerge: %_0
cleanMerge: %b.0
cleanMerge: %a.0
cleanMerge: %s.0
cleanMerge: %t.0
cleanMerge: %x.0
cleanMerge: %y.1
cleanMerge: %y.1_1
cleanMerge: bb11
cleanMerge: %_13
cleanMerge: bb7
cleanMerge: %_11
cleanMerge: %_12
cleanMerge: %y.0.v
cleanMerge: %y.0
cleanMerge: %_0
cleanMerge: %b.0
cleanMerge: %a.0
cleanMerge: %s.0
cleanMerge: %t.0
cleanMerge: %x.0
cleanMerge: %y.1
cleanMerge: %y.1_1
cleanMerge: bb11
cleanMerge: %_13
cleanMerge: bb7
cleanMerge: %_11
cleanMerge: %_12
cleanMerge: %y.0.v
cleanMerge: %y.0
cleanMerge: %_0
cleanMerge: %b.0
cleanMerge: %a.0
cleanMerge: %s.0
cleanMerge: %t.0
cleanMerge: %x.0
cleanMerge: %y.1
cleanMerge: %y.1_1
cleanMerge: bb11
cleanMerge: %_13
cleanMerge: bb7
cleanMerge: %_11
cleanMerge: %_12
cleanMerge: %y.0.v
cleanMerge: %y.0
cleanMerge: %_0
cleanMerge: %b.0
cleanMerge: %a.0
cleanMerge: %s.0
cleanMerge: %t.0
cleanMerge: %x.0
cleanMerge: %y.1
cleanMerge: %y.1_1
cleanMerge: bb11
cleanMerge: %_13
cleanMerge: bb7
cleanMerge: %_11
cleanMerge: %_12
cleanMerge: %y.0.v
cleanMerge: %y.0
