 Creating LAWI 

 Creating LBE pass 

 Creating Topo pass 
; Creating WTOPass

== Running Topo pass ==
;
 == Running LBE == 
F name: main
Computing Cutpoints for main
done
0CUTPOINT: entry

--another edge--
entry
to: __UFO__0

--another edge--
entry
bb
to: __UFO__1

--another edge--
entry
bb
bb1
to: __UFO__2

--another edge--
entry
bb
bb1
to: bb7

1CUTPOINT: ERROR

2CUTPOINT: __UFO__0

--another edge--
__UFO__0
to: __UFO__0

3CUTPOINT: __UFO__1

--another edge--
__UFO__1
to: __UFO__1

4CUTPOINT: __UFO__2

--another edge--
__UFO__2
to: __UFO__2

5CUTPOINT: bb7

--another edge--
bb7
bb8
bb9
to: ERROR

--another edge--
bb7
bb3
bb5
bb4
to: bb7

--another edge--
bb7
bb8
to: __UFO__4

--another edge--
bb7
bb8
bb9
to: __UFO__5

--another edge--
bb7
bb3
bb5
to: __UFO__3

6CUTPOINT: __UFO__4

--another edge--
__UFO__4
to: __UFO__4

7CUTPOINT: __UFO__5

--another edge--
__UFO__5
to: __UFO__5

8CUTPOINT: __UFO__3

--another edge--
__UFO__3
to: __UFO__3

===Looking at Header entry

After first loop==Inteval size 1 entry 
===Looking at Header bb7

After first loop==Inteval size 1 entry 
==Inteval size 1 bb7 
Size of graph: 2
==Inteval size 1 entry 
==Inteval size 3 (bb7 )
===Looking at Header entry


mergingOut bb7
Adding to fixpoint bb7

MergeOut: Checking canReach: bb7
false 
After bracketing
==Inteval size 1 entry 
After first loop==Inteval size 4 entry (bb7 )
Size of graph: 1
==Inteval size 4 entry (bb7 )
==Inteval size 23 entry (bb7 )(__UFO__0 )(__UFO__1 )(__UFO__2 )(__UFO__4 )(__UFO__5 )(__UFO__3 )ERROR 
Looking at entry
Looking at bb7
Looking at __UFO__0
Looking at __UFO__1
Looking at __UFO__2
Looking at __UFO__4
Looking at __UFO__5
Looking at __UFO__3
Looking at ERROR
instantiating mc
instantiated model checker - now model checking
Creating new node: 0:entry
 Picked root node and about to start UFO


========================ITER 0 ========================

Largest node: 1

========REPORT========
BRUNCH_STAT Result UNKNOWN
BRUNCH_STAT Iter 0
BRUNCH_STAT Refine 0
BRUNCH_STAT BoolPost 0
BRUNCH_STAT BoolPostP 0
BRUNCH_STAT CartPost 0
BRUNCH_STAT NodesNum 1

BRUNCH_STAT InterpTime 0.000000e+00
BRUNCH_STAT CoverTimeU 0.000000e+00
BRUNCH_STAT ExprTime 0.000000e+00
BRUNCH_STAT PostTime 0.000000e+00
BRUNCH_STAT CleanTime 0.000000e+00
BRUNCH_STAT UTime 1.200000e-02
BRUNCH_STAT STime 0.000000e+00



************** BRUNCH STATS ***************** 
BRUNCH_STAT aArg.size 1
BRUNCH_STAT ufo.main_loop 1
BRUNCH_STAT ufo.total 0.00
************** BRUNCH STATS END ***************** 

looking at node 0:entry
marked
Creating new node: 1:bb7
	Adding child 1:bb7
Done adding children
Done computing post
Picking next node from future in SAME component bb7

PICKING bb7

looking at node 1:bb7
marked
Creating new node: 2:ERROR
	Adding child 2:ERROR
Creating new node: 3:bb7
	Adding child 3:bb7
Done adding children
Done computing post
Picking next node from future in SAME component bb7

PICKING bb7

looking at node 3:bb7
marked
	Adding child 2:ERROR
Creating new node: 4:bb7
	Adding child 4:bb7
Done adding children

==WIDEN GCNR08=
Done computing post
Looking for head of 5
BB: bb7
Looking for head of 2
BB: __UFO__0
Looking for head of 3
BB: __UFO__1
Looking for head of 4
BB: __UFO__2
Looking for head of 6
BB: __UFO__4
Looking for head of 7
BB: __UFO__5
Looking for head of 8
BB: __UFO__3
Picking next node from future in NEXT component ERROR

PICKING ERROR

looking at node 2:ERROR
marked
Done adding children
Done computing post
ERROR NODE :2:ERROR
0:entry
1:bb7
2:ERROR
3:bb7
4:bb7
Refiner: refine path to ERROR ...
Number of true assumptions: 9
Number of true assumptions: 9



************************

Number of assumptions: 34

	Number of inst assumptions: 30
	Number of node assumptions: 2
Number of TRUE assumptions: 9
	Number of true inst assumptions: 9
	Number of true node assumptions: 0


************************

INTERPOLATING...
DONE INTERPOLATING: # interps =  2
Refiner: Mining labels from interpolants
Refiner: mkInScope ...
ITP SIZE : 17 AFTER SIMP: 19
Refiner: mkInScope: DONE
Conjoining labels
Refiner: mkInScope ...
ITP SIZE : 14 AFTER SIMP: 15
Refiner: mkInScope: DONE
Conjoining labels
Refiner: refine: DONE 


========================ITER 1 ========================

Largest node: 5

========REPORT========
BRUNCH_STAT Result UNKNOWN
BRUNCH_STAT Iter 1
BRUNCH_STAT Refine 0
BRUNCH_STAT BoolPost 0
BRUNCH_STAT BoolPostP 0
BRUNCH_STAT CartPost 0
BRUNCH_STAT NodesNum 5

BRUNCH_STAT InterpTime 0.000000e+00
BRUNCH_STAT CoverTimeU 0.000000e+00
BRUNCH_STAT ExprTime 0.000000e+00
BRUNCH_STAT PostTime 0.000000e+00
BRUNCH_STAT CleanTime 0.000000e+00
BRUNCH_STAT UTime 2.400100e-02
BRUNCH_STAT STime 4.000000e-03



************** BRUNCH STATS ***************** 
BRUNCH_STAT aArg.size 5
BRUNCH_STAT ufo.main_loop 2
BRUNCH_STAT SmartExprSet.add 0.00
BRUNCH_STAT asm_refiner.simplify.assumptions 0.00
BRUNCH_STAT msat.from_expr 0.00
BRUNCH_STAT msat.to_expr 0.00
BRUNCH_STAT refiner.assumptions 0.00
BRUNCH_STAT refiner.assumptions.total 0.00
BRUNCH_STAT refiner.interps 0.00
BRUNCH_STAT refiner.mkInScope 0.00
BRUNCH_STAT refiner.mkInScope.elim_and_simplify 0.00
BRUNCH_STAT refiner.mkInScope.elim_node 0.00
BRUNCH_STAT refiner.mkInScope.elim_other 0.00
BRUNCH_STAT refiner.mkInScope.out_of_scope 0.00
BRUNCH_STAT refiner.mkInScope.propSimp 0.00
BRUNCH_STAT refiner.mkInScope.variants 0.00
BRUNCH_STAT refiner.nnf 0.00
BRUNCH_STAT refiner.pre 0.00
BRUNCH_STAT refiner.total 0.01
BRUNCH_STAT ufo.expand 0.00
BRUNCH_STAT ufo.expand.is_covered 0.00
BRUNCH_STAT ufo.post 0.00
BRUNCH_STAT ufo.total 0.02
BRUNCH_STAT z3.from_expr 0.00
BRUNCH_STAT z3.to_expr 0.00
************** BRUNCH STATS END ***************** 

looking at node 0:entry
not marked
Picking next node from future in SAME component bb7

PICKING bb7

looking at node 1:bb7
not marked

labeling node: 1:bb7
Picking next node from future in SAME component bb7

PICKING bb7

looking at node 3:bb7
not marked

labeling node: 3:bb7
Picking next node from future in SAME component bb7

PICKING bb7

looking at node 4:bb7
marked
	Adding child 2:ERROR
Creating new node: 5:bb7
	Adding child 5:bb7
Done adding children

==WIDEN GCNR08=
Done computing post
Picking next node from future in SAME component bb7

PICKING bb7

looking at node 5:bb7
marked
	Adding child 2:ERROR
Creating new node: 6:bb7
	Adding child 6:bb7
Done adding children

==WIDEN GCNR08=
Done computing post
Looking for head of 5
BB: bb7
Looking for head of 2
BB: __UFO__0
Looking for head of 3
BB: __UFO__1
Looking for head of 4
BB: __UFO__2
Looking for head of 6
BB: __UFO__4
Looking for head of 7
BB: __UFO__5
Looking for head of 8
BB: __UFO__3
Picking next node from future in NEXT component ERROR

PICKING ERROR

looking at node 2:ERROR
marked
Done adding children
Done computing post
ERROR NODE :2:ERROR
0:entry
1:bb7
2:ERROR
3:bb7
4:bb7
5:bb7
6:bb7
Refiner: refine path to ERROR ...
Number of true assumptions: 36
Number of true assumptions: 33
Number of true assumptions: 33



************************

Number of assumptions: 74

	Number of inst assumptions: 64
	Number of node assumptions: 4
Number of TRUE assumptions: 33
	Number of true inst assumptions: 31
	Number of true node assumptions: 1


************************

INTERPOLATING...
DONE INTERPOLATING: # interps =  4
Refiner: Mining labels from interpolants
Refiner: mkInScope ...
ITP SIZE : 17 AFTER SIMP: 18
Refiner: mkInScope: DONE
Conjoining labels
Refiner: mkInScope ...
ITP SIZE : 28 AFTER SIMP: 32
Refiner: mkInScope: DONE
Conjoining labels
Refiner: mkInScope ...
ITP SIZE : 22 AFTER SIMP: 24
Refiner: mkInScope: DONE
Conjoining labels
Refiner: mkInScope ...
ITP SIZE : 9 AFTER SIMP: 13
Refiner: mkInScope: DONE
Conjoining labels
Refiner: refine: DONE 


========================ITER 2 ========================

Largest node: 7

========REPORT========
BRUNCH_STAT Result UNKNOWN
BRUNCH_STAT Iter 2
BRUNCH_STAT Refine 0
BRUNCH_STAT BoolPost 0
BRUNCH_STAT BoolPostP 0
BRUNCH_STAT CartPost 0
BRUNCH_STAT NodesNum 7

BRUNCH_STAT InterpTime 0.000000e+00
BRUNCH_STAT CoverTimeU 0.000000e+00
BRUNCH_STAT ExprTime 0.000000e+00
BRUNCH_STAT PostTime 0.000000e+00
BRUNCH_STAT CleanTime 0.000000e+00
BRUNCH_STAT UTime 4.800300e-02
BRUNCH_STAT STime 8.000000e-03



************** BRUNCH STATS ***************** 
BRUNCH_STAT aArg.size 7
BRUNCH_STAT ufo.main_loop 3
BRUNCH_STAT SmartExprSet.add 0.00
BRUNCH_STAT asm_refiner.simplify.assumptions 0.00
BRUNCH_STAT msat.from_expr 0.00
BRUNCH_STAT msat.to_expr 0.00
BRUNCH_STAT refiner.assumptions 0.01
BRUNCH_STAT refiner.assumptions.total 0.02
BRUNCH_STAT refiner.interps 0.01
BRUNCH_STAT refiner.mkInScope 0.00
BRUNCH_STAT refiner.mkInScope.elim_and_simplify 0.00
BRUNCH_STAT refiner.mkInScope.elim_node 0.00
BRUNCH_STAT refiner.mkInScope.elim_other 0.00
BRUNCH_STAT refiner.mkInScope.out_of_scope 0.00
BRUNCH_STAT refiner.mkInScope.propSimp 0.00
BRUNCH_STAT refiner.mkInScope.variants 0.00
BRUNCH_STAT refiner.nnf 0.00
BRUNCH_STAT refiner.pre 0.00
BRUNCH_STAT refiner.total 0.03
BRUNCH_STAT ufo.expand 0.01
BRUNCH_STAT ufo.expand.is_covered 0.00
BRUNCH_STAT ufo.post 0.00
BRUNCH_STAT ufo.total 0.04
BRUNCH_STAT z3.from_expr 0.00
BRUNCH_STAT z3.to_expr 0.00
************** BRUNCH STATS END ***************** 

looking at node 0:entry
not marked
Picking next node from future in SAME component bb7

PICKING bb7

looking at node 1:bb7
not marked

labeling node: 1:bb7
Picking next node from future in SAME component bb7

PICKING bb7

looking at node 3:bb7
not marked

labeling node: 3:bb7
Picking next node from future in SAME component bb7

PICKING bb7

looking at node 4:bb7
not marked

labeling node: 4:bb7
Picking next node from future in SAME component bb7

PICKING bb7

looking at node 5:bb7
not marked

labeling node: 5:bb7
Picking next node from future in SAME component bb7

PICKING bb7

looking at node 6:bb7
marked
	Adding child 2:ERROR
Creating new node: 7:bb7
	Adding child 7:bb7
Done adding children

==WIDEN GCNR08=
Done computing post
Picking next node from future in SAME component bb7

PICKING bb7

looking at node 7:bb7
marked
	Adding child 2:ERROR
Creating new node: 8:bb7
	Adding child 8:bb7
Done adding children

==WIDEN GCNR08=
Done computing post
Looking for head of 5
BB: bb7
Looking for head of 2
BB: __UFO__0
Looking for head of 3
BB: __UFO__1
Looking for head of 4
BB: __UFO__2
Looking for head of 6
BB: __UFO__4
Looking for head of 7
BB: __UFO__5
Looking for head of 8
BB: __UFO__3
Picking next node from future in NEXT component ERROR

PICKING ERROR

looking at node 2:ERROR
marked
Done adding children
Done computing post
ERROR NODE :2:ERROR
0:entry
1:bb7
2:ERROR
3:bb7
4:bb7
5:bb7
6:bb7
7:bb7
8:bb7
Refiner: refine path to ERROR ...
Number of true assumptions: 52
Number of true assumptions: 51
Number of true assumptions: 51



************************

Number of assumptions: 119

	Number of inst assumptions: 98
	Number of node assumptions: 6
Number of TRUE assumptions: 51
	Number of true inst assumptions: 39
	Number of true node assumptions: 4


************************

INTERPOLATING...
DONE INTERPOLATING: # interps =  6
Refiner: Mining labels from interpolants
Refiner: mkInScope ...
ITP SIZE : 1 AFTER SIMP: 1
Refiner: mkInScope: DONE
Conjoining labels
Refiner: mkInScope ...
ITP SIZE : 1 AFTER SIMP: 1
Refiner: mkInScope: DONE
Conjoining labels
Refiner: mkInScope ...
ITP SIZE : 30 AFTER SIMP: 31
Refiner: mkInScope: DONE
Conjoining labels
Refiner: mkInScope ...
ITP SIZE : 29 AFTER SIMP: 30
Refiner: mkInScope: DONE
Conjoining labels
Refiner: mkInScope ...
ITP SIZE : 27 AFTER SIMP: 28
Refiner: mkInScope: DONE
Conjoining labels
Refiner: mkInScope ...
ITP SIZE : 16 AFTER SIMP: 18
Refiner: mkInScope: DONE
Conjoining labels
Refiner: refine: DONE 


========================ITER 3 ========================

Largest node: 9

========REPORT========
BRUNCH_STAT Result UNKNOWN
BRUNCH_STAT Iter 3
BRUNCH_STAT Refine 0
BRUNCH_STAT BoolPost 0
BRUNCH_STAT BoolPostP 0
BRUNCH_STAT CartPost 0
BRUNCH_STAT NodesNum 9

BRUNCH_STAT InterpTime 0.000000e+00
BRUNCH_STAT CoverTimeU 0.000000e+00
BRUNCH_STAT ExprTime 0.000000e+00
BRUNCH_STAT PostTime 0.000000e+00
BRUNCH_STAT CleanTime 0.000000e+00
BRUNCH_STAT UTime 8.400500e-02
BRUNCH_STAT STime 1.200000e-02



************** BRUNCH STATS ***************** 
BRUNCH_STAT aArg.size 9
BRUNCH_STAT ufo.main_loop 4
BRUNCH_STAT SmartExprSet.add 0.00
BRUNCH_STAT asm_refiner.simplify.assumptions 0.00
BRUNCH_STAT msat.from_expr 0.00
BRUNCH_STAT msat.to_expr 0.00
BRUNCH_STAT refiner.assumptions 0.02
BRUNCH_STAT refiner.assumptions.total 0.03
BRUNCH_STAT refiner.interps 0.02
BRUNCH_STAT refiner.mkInScope 0.00
BRUNCH_STAT refiner.mkInScope.elim_and_simplify 0.00
BRUNCH_STAT refiner.mkInScope.elim_node 0.00
BRUNCH_STAT refiner.mkInScope.elim_other 0.00
BRUNCH_STAT refiner.mkInScope.out_of_scope 0.00
BRUNCH_STAT refiner.mkInScope.propSimp 0.00
BRUNCH_STAT refiner.mkInScope.variants 0.00
BRUNCH_STAT refiner.nnf 0.00
BRUNCH_STAT refiner.pre 0.00
BRUNCH_STAT refiner.total 0.06
BRUNCH_STAT ufo.expand 0.01
BRUNCH_STAT ufo.expand.is_covered 0.00
BRUNCH_STAT ufo.post 0.00
BRUNCH_STAT ufo.total 0.08
BRUNCH_STAT z3.from_expr 0.00
BRUNCH_STAT z3.to_expr 0.01
************** BRUNCH STATS END ***************** 

looking at node 0:entry
not marked
Picking next node from future in SAME component bb7

PICKING bb7

looking at node 1:bb7
not marked

labeling node: 1:bb7
Picking next node from future in SAME component bb7

PICKING bb7

looking at node 3:bb7
not marked

labeling node: 3:bb7
Picking next node from future in SAME component bb7

PICKING bb7

looking at node 4:bb7
not marked

labeling node: 4:bb7
Picking next node from future in SAME component bb7

PICKING bb7

looking at node 5:bb7
not marked

labeling node: 5:bb7
Looking for head of 5
BB: bb7
Looking for head of 2
BB: __UFO__0
Looking for head of 3
BB: __UFO__1
Looking for head of 4
BB: __UFO__2
Looking for head of 6
BB: __UFO__4
Looking for head of 7
BB: __UFO__5
Looking for head of 8
BB: __UFO__3
Picking next node from future in NEXT component ERROR

PICKING ERROR

looking at node 2:ERROR
not marked

labeling node: 2:ERROR
ERROR NODE :2:ERROR

========REPORT========
BRUNCH_STAT Result SAFE
BRUNCH_STAT Iter 4
BRUNCH_STAT Refine 0
BRUNCH_STAT BoolPost 0
BRUNCH_STAT BoolPostP 0
BRUNCH_STAT CartPost 0
BRUNCH_STAT NodesNum 9

BRUNCH_STAT InterpTime 0.000000e+00
BRUNCH_STAT CoverTimeU 0.000000e+00
BRUNCH_STAT ExprTime 0.000000e+00
BRUNCH_STAT PostTime 0.000000e+00
BRUNCH_STAT CleanTime 0.000000e+00
BRUNCH_STAT UTime 8.400500e-02
BRUNCH_STAT STime 1.200000e-02



************** BRUNCH STATS ***************** 
BRUNCH_STAT aArg.size 9
BRUNCH_STAT ufo.main_loop 4
BRUNCH_STAT SmartExprSet.add 0.00
BRUNCH_STAT asm_refiner.simplify.assumptions 0.00
BRUNCH_STAT msat.from_expr 0.00
BRUNCH_STAT msat.to_expr 0.00
BRUNCH_STAT refiner.assumptions 0.02
BRUNCH_STAT refiner.assumptions.total 0.03
BRUNCH_STAT refiner.interps 0.02
BRUNCH_STAT refiner.mkInScope 0.00
BRUNCH_STAT refiner.mkInScope.elim_and_simplify 0.00
BRUNCH_STAT refiner.mkInScope.elim_node 0.00
BRUNCH_STAT refiner.mkInScope.elim_other 0.00
BRUNCH_STAT refiner.mkInScope.out_of_scope 0.00
BRUNCH_STAT refiner.mkInScope.propSimp 0.00
BRUNCH_STAT refiner.mkInScope.variants 0.00
BRUNCH_STAT refiner.nnf 0.00
BRUNCH_STAT refiner.pre 0.00
BRUNCH_STAT refiner.total 0.06
BRUNCH_STAT ufo.expand 0.01
BRUNCH_STAT ufo.expand.is_covered 0.00
BRUNCH_STAT ufo.post 0.00
BRUNCH_STAT ufo.total 0.08
BRUNCH_STAT z3.from_expr 0.00
BRUNCH_STAT z3.to_expr 0.01
************** BRUNCH STATS END ***************** 
 UNREACHABLE: (by interpolants)
Checking invariant
	Checking edge bb7 ==> ERROR
	Checking edge bb7 ==> bb7
	Checking edge bb7 ==> __UFO__4
	Edge unreachable
	Checking edge bb7 ==> __UFO__5
	Edge unreachable
	Checking edge bb7 ==> __UFO__3
	Edge unreachable
Done Checking Invariant
INV holds
program correct: ERROR unreachable
Printing invariant 
ERROR INV: false
bb7 INV: [||
  (((%y.1+(-1*%_0))<=-1)&&((%y.1+(-1*%_1))<=0))&&(((%x.0+(-1*%_0))<=-1)&&((%_0+(-1*%y.1))>=1))
  ((((%_0+(-1*%y.1))>=1)||((%_0+(-1*%y.1))>=0))&&((((%_1+(-1*%x.0))<=-1)&&((%y.1+(-1*%x.0))<=0))||(((%_0+(-1*%y.1))>=1)&&((%y.1+(-1*%_1))<=0))))&&(((%_0+(-1*%y.1))>=1)||((%_0+(-1*%y.1))>=0))
  (((%y.1+(-1*%x.0))<=0)||[&&
    (%y.1+(-1*%_0))<=-1
    (%y.1+(-1*%_1))<=0
    ((%y.1+(-1*%x.0))<=0)||(((%y.1+(-1*%_1))<=0)&&(((%y.1+(-1*%_0))<=-1)||((%y.1+(-1*%x.0))<=0)))
    ((%y.1+(-1*%x.0))<=0)||(((%y.1+(-1*%_1))<=0)&&(((%y.1+(-1*%x.0))<=0)||(((%y.1+(-1*%_1))<=0)&&(((%y.1+(-1*%_0))<=-1)||((%y.1+(-1*%x.0))<=0)))))
  ])&&((((%y.1+(-1*%x.0))<=0)&&((%y.1+(-1*%_0))<=0))||(((%y.1+(-1*%_0))<=0)&&(((%y.1+(-1*%_0))<=-1)||((%y.1+(-1*%x.0))<=0))))
]
Destructing MC
