Working directory /tmp/ufo-zq72OS
/home/aws/git/ufo/Release/bin/ufo --lawi temp/19.o.o0.bc --ufo-trace=temp/19.noneO0.trace --ufo-post=NONE --ufo-increfine=REF4 --ufo-dvo=true --ufo-simplify=false --ufo-consrefine=true
cleanMerge: entry
cleanMerge: %_0
cleanMerge: %_1
cleanMerge: %_2
cleanMerge: bb
cleanMerge: %_3
cleanMerge: bb1
cleanMerge: %_4
cleanMerge: %_5
cleanMerge: %y.1_1
cleanMerge: %x.0_1
cleanMerge: %_0
cleanMerge: %_1
cleanMerge: %y.1
cleanMerge: %y.1_1
cleanMerge: %x.0
cleanMerge: %x.0_1
cleanMerge: bb7
cleanMerge: %_11
cleanMerge: %_12
cleanMerge: bb3
cleanMerge: %_6
cleanMerge: %_7
cleanMerge: %_8
cleanMerge: bb5
cleanMerge: %_10
cleanMerge: bb4
cleanMerge: %_9
cleanMerge: %_0
cleanMerge: entry
cleanMerge: %_1
cleanMerge: %_2
cleanMerge: bb
cleanMerge: %_3
cleanMerge: bb1
cleanMerge: %_4
cleanMerge: %_5
cleanMerge: %y.1_1
cleanMerge: %x.0_1
cleanMerge: %_0
cleanMerge: %y.1
cleanMerge: %x.0
cleanMerge: %_1
cleanMerge: %y.1_1
cleanMerge: %x.0_1
cleanMerge: bb7
cleanMerge: %_11
cleanMerge: %_12
cleanMerge: bb3
cleanMerge: %_6
cleanMerge: %_7
cleanMerge: %_8
cleanMerge: bb5
cleanMerge: %_10
cleanMerge: bb4
cleanMerge: %_9
cleanMerge: %_0
cleanMerge: %y.1
cleanMerge: %x.0
cleanMerge: %_1
cleanMerge: %y.1_1
cleanMerge: %x.0_1
cleanMerge: bb7
cleanMerge: %_11
cleanMerge: %_12
cleanMerge: bb3
cleanMerge: %_6
cleanMerge: %_7
cleanMerge: %_8
cleanMerge: bb5
cleanMerge: %_10
cleanMerge: bb4
cleanMerge: %_9
cleanMerge: %_0
cleanMerge: %y.1
cleanMerge: %x.0
cleanMerge: %_1
cleanMerge: %y.1_1
cleanMerge: %x.0_1
cleanMerge: bb7
cleanMerge: %_11
cleanMerge: %_12
cleanMerge: bb3
cleanMerge: %_6
cleanMerge: %_7
cleanMerge: %_8
cleanMerge: bb5
cleanMerge: %_10
cleanMerge: bb4
cleanMerge: %_9
cleanMerge: %_0
cleanMerge: %_1
cleanMerge: entry
cleanMerge: %_2
cleanMerge: bb
cleanMerge: %_3
cleanMerge: bb1
cleanMerge: %_4
cleanMerge: %_5
cleanMerge: %y.1_1
cleanMerge: %x.0_1
cleanMerge: %_0
cleanMerge: %y.1
cleanMerge: %x.0
cleanMerge: %_1
cleanMerge: %y.1_1
cleanMerge: %x.0_1
cleanMerge: bb7
cleanMerge: %_11
cleanMerge: %_12
cleanMerge: bb3
cleanMerge: %_6
cleanMerge: %_7
cleanMerge: %_8
cleanMerge: bb5
cleanMerge: %_10
cleanMerge: bb4
cleanMerge: %_9
cleanMerge: %_0
cleanMerge: %y.1
cleanMerge: %x.0
cleanMerge: %_1
cleanMerge: %y.1_1
cleanMerge: %x.0_1
cleanMerge: bb7
cleanMerge: %_11
cleanMerge: %_12
cleanMerge: bb3
cleanMerge: %_6
cleanMerge: %_7
cleanMerge: %_8
cleanMerge: bb5
cleanMerge: %_10
cleanMerge: bb4
cleanMerge: %_9
cleanMerge: %_0
cleanMerge: %y.1
cleanMerge: %x.0
cleanMerge: %_1
cleanMerge: %y.1_1
cleanMerge: %x.0_1
cleanMerge: bb7
cleanMerge: %_11
cleanMerge: %_12
cleanMerge: bb3
cleanMerge: %_6
cleanMerge: %_7
cleanMerge: %_8
cleanMerge: bb5
cleanMerge: %_10
cleanMerge: bb4
cleanMerge: %_9
cleanMerge: %_0
cleanMerge: %y.1
cleanMerge: %x.0
cleanMerge: %_1
cleanMerge: %y.1_1
cleanMerge: %x.0_1
cleanMerge: bb7
cleanMerge: %_11
cleanMerge: %_12
cleanMerge: bb3
cleanMerge: %_6
cleanMerge: %_7
cleanMerge: %_8
cleanMerge: bb5
cleanMerge: %_10
cleanMerge: bb4
cleanMerge: %_9
cleanMerge: %_0
cleanMerge: %y.1
cleanMerge: %x.0
cleanMerge: %_1
cleanMerge: %y.1_1
cleanMerge: %x.0_1
cleanMerge: bb7
cleanMerge: %_11
cleanMerge: %_12
cleanMerge: bb3
cleanMerge: %_6
cleanMerge: %_7
cleanMerge: %_8
cleanMerge: bb5
cleanMerge: %_10
cleanMerge: bb4
cleanMerge: %_9
