Working directory /tmp/ufo-DcZ4cF
/home/aws/git/ufo/Release/bin/ufo --lawi temp/20.o.o0.bc --ufo-trace=temp/20.noneO0.trace --ufo-post=NONE --ufo-increfine=REF4 --ufo-dvo=true --ufo-simplify=false --ufo-consrefine=true
cleanMerge: entry
cleanMerge: %_0
cleanMerge: %_1
cleanMerge: %_2
cleanMerge: %_3
cleanMerge: %_4
cleanMerge: %_5
cleanMerge: %_6
cleanMerge: %m.1_1
cleanMerge: %j.0_1
cleanMerge: %y.1_1
cleanMerge: %x.1_1
cleanMerge: %_0
cleanMerge: %_1
cleanMerge: %_2
cleanMerge: %m.1
cleanMerge: %m.1_1
cleanMerge: %j.0
cleanMerge: %j.0_1
cleanMerge: %y.1
cleanMerge: %y.1_1
cleanMerge: %x.1
cleanMerge: %x.1_1
cleanMerge: bb7
cleanMerge: %_11
cleanMerge: %_12
cleanMerge: bb1
cleanMerge: %_7
cleanMerge: %y.0.v
cleanMerge: %y.0
cleanMerge: %x.0.v
cleanMerge: %x.0
cleanMerge: %_8
cleanMerge: %_9
cleanMerge: %m.0
cleanMerge: %_10
cleanMerge: %_0
cleanMerge: %_2
cleanMerge: entry
cleanMerge: %_1
cleanMerge: %_3
cleanMerge: %_4
cleanMerge: %_5
cleanMerge: %_6
cleanMerge: %m.1_1
cleanMerge: %j.0_1
cleanMerge: %y.1_1
cleanMerge: %x.1_1
cleanMerge: %_0
cleanMerge: %_2
cleanMerge: %m.1
cleanMerge: %j.0
cleanMerge: %y.1
cleanMerge: %x.1
cleanMerge: %_1
cleanMerge: %m.1_1
cleanMerge: %j.0_1
cleanMerge: %y.1_1
cleanMerge: %x.1_1
cleanMerge: bb7
cleanMerge: %_11
cleanMerge: %_12
cleanMerge: bb1
cleanMerge: %_7
cleanMerge: %y.0.v
cleanMerge: %y.0
cleanMerge: %x.0.v
cleanMerge: %x.0
cleanMerge: %_8
cleanMerge: %_9
cleanMerge: %m.0
cleanMerge: %_10
cleanMerge: %_0
cleanMerge: %_2
cleanMerge: %m.1
cleanMerge: %j.0
cleanMerge: %y.1
cleanMerge: %x.1
cleanMerge: %_1
cleanMerge: %m.1_1
cleanMerge: %j.0_1
cleanMerge: %y.1_1
cleanMerge: %x.1_1
cleanMerge: bb7
cleanMerge: %_11
cleanMerge: %_12
cleanMerge: bb1
cleanMerge: %_7
cleanMerge: %y.0.v
cleanMerge: %y.0
cleanMerge: %x.0.v
cleanMerge: %x.0
cleanMerge: %_8
cleanMerge: %_9
cleanMerge: %m.0
cleanMerge: %_10
cleanMerge: %_0
cleanMerge: %_2
cleanMerge: %m.1
cleanMerge: %j.0
cleanMerge: %y.1
cleanMerge: %x.1
cleanMerge: %_1
cleanMerge: %m.1_1
cleanMerge: %j.0_1
cleanMerge: %y.1_1
cleanMerge: %x.1_1
cleanMerge: bb7
cleanMerge: %_11
cleanMerge: %_12
cleanMerge: bb1
cleanMerge: %_7
cleanMerge: %y.0.v
cleanMerge: %y.0
cleanMerge: %x.0.v
cleanMerge: %x.0
cleanMerge: %_8
cleanMerge: %_9
cleanMerge: %m.0
cleanMerge: %_10
