Working directory /tmp/ufo-1MWbF5
/home/aws/git/ufo/Release/bin/ufo --lawi temp/24.o.o0.bc --ufo-trace=temp/24.noneO0.trace --ufo-post=NONE --ufo-increfine=REF4 --ufo-dvo=true --ufo-simplify=false --ufo-consrefine=true
cleanMerge: entry
cleanMerge: %_0
cleanMerge: %i.0_1
cleanMerge: %_0
cleanMerge: %i.0
cleanMerge: %i.0_1
cleanMerge: bb8
cleanMerge: %_8
cleanMerge: %j.0_1
cleanMerge: %_0
cleanMerge: %i.0
cleanMerge: %j.0
cleanMerge: %j.0_1
cleanMerge: bb6
cleanMerge: %_6
cleanMerge: %k.0_1
cleanMerge: %_0
cleanMerge: %i.0
cleanMerge: %j.0
cleanMerge: %k.0
cleanMerge: %k.0_1
cleanMerge: bb4
cleanMerge: %_4
cleanMerge: bb2
cleanMerge: %_1
cleanMerge: %_2
cleanMerge: bb3
cleanMerge: %_3
cleanMerge: entry
cleanMerge: %_0
cleanMerge: %i.0_1
cleanMerge: %i.0
cleanMerge: %_0
cleanMerge: %i.0_1
cleanMerge: bb8
cleanMerge: %_8
cleanMerge: %j.0_1
cleanMerge: %i.0
cleanMerge: %j.0
cleanMerge: %_0
cleanMerge: %j.0_1
cleanMerge: bb6
cleanMerge: %_6
cleanMerge: %k.0_1
cleanMerge: %i.0
cleanMerge: %j.0
cleanMerge: %k.0
cleanMerge: %_0
cleanMerge: %k.0_1
cleanMerge: bb4
cleanMerge: %_4
cleanMerge: bb2
cleanMerge: %_1
cleanMerge: %_2
cleanMerge: bb3
cleanMerge: %_3
cleanMerge: %i.0
cleanMerge: %j.0
cleanMerge: %k.0
cleanMerge: %_0
cleanMerge: %j.0_1
cleanMerge: %k.0_1
cleanMerge: bb4
cleanMerge: %_4
cleanMerge: bb5
cleanMerge: %_5
cleanMerge: %i.0
cleanMerge: %j.0
cleanMerge: %_0
cleanMerge: %j.0_1
cleanMerge: bb6
cleanMerge: %_6
cleanMerge: %k.0_1
cleanMerge: %i.0
cleanMerge: %j.0
cleanMerge: %k.0
cleanMerge: %_0
cleanMerge: %k.0_1
cleanMerge: bb4
cleanMerge: %_4
cleanMerge: bb2
cleanMerge: %_1
cleanMerge: %_2
cleanMerge: bb3
cleanMerge: %_3
cleanMerge: %_0
cleanMerge: entry
cleanMerge: %i.0_1
cleanMerge: %i.0
cleanMerge: %_0
cleanMerge: %i.0_1
cleanMerge: bb8
cleanMerge: %_8
cleanMerge: %j.0_1
cleanMerge: %i.0
cleanMerge: %j.0
cleanMerge: %_0
cleanMerge: %j.0_1
cleanMerge: bb6
cleanMerge: %_6
cleanMerge: %k.0_1
cleanMerge: %i.0
cleanMerge: %j.0
cleanMerge: %k.0
cleanMerge: %_0
cleanMerge: %k.0_1
cleanMerge: bb4
cleanMerge: %_4
cleanMerge: bb2
cleanMerge: %_1
cleanMerge: %_2
cleanMerge: bb3
cleanMerge: %_3
cleanMerge: %i.0
cleanMerge: %j.0
cleanMerge: %k.0
cleanMerge: %_0
cleanMerge: %k.0_1
cleanMerge: bb4
cleanMerge: %_4
cleanMerge: bb2
cleanMerge: %_1
cleanMerge: %_2
cleanMerge: bb3
cleanMerge: %_3
cleanMerge: %i.0
cleanMerge: %j.0
cleanMerge: %k.0
cleanMerge: %_0
cleanMerge: %k.0_1
cleanMerge: bb4
cleanMerge: %_4
cleanMerge: bb2
cleanMerge: %_1
cleanMerge: %_2
cleanMerge: bb3
cleanMerge: %_3
cleanMerge: %i.0
cleanMerge: %j.0
cleanMerge: %k.0
cleanMerge: %_0
cleanMerge: %j.0_1
cleanMerge: %k.0_1
cleanMerge: bb4
cleanMerge: %_4
cleanMerge: bb5
cleanMerge: %_5
cleanMerge: %i.0
cleanMerge: %j.0
cleanMerge: %_0
cleanMerge: %j.0_1
cleanMerge: bb6
cleanMerge: %_6
cleanMerge: %k.0_1
cleanMerge: %i.0
cleanMerge: %j.0
cleanMerge: %k.0
cleanMerge: %_0
cleanMerge: %k.0_1
cleanMerge: bb4
cleanMerge: %_4
cleanMerge: bb2
cleanMerge: %_1
cleanMerge: %_2
cleanMerge: bb3
cleanMerge: %_3
cleanMerge: %_0
cleanMerge: entry
cleanMerge: %i.0_1
cleanMerge: %i.0
cleanMerge: %_0
cleanMerge: %i.0_1
cleanMerge: bb8
cleanMerge: %_8
cleanMerge: %j.0_1
cleanMerge: %i.0
cleanMerge: %j.0
cleanMerge: %_0
cleanMerge: %j.0_1
cleanMerge: bb6
cleanMerge: %_6
cleanMerge: %k.0_1
cleanMerge: %i.0
cleanMerge: %j.0
cleanMerge: %k.0
cleanMerge: %_0
cleanMerge: %k.0_1
cleanMerge: bb4
cleanMerge: %_4
cleanMerge: bb2
cleanMerge: %_1
cleanMerge: %_2
cleanMerge: bb3
cleanMerge: %_3
cleanMerge: %i.0
cleanMerge: %j.0
cleanMerge: %k.0
cleanMerge: %_0
cleanMerge: %k.0_1
cleanMerge: bb4
cleanMerge: %_4
cleanMerge: bb2
cleanMerge: %_1
cleanMerge: %_2
cleanMerge: bb3
cleanMerge: %_3
cleanMerge: %i.0
cleanMerge: %j.0
cleanMerge: %k.0
cleanMerge: %_0
cleanMerge: %k.0_1
cleanMerge: bb4
cleanMerge: %_4
cleanMerge: bb2
cleanMerge: %_1
cleanMerge: %_2
cleanMerge: bb3
cleanMerge: %_3
cleanMerge: %i.0
cleanMerge: %j.0
cleanMerge: %k.0
cleanMerge: %_0
cleanMerge: %j.0_1
cleanMerge: %k.0_1
cleanMerge: bb4
cleanMerge: %_4
cleanMerge: bb5
cleanMerge: %_5
cleanMerge: %i.0
cleanMerge: %j.0
cleanMerge: %_0
cleanMerge: %j.0_1
cleanMerge: bb6
cleanMerge: %_6
cleanMerge: %k.0_1
cleanMerge: %i.0
cleanMerge: %j.0
cleanMerge: %k.0
cleanMerge: %_0
cleanMerge: %k.0_1
cleanMerge: bb4
cleanMerge: %_4
cleanMerge: bb2
cleanMerge: %_1
cleanMerge: %_2
cleanMerge: bb3
cleanMerge: %_3
cleanMerge: %i.0
cleanMerge: %j.0
cleanMerge: %k.0
cleanMerge: %_0
cleanMerge: %k.0_1
cleanMerge: bb4
cleanMerge: %_4
cleanMerge: bb2
cleanMerge: %_1
cleanMerge: %_2
cleanMerge: bb3
cleanMerge: %_3
cleanMerge: %i.0
cleanMerge: %j.0
cleanMerge: %k.0
cleanMerge: %_0
cleanMerge: %j.0_1
cleanMerge: %k.0_1
cleanMerge: bb4
cleanMerge: %_4
cleanMerge: bb5
cleanMerge: %_5
cleanMerge: %i.0
cleanMerge: %j.0
cleanMerge: %_0
cleanMerge: %j.0_1
cleanMerge: bb6
cleanMerge: %_6
cleanMerge: %k.0_1
