Working directory /tmp/ufo-T8ujVe
/home/aws/git/ufo/Release/bin/ufo --lawi temp/25.o.o0.bc --ufo-trace=temp/25.noneO0.trace --ufo-post=NONE --ufo-increfine=REF4 --ufo-dvo=true --ufo-simplify=false --ufo-consrefine=true
cleanMerge: entry
cleanMerge: %j.1_1
cleanMerge: %i.1_1
cleanMerge: %y.0_1
cleanMerge: %x.0_1
cleanMerge: %j.1
cleanMerge: %j.1_1
cleanMerge: %i.1
cleanMerge: %i.1_1
cleanMerge: %y.0
cleanMerge: %y.0_1
cleanMerge: %x.0
cleanMerge: %x.0_1
cleanMerge: bb
cleanMerge: %_0
cleanMerge: %_1
cleanMerge: %j.0_1
cleanMerge: %i.0_1
cleanMerge: %j.1
cleanMerge: %i.1
cleanMerge: %y.0
cleanMerge: %x.0
cleanMerge: %j.0
cleanMerge: %j.0_1
cleanMerge: %i.0
cleanMerge: %i.0_1
cleanMerge: bb1
cleanMerge: %_2
cleanMerge: %_3
cleanMerge: bb2
cleanMerge: %_4
cleanMerge: bb3
cleanMerge: %_5
cleanMerge: bb4
cleanMerge: %_6
cleanMerge: %j.1
cleanMerge: %j.1_1
cleanMerge: %i.1
cleanMerge: %i.1_1
cleanMerge: %y.0
cleanMerge: %y.0_1
cleanMerge: %x.0
cleanMerge: %x.0_1
cleanMerge: %j.0
cleanMerge: %j.0_1
cleanMerge: %i.0
cleanMerge: %i.0_1
cleanMerge: bb1
cleanMerge: %_2
cleanMerge: %_3
cleanMerge: bb6
cleanMerge: %_7
cleanMerge: bb8
cleanMerge: %_10
cleanMerge: bb7
cleanMerge: %_8
cleanMerge: %_9
cleanMerge: entry
cleanMerge: %j.1_1
cleanMerge: %i.1_1
cleanMerge: %y.0_1
cleanMerge: %x.0_1
cleanMerge: %j.1
cleanMerge: %i.1
cleanMerge: %y.0
cleanMerge: %x.0
cleanMerge: %j.1_1
cleanMerge: %i.1_1
cleanMerge: %y.0_1
cleanMerge: %x.0_1
cleanMerge: bb
cleanMerge: %_0
cleanMerge: %_1
cleanMerge: %j.0_1
cleanMerge: %i.0_1
cleanMerge: %j.1
cleanMerge: %i.1
cleanMerge: %y.0
cleanMerge: %x.0
cleanMerge: %j.0
cleanMerge: %i.0
cleanMerge: %j.0_1
cleanMerge: %i.0_1
cleanMerge: bb1
cleanMerge: %_2
cleanMerge: %_3
cleanMerge: bb2
cleanMerge: %_4
cleanMerge: bb3
cleanMerge: %_5
cleanMerge: bb4
cleanMerge: %_6
cleanMerge: %j.1
cleanMerge: %i.1
cleanMerge: %y.0
cleanMerge: %x.0
cleanMerge: %j.0
cleanMerge: %i.0
cleanMerge: %j.0_1
cleanMerge: %i.0_1
cleanMerge: bb1
cleanMerge: %_2
cleanMerge: %_3
cleanMerge: bb2
cleanMerge: %_4
cleanMerge: bb3
cleanMerge: %_5
cleanMerge: bb4
cleanMerge: %_6
cleanMerge: %j.1
cleanMerge: %i.1
cleanMerge: %y.0
cleanMerge: %x.0
cleanMerge: %j.0
cleanMerge: %i.0
cleanMerge: %j.0_1
cleanMerge: %i.0_1
cleanMerge: bb1
cleanMerge: %_2
cleanMerge: %_3
cleanMerge: bb2
cleanMerge: %_4
cleanMerge: bb3
cleanMerge: %_5
cleanMerge: bb4
cleanMerge: %_6
cleanMerge: %j.1
cleanMerge: %i.1
cleanMerge: %y.0
cleanMerge: %x.0
cleanMerge: %j.0
cleanMerge: %i.0
cleanMerge: %j.1_1
cleanMerge: %i.1_1
cleanMerge: %y.0_1
cleanMerge: %x.0_1
cleanMerge: %j.0_1
cleanMerge: %i.0_1
cleanMerge: bb1
cleanMerge: %_2
cleanMerge: %_3
cleanMerge: bb6
cleanMerge: %_7
cleanMerge: bb8
cleanMerge: %_10
cleanMerge: bb7
cleanMerge: %_8
cleanMerge: %_9
cleanMerge: %j.1
cleanMerge: %i.1
cleanMerge: %y.0
cleanMerge: %x.0
cleanMerge: %j.1_1
cleanMerge: %i.1_1
cleanMerge: %y.0_1
cleanMerge: %x.0_1
cleanMerge: bb
cleanMerge: %_0
cleanMerge: %_1
cleanMerge: %j.0_1
cleanMerge: %i.0_1
cleanMerge: %j.1
cleanMerge: %i.1
cleanMerge: %y.0
cleanMerge: %x.0
cleanMerge: %j.0
cleanMerge: %i.0
cleanMerge: %j.1_1
cleanMerge: %i.1_1
cleanMerge: %y.0_1
cleanMerge: %x.0_1
cleanMerge: %j.0_1
cleanMerge: %i.0_1
cleanMerge: bb1
cleanMerge: %_2
cleanMerge: %_3
cleanMerge: bb6
cleanMerge: %_7
cleanMerge: bb8
cleanMerge: %_10
cleanMerge: bb7
cleanMerge: %_8
cleanMerge: %_9
cleanMerge: entry
cleanMerge: %j.1_1
cleanMerge: %i.1_1
cleanMerge: %y.0_1
cleanMerge: %x.0_1
cleanMerge: %j.1
cleanMerge: %i.1
cleanMerge: %y.0
cleanMerge: %x.0
cleanMerge: %j.1_1
cleanMerge: %i.1_1
cleanMerge: %y.0_1
cleanMerge: %x.0_1
cleanMerge: bb
cleanMerge: %_0
cleanMerge: %_1
cleanMerge: %j.0_1
cleanMerge: %i.0_1
cleanMerge: %j.1
cleanMerge: %i.1
cleanMerge: %y.0
cleanMerge: %x.0
cleanMerge: %j.0
cleanMerge: %i.0
cleanMerge: %j.0_1
cleanMerge: %i.0_1
cleanMerge: bb1
cleanMerge: %_2
cleanMerge: %_3
cleanMerge: bb2
cleanMerge: %_4
cleanMerge: bb3
cleanMerge: %_5
cleanMerge: bb4
cleanMerge: %_6
cleanMerge: %j.1
cleanMerge: %i.1
cleanMerge: %y.0
cleanMerge: %x.0
cleanMerge: %j.0
cleanMerge: %i.0
cleanMerge: %j.0_1
cleanMerge: %i.0_1
cleanMerge: bb1
cleanMerge: %_2
cleanMerge: %_3
cleanMerge: bb2
cleanMerge: %_4
cleanMerge: bb3
cleanMerge: %_5
cleanMerge: bb4
cleanMerge: %_6
cleanMerge: %j.1
cleanMerge: %i.1
cleanMerge: %y.0
cleanMerge: %x.0
cleanMerge: %j.0
cleanMerge: %i.0
cleanMerge: %j.0_1
cleanMerge: %i.0_1
cleanMerge: bb1
cleanMerge: %_2
cleanMerge: %_3
cleanMerge: bb2
cleanMerge: %_4
cleanMerge: bb3
cleanMerge: %_5
cleanMerge: bb4
cleanMerge: %_6
cleanMerge: %j.1
cleanMerge: %i.1
cleanMerge: %y.0
cleanMerge: %x.0
cleanMerge: %j.0
cleanMerge: %i.0
cleanMerge: %j.1_1
cleanMerge: %i.1_1
cleanMerge: %y.0_1
cleanMerge: %x.0_1
cleanMerge: %j.0_1
cleanMerge: %i.0_1
cleanMerge: bb1
cleanMerge: %_2
cleanMerge: %_3
cleanMerge: bb6
cleanMerge: %_7
cleanMerge: bb8
cleanMerge: %_10
cleanMerge: bb7
cleanMerge: %_8
cleanMerge: %_9
cleanMerge: %j.1
cleanMerge: %i.1
cleanMerge: %y.0
cleanMerge: %x.0
cleanMerge: %j.1_1
cleanMerge: %i.1_1
cleanMerge: %y.0_1
cleanMerge: %x.0_1
cleanMerge: bb
cleanMerge: %_0
cleanMerge: %_1
cleanMerge: %j.0_1
cleanMerge: %i.0_1
cleanMerge: %j.1
cleanMerge: %i.1
cleanMerge: %y.0
cleanMerge: %x.0
cleanMerge: %j.0
cleanMerge: %i.0
cleanMerge: %j.0_1
cleanMerge: %i.0_1
cleanMerge: bb1
cleanMerge: %_2
cleanMerge: %_3
cleanMerge: bb2
cleanMerge: %_4
cleanMerge: bb3
cleanMerge: %_5
cleanMerge: bb4
cleanMerge: %_6
cleanMerge: %j.1
cleanMerge: %i.1
cleanMerge: %y.0
cleanMerge: %x.0
cleanMerge: %j.0
cleanMerge: %i.0
cleanMerge: %j.1_1
cleanMerge: %i.1_1
cleanMerge: %y.0_1
cleanMerge: %x.0_1
cleanMerge: %j.0_1
cleanMerge: %i.0_1
cleanMerge: bb1
cleanMerge: %_2
cleanMerge: %_3
cleanMerge: bb6
cleanMerge: %_7
cleanMerge: bb8
cleanMerge: %_10
cleanMerge: bb7
cleanMerge: %_8
cleanMerge: %_9
cleanMerge: %j.1
cleanMerge: %i.1
cleanMerge: %y.0
cleanMerge: %x.0
cleanMerge: %j.1_1
cleanMerge: %i.1_1
cleanMerge: %y.0_1
cleanMerge: %x.0_1
cleanMerge: bb
cleanMerge: %_0
cleanMerge: %_1
cleanMerge: %j.0_1
cleanMerge: %i.0_1
cleanMerge: %j.1
cleanMerge: %i.1
cleanMerge: %y.0
cleanMerge: %x.0
cleanMerge: %j.0
cleanMerge: %i.0
cleanMerge: %j.1_1
cleanMerge: %i.1_1
cleanMerge: %y.0_1
cleanMerge: %x.0_1
cleanMerge: %j.0_1
cleanMerge: %i.0_1
cleanMerge: bb1
cleanMerge: %_2
cleanMerge: %_3
cleanMerge: bb6
cleanMerge: %_7
cleanMerge: bb8
cleanMerge: %_10
cleanMerge: bb7
cleanMerge: %_8
cleanMerge: %_9
cleanMerge: entry
cleanMerge: %j.1_1
cleanMerge: %i.1_1
cleanMerge: %y.0_1
cleanMerge: %x.0_1
cleanMerge: %j.1
cleanMerge: %i.1
cleanMerge: %y.0
cleanMerge: %x.0
cleanMerge: %j.1_1
cleanMerge: %i.1_1
cleanMerge: %y.0_1
cleanMerge: %x.0_1
cleanMerge: bb
cleanMerge: %_0
cleanMerge: %_1
cleanMerge: %j.0_1
cleanMerge: %i.0_1
cleanMerge: %j.1
cleanMerge: %i.1
cleanMerge: %y.0
cleanMerge: %x.0
cleanMerge: %j.0
cleanMerge: %i.0
cleanMerge: %j.0_1
cleanMerge: %i.0_1
cleanMerge: bb1
cleanMerge: %_2
cleanMerge: %_3
cleanMerge: bb2
cleanMerge: %_4
cleanMerge: bb3
cleanMerge: %_5
cleanMerge: bb4
cleanMerge: %_6
cleanMerge: %j.1
cleanMerge: %i.1
cleanMerge: %y.0
cleanMerge: %x.0
cleanMerge: %j.0
cleanMerge: %i.0
cleanMerge: %j.0_1
cleanMerge: %i.0_1
cleanMerge: bb1
cleanMerge: %_2
cleanMerge: %_3
cleanMerge: bb2
cleanMerge: %_4
cleanMerge: bb3
cleanMerge: %_5
cleanMerge: bb4
cleanMerge: %_6
cleanMerge: %j.1
cleanMerge: %i.1
cleanMerge: %y.0
cleanMerge: %x.0
cleanMerge: %j.0
cleanMerge: %i.0
cleanMerge: %j.0_1
cleanMerge: %i.0_1
cleanMerge: bb1
cleanMerge: %_2
cleanMerge: %_3
cleanMerge: bb2
cleanMerge: %_4
cleanMerge: bb3
cleanMerge: %_5
cleanMerge: bb4
cleanMerge: %_6
cleanMerge: %j.1
cleanMerge: %i.1
cleanMerge: %y.0
cleanMerge: %x.0
cleanMerge: %j.0
cleanMerge: %i.0
cleanMerge: %j.1_1
cleanMerge: %i.1_1
cleanMerge: %y.0_1
cleanMerge: %x.0_1
cleanMerge: %j.0_1
cleanMerge: %i.0_1
cleanMerge: bb1
cleanMerge: %_2
cleanMerge: %_3
cleanMerge: bb6
cleanMerge: %_7
cleanMerge: bb8
cleanMerge: %_10
cleanMerge: bb7
cleanMerge: %_8
cleanMerge: %_9
cleanMerge: %j.1
cleanMerge: %i.1
cleanMerge: %y.0
cleanMerge: %x.0
cleanMerge: %j.1_1
cleanMerge: %i.1_1
cleanMerge: %y.0_1
cleanMerge: %x.0_1
cleanMerge: bb
cleanMerge: %_0
cleanMerge: %_1
cleanMerge: %j.0_1
cleanMerge: %i.0_1
cleanMerge: %j.1
cleanMerge: %i.1
cleanMerge: %y.0
cleanMerge: %x.0
cleanMerge: %j.0
cleanMerge: %i.0
cleanMerge: %j.0_1
cleanMerge: %i.0_1
cleanMerge: bb1
cleanMerge: %_2
cleanMerge: %_3
cleanMerge: bb2
cleanMerge: %_4
cleanMerge: bb3
cleanMerge: %_5
cleanMerge: bb4
cleanMerge: %_6
cleanMerge: %j.1
cleanMerge: %i.1
cleanMerge: %y.0
cleanMerge: %x.0
cleanMerge: %j.0
cleanMerge: %i.0
cleanMerge: %j.0_1
cleanMerge: %i.0_1
cleanMerge: bb1
cleanMerge: %_2
cleanMerge: %_3
cleanMerge: bb2
cleanMerge: %_4
cleanMerge: bb3
cleanMerge: %_5
cleanMerge: bb4
cleanMerge: %_6
cleanMerge: %j.1
cleanMerge: %i.1
cleanMerge: %y.0
cleanMerge: %x.0
cleanMerge: %j.0
cleanMerge: %i.0
cleanMerge: %j.0_1
cleanMerge: %i.0_1
cleanMerge: bb1
cleanMerge: %_2
cleanMerge: %_3
cleanMerge: bb2
cleanMerge: %_4
cleanMerge: bb3
cleanMerge: %_5
cleanMerge: bb4
cleanMerge: %_6
cleanMerge: %j.1
cleanMerge: %i.1
cleanMerge: %y.0
cleanMerge: %x.0
cleanMerge: %j.0
cleanMerge: %i.0
cleanMerge: %j.1_1
cleanMerge: %i.1_1
cleanMerge: %y.0_1
cleanMerge: %x.0_1
cleanMerge: %j.0_1
cleanMerge: %i.0_1
cleanMerge: bb1
cleanMerge: %_2
cleanMerge: %_3
cleanMerge: bb6
cleanMerge: %_7
cleanMerge: bb8
cleanMerge: %_10
cleanMerge: bb7
cleanMerge: %_8
cleanMerge: %_9
cleanMerge: %j.1
cleanMerge: %i.1
cleanMerge: %y.0
cleanMerge: %x.0
cleanMerge: %j.1_1
cleanMerge: %i.1_1
cleanMerge: %y.0_1
cleanMerge: %x.0_1
cleanMerge: bb
cleanMerge: %_0
cleanMerge: %_1
cleanMerge: %j.0_1
cleanMerge: %i.0_1
cleanMerge: %j.1
cleanMerge: %i.1
cleanMerge: %y.0
cleanMerge: %x.0
cleanMerge: %j.0
cleanMerge: %i.0
cleanMerge: %j.1_1
cleanMerge: %i.1_1
cleanMerge: %y.0_1
cleanMerge: %x.0_1
cleanMerge: %j.0_1
cleanMerge: %i.0_1
cleanMerge: bb1
cleanMerge: %_2
cleanMerge: %_3
cleanMerge: bb6
cleanMerge: %_7
cleanMerge: bb8
cleanMerge: %_10
cleanMerge: bb7
cleanMerge: %_8
cleanMerge: %_9
cleanMerge: entry
cleanMerge: %j.1_1
cleanMerge: %i.1_1
cleanMerge: %y.0_1
cleanMerge: %x.0_1
cleanMerge: %j.1
cleanMerge: %i.1
cleanMerge: %y.0
cleanMerge: %x.0
cleanMerge: %j.1_1
cleanMerge: %i.1_1
cleanMerge: %y.0_1
cleanMerge: %x.0_1
cleanMerge: bb
cleanMerge: %_0
cleanMerge: %_1
cleanMerge: %j.0_1
cleanMerge: %i.0_1
cleanMerge: %j.1
cleanMerge: %i.1
cleanMerge: %y.0
cleanMerge: %x.0
cleanMerge: %j.0
cleanMerge: %i.0
cleanMerge: %j.0_1
cleanMerge: %i.0_1
cleanMerge: bb1
cleanMerge: %_2
cleanMerge: %_3
cleanMerge: bb2
cleanMerge: %_4
cleanMerge: bb3
cleanMerge: %_5
cleanMerge: bb4
cleanMerge: %_6
cleanMerge: %j.1
cleanMerge: %i.1
cleanMerge: %y.0
cleanMerge: %x.0
cleanMerge: %j.0
cleanMerge: %i.0
cleanMerge: %j.0_1
cleanMerge: %i.0_1
cleanMerge: bb1
cleanMerge: %_2
cleanMerge: %_3
cleanMerge: bb2
cleanMerge: %_4
cleanMerge: bb3
cleanMerge: %_5
cleanMerge: bb4
cleanMerge: %_6
cleanMerge: %j.1
cleanMerge: %i.1
cleanMerge: %y.0
cleanMerge: %x.0
cleanMerge: %j.0
cleanMerge: %i.0
cleanMerge: %j.0_1
cleanMerge: %i.0_1
cleanMerge: bb1
cleanMerge: %_2
cleanMerge: %_3
cleanMerge: bb2
cleanMerge: %_4
cleanMerge: bb3
cleanMerge: %_5
cleanMerge: bb4
cleanMerge: %_6
cleanMerge: %j.1
cleanMerge: %i.1
cleanMerge: %y.0
cleanMerge: %x.0
cleanMerge: %j.0
cleanMerge: %i.0
cleanMerge: %j.1_1
cleanMerge: %i.1_1
cleanMerge: %y.0_1
cleanMerge: %x.0_1
cleanMerge: %j.0_1
cleanMerge: %i.0_1
cleanMerge: bb1
cleanMerge: %_2
cleanMerge: %_3
cleanMerge: bb6
cleanMerge: %_7
cleanMerge: bb8
cleanMerge: %_10
cleanMerge: bb7
cleanMerge: %_8
cleanMerge: %_9
cleanMerge: %j.1
cleanMerge: %i.1
cleanMerge: %y.0
cleanMerge: %x.0
cleanMerge: %j.1_1
cleanMerge: %i.1_1
cleanMerge: %y.0_1
cleanMerge: %x.0_1
cleanMerge: bb
cleanMerge: %_0
cleanMerge: %_1
cleanMerge: %j.0_1
cleanMerge: %i.0_1
cleanMerge: %j.1
cleanMerge: %i.1
cleanMerge: %y.0
cleanMerge: %x.0
cleanMerge: %j.0
cleanMerge: %i.0
cleanMerge: %j.0_1
cleanMerge: %i.0_1
cleanMerge: bb1
cleanMerge: %_2
cleanMerge: %_3
cleanMerge: bb2
cleanMerge: %_4
cleanMerge: bb3
cleanMerge: %_5
cleanMerge: bb4
cleanMerge: %_6
cleanMerge: %j.1
cleanMerge: %i.1
cleanMerge: %y.0
cleanMerge: %x.0
cleanMerge: %j.0
cleanMerge: %i.0
cleanMerge: %j.0_1
cleanMerge: %i.0_1
cleanMerge: bb1
cleanMerge: %_2
cleanMerge: %_3
cleanMerge: bb2
cleanMerge: %_4
cleanMerge: bb3
cleanMerge: %_5
cleanMerge: bb4
cleanMerge: %_6
cleanMerge: %j.1
cleanMerge: %i.1
cleanMerge: %y.0
cleanMerge: %x.0
cleanMerge: %j.0
cleanMerge: %i.0
cleanMerge: %j.0_1
cleanMerge: %i.0_1
cleanMerge: bb1
cleanMerge: %_2
cleanMerge: %_3
cleanMerge: bb2
cleanMerge: %_4
cleanMerge: bb3
cleanMerge: %_5
cleanMerge: bb4
cleanMerge: %_6
cleanMerge: %j.1
cleanMerge: %i.1
cleanMerge: %y.0
cleanMerge: %x.0
cleanMerge: %j.0
cleanMerge: %i.0
cleanMerge: %j.1_1
cleanMerge: %i.1_1
cleanMerge: %y.0_1
cleanMerge: %x.0_1
cleanMerge: %j.0_1
cleanMerge: %i.0_1
cleanMerge: bb1
cleanMerge: %_2
cleanMerge: %_3
cleanMerge: bb6
cleanMerge: %_7
cleanMerge: bb8
cleanMerge: %_10
cleanMerge: bb7
cleanMerge: %_8
cleanMerge: %_9
cleanMerge: %j.1
cleanMerge: %i.1
cleanMerge: %y.0
cleanMerge: %x.0
cleanMerge: %j.1_1
cleanMerge: %i.1_1
cleanMerge: %y.0_1
cleanMerge: %x.0_1
cleanMerge: bb
cleanMerge: %_0
cleanMerge: %_1
cleanMerge: %j.0_1
cleanMerge: %i.0_1
cleanMerge: %j.1
cleanMerge: %i.1
cleanMerge: %y.0
cleanMerge: %x.0
cleanMerge: %j.0
cleanMerge: %i.0
cleanMerge: %j.0_1
cleanMerge: %i.0_1
cleanMerge: bb1
cleanMerge: %_2
cleanMerge: %_3
cleanMerge: bb2
cleanMerge: %_4
cleanMerge: bb3
cleanMerge: %_5
cleanMerge: bb4
cleanMerge: %_6
cleanMerge: %j.1
cleanMerge: %i.1
cleanMerge: %y.0
cleanMerge: %x.0
cleanMerge: %j.0
cleanMerge: %i.0
cleanMerge: %j.1_1
cleanMerge: %i.1_1
cleanMerge: %y.0_1
cleanMerge: %x.0_1
cleanMerge: %j.0_1
cleanMerge: %i.0_1
cleanMerge: bb1
cleanMerge: %_2
cleanMerge: %_3
cleanMerge: bb6
cleanMerge: %_7
cleanMerge: bb8
cleanMerge: %_10
cleanMerge: bb7
cleanMerge: %_8
cleanMerge: %_9
cleanMerge: %j.1
cleanMerge: %i.1
cleanMerge: %y.0
cleanMerge: %x.0
cleanMerge: %j.1_1
cleanMerge: %i.1_1
cleanMerge: %y.0_1
cleanMerge: %x.0_1
cleanMerge: bb
cleanMerge: %_0
cleanMerge: %_1
cleanMerge: %j.0_1
cleanMerge: %i.0_1
cleanMerge: %j.1
cleanMerge: %i.1
cleanMerge: %y.0
cleanMerge: %x.0
cleanMerge: %j.0
cleanMerge: %i.0
cleanMerge: %j.1_1
cleanMerge: %i.1_1
cleanMerge: %y.0_1
cleanMerge: %x.0_1
cleanMerge: %j.0_1
cleanMerge: %i.0_1
cleanMerge: bb1
cleanMerge: %_2
cleanMerge: %_3
cleanMerge: bb6
cleanMerge: %_7
cleanMerge: bb8
cleanMerge: %_10
cleanMerge: bb7
cleanMerge: %_8
cleanMerge: %_9
cleanMerge: entry
cleanMerge: %j.1_1
cleanMerge: %i.1_1
cleanMerge: %y.0_1
cleanMerge: %x.0_1
cleanMerge: %j.1
cleanMerge: %i.1
cleanMerge: %y.0
cleanMerge: %x.0
cleanMerge: %j.1_1
cleanMerge: %i.1_1
cleanMerge: %y.0_1
cleanMerge: %x.0_1
cleanMerge: bb
cleanMerge: %_0
cleanMerge: %_1
cleanMerge: %j.0_1
cleanMerge: %i.0_1
cleanMerge: %j.1
cleanMerge: %i.1
cleanMerge: %y.0
cleanMerge: %x.0
cleanMerge: %j.0
cleanMerge: %i.0
cleanMerge: %j.0_1
cleanMerge: %i.0_1
cleanMerge: bb1
cleanMerge: %_2
cleanMerge: %_3
cleanMerge: bb2
cleanMerge: %_4
cleanMerge: bb3
cleanMerge: %_5
cleanMerge: bb4
cleanMerge: %_6
cleanMerge: %j.1
cleanMerge: %i.1
cleanMerge: %y.0
cleanMerge: %x.0
cleanMerge: %j.0
cleanMerge: %i.0
cleanMerge: %j.0_1
cleanMerge: %i.0_1
cleanMerge: bb1
cleanMerge: %_2
cleanMerge: %_3
cleanMerge: bb2
cleanMerge: %_4
cleanMerge: bb3
cleanMerge: %_5
cleanMerge: bb4
cleanMerge: %_6
cleanMerge: %j.1
cleanMerge: %i.1
cleanMerge: %y.0
cleanMerge: %x.0
cleanMerge: %j.0
cleanMerge: %i.0
cleanMerge: %j.0_1
cleanMerge: %i.0_1
cleanMerge: bb1
cleanMerge: %_2
cleanMerge: %_3
cleanMerge: bb2
cleanMerge: %_4
cleanMerge: bb3
cleanMerge: %_5
cleanMerge: bb4
cleanMerge: %_6
cleanMerge: %j.1
cleanMerge: %i.1
cleanMerge: %y.0
cleanMerge: %x.0
cleanMerge: %j.0
cleanMerge: %i.0
cleanMerge: %j.1_1
cleanMerge: %i.1_1
cleanMerge: %y.0_1
cleanMerge: %x.0_1
cleanMerge: %j.0_1
cleanMerge: %i.0_1
cleanMerge: bb1
cleanMerge: %_2
cleanMerge: %_3
cleanMerge: bb6
cleanMerge: %_7
cleanMerge: bb8
cleanMerge: %_10
cleanMerge: bb7
cleanMerge: %_8
cleanMerge: %_9
cleanMerge: %j.1
cleanMerge: %i.1
cleanMerge: %y.0
cleanMerge: %x.0
cleanMerge: %j.1_1
cleanMerge: %i.1_1
cleanMerge: %y.0_1
cleanMerge: %x.0_1
cleanMerge: bb
cleanMerge: %_0
cleanMerge: %_1
cleanMerge: %j.0_1
cleanMerge: %i.0_1
cleanMerge: %j.1
cleanMerge: %i.1
cleanMerge: %y.0
cleanMerge: %x.0
cleanMerge: %j.0
cleanMerge: %i.0
cleanMerge: %j.0_1
cleanMerge: %i.0_1
cleanMerge: bb1
cleanMerge: %_2
cleanMerge: %_3
cleanMerge: bb2
cleanMerge: %_4
cleanMerge: bb3
cleanMerge: %_5
cleanMerge: bb4
cleanMerge: %_6
cleanMerge: %j.1
cleanMerge: %i.1
cleanMerge: %y.0
cleanMerge: %x.0
cleanMerge: %j.0
cleanMerge: %i.0
cleanMerge: %j.0_1
cleanMerge: %i.0_1
cleanMerge: bb1
cleanMerge: %_2
cleanMerge: %_3
cleanMerge: bb2
cleanMerge: %_4
cleanMerge: bb3
cleanMerge: %_5
cleanMerge: bb4
cleanMerge: %_6
cleanMerge: %j.1
cleanMerge: %i.1
cleanMerge: %y.0
cleanMerge: %x.0
cleanMerge: %j.0
cleanMerge: %i.0
cleanMerge: %j.0_1
cleanMerge: %i.0_1
cleanMerge: bb1
cleanMerge: %_2
cleanMerge: %_3
cleanMerge: bb2
cleanMerge: %_4
cleanMerge: bb3
cleanMerge: %_5
cleanMerge: bb4
cleanMerge: %_6
cleanMerge: %j.1
cleanMerge: %i.1
cleanMerge: %y.0
cleanMerge: %x.0
cleanMerge: %j.0
cleanMerge: %i.0
cleanMerge: %j.1_1
cleanMerge: %i.1_1
cleanMerge: %y.0_1
cleanMerge: %x.0_1
cleanMerge: %j.0_1
cleanMerge: %i.0_1
cleanMerge: bb1
cleanMerge: %_2
cleanMerge: %_3
cleanMerge: bb6
cleanMerge: %_7
cleanMerge: bb8
cleanMerge: %_10
cleanMerge: bb7
cleanMerge: %_8
cleanMerge: %_9
cleanMerge: %j.1
cleanMerge: %i.1
cleanMerge: %y.0
cleanMerge: %x.0
cleanMerge: %j.1_1
cleanMerge: %i.1_1
cleanMerge: %y.0_1
cleanMerge: %x.0_1
cleanMerge: bb
cleanMerge: %_0
cleanMerge: %_1
cleanMerge: %j.0_1
cleanMerge: %i.0_1
cleanMerge: %j.1
cleanMerge: %i.1
cleanMerge: %y.0
cleanMerge: %x.0
cleanMerge: %j.0
cleanMerge: %i.0
cleanMerge: %j.0_1
cleanMerge: %i.0_1
cleanMerge: bb1
cleanMerge: %_2
cleanMerge: %_3
cleanMerge: bb2
cleanMerge: %_4
cleanMerge: bb3
cleanMerge: %_5
cleanMerge: bb4
cleanMerge: %_6
cleanMerge: %j.1
cleanMerge: %i.1
cleanMerge: %y.0
cleanMerge: %x.0
cleanMerge: %j.0
cleanMerge: %i.0
cleanMerge: %j.0_1
cleanMerge: %i.0_1
cleanMerge: bb1
cleanMerge: %_2
cleanMerge: %_3
cleanMerge: bb2
cleanMerge: %_4
cleanMerge: bb3
cleanMerge: %_5
cleanMerge: bb4
cleanMerge: %_6
cleanMerge: %j.1
cleanMerge: %i.1
cleanMerge: %y.0
cleanMerge: %x.0
cleanMerge: %j.0
cleanMerge: %i.0
cleanMerge: %j.0_1
cleanMerge: %i.0_1
cleanMerge: bb1
cleanMerge: %_2
cleanMerge: %_3
cleanMerge: bb2
cleanMerge: %_4
cleanMerge: bb3
cleanMerge: %_5
cleanMerge: bb4
cleanMerge: %_6
cleanMerge: %j.1
cleanMerge: %i.1
cleanMerge: %y.0
cleanMerge: %x.0
cleanMerge: %j.0
cleanMerge: %i.0
cleanMerge: %j.1_1
cleanMerge: %i.1_1
cleanMerge: %y.0_1
cleanMerge: %x.0_1
cleanMerge: %j.0_1
cleanMerge: %i.0_1
cleanMerge: bb1
cleanMerge: %_2
cleanMerge: %_3
cleanMerge: bb6
cleanMerge: %_7
cleanMerge: bb8
cleanMerge: %_10
cleanMerge: bb7
cleanMerge: %_8
cleanMerge: %_9
cleanMerge: %j.1
cleanMerge: %i.1
cleanMerge: %y.0
cleanMerge: %x.0
cleanMerge: %j.1_1
cleanMerge: %i.1_1
cleanMerge: %y.0_1
cleanMerge: %x.0_1
cleanMerge: bb
cleanMerge: %_0
cleanMerge: %_1
cleanMerge: %j.0_1
cleanMerge: %i.0_1
cleanMerge: %j.1
cleanMerge: %i.1
cleanMerge: %y.0
cleanMerge: %x.0
cleanMerge: %j.0
cleanMerge: %i.0
cleanMerge: %j.1_1
cleanMerge: %i.1_1
cleanMerge: %y.0_1
cleanMerge: %x.0_1
cleanMerge: %j.0_1
cleanMerge: %i.0_1
cleanMerge: bb1
cleanMerge: %_2
cleanMerge: %_3
cleanMerge: bb6
cleanMerge: %_7
cleanMerge: bb8
cleanMerge: %_10
cleanMerge: bb7
cleanMerge: %_8
cleanMerge: %_9
