Working directory /tmp/ufo-5gLlJ2
/home/aws/git/ufo/Release/bin/ufo --lawi temp/35.o.o0.bc --ufo-trace=temp/35.noneO0.trace --ufo-post=NONE --ufo-increfine=REF4 --ufo-dvo=true --ufo-simplify=false --ufo-consrefine=true
cleanMerge: entry
cleanMerge: %_0
cleanMerge: %x.0_1
cleanMerge: %_0
cleanMerge: %x.0
cleanMerge: %x.0_1
cleanMerge: bb1
cleanMerge: %_2
cleanMerge: %_3
cleanMerge: bb
cleanMerge: %_1
cleanMerge: %_0
cleanMerge: entry
cleanMerge: %x.0_1
cleanMerge: %_0
cleanMerge: %x.0
cleanMerge: %x.0_1
cleanMerge: bb1
cleanMerge: %_2
cleanMerge: %_3
cleanMerge: bb
cleanMerge: %_1
cleanMerge: %_0
cleanMerge: %x.0
cleanMerge: %x.0_1
cleanMerge: bb1
cleanMerge: %_2
cleanMerge: %_3
cleanMerge: bb
cleanMerge: %_1
cleanMerge: %_0
cleanMerge: %x.0
cleanMerge: %x.0_1
cleanMerge: bb1
cleanMerge: %_2
cleanMerge: %_3
cleanMerge: bb
cleanMerge: %_1
