Working directory /tmp/ufo-kpDys2
/home/aws/git/ufo/Release/bin/ufo --lawi temp/37.o.o0.bc --ufo-trace=temp/37.noneO0.trace --ufo-post=NONE --ufo-increfine=REF4 --ufo-dvo=true --ufo-simplify=false --ufo-consrefine=true
cleanMerge: entry
cleanMerge: %_0
cleanMerge: %m.1_1
cleanMerge: %x.0_1
cleanMerge: %_0
cleanMerge: %m.1
cleanMerge: %m.1_1
cleanMerge: %x.0
cleanMerge: %x.0_1
cleanMerge: bb3
cleanMerge: %_4
cleanMerge: %_5
cleanMerge: bb
cleanMerge: %_1
cleanMerge: %_2
cleanMerge: %m.0
cleanMerge: %_3
cleanMerge: %_0
cleanMerge: entry
cleanMerge: %m.1_1
cleanMerge: %x.0_1
cleanMerge: %_0
cleanMerge: %m.1
cleanMerge: %x.0
cleanMerge: %m.1_1
cleanMerge: %x.0_1
cleanMerge: bb3
cleanMerge: %_4
cleanMerge: %_5
cleanMerge: bb
cleanMerge: %_1
cleanMerge: %_2
cleanMerge: %m.0
cleanMerge: %_3
cleanMerge: %_0
cleanMerge: %m.1
cleanMerge: %x.0
cleanMerge: %m.1_1
cleanMerge: %x.0_1
cleanMerge: bb3
cleanMerge: %_4
cleanMerge: %_5
cleanMerge: bb
cleanMerge: %_1
cleanMerge: %_2
cleanMerge: %m.0
cleanMerge: %_3
cleanMerge: %_0
cleanMerge: %m.1
cleanMerge: %x.0
cleanMerge: %m.1_1
cleanMerge: %x.0_1
cleanMerge: bb3
cleanMerge: %_4
cleanMerge: %_5
cleanMerge: bb
cleanMerge: %_1
cleanMerge: %_2
cleanMerge: %m.0
cleanMerge: %_3
