 Creating LAWI 

 Creating LBE pass 

 Creating Topo pass 
; Creating WTOPass

== Running Topo pass ==
;
 == Running LBE == 
F name: main
Computing Cutpoints for main
done
0CUTPOINT: entry

--another edge--
entry
to: bb

1CUTPOINT: ERROR

2CUTPOINT: bb

--another edge--
bb
bb7
to: ERROR

--another edge--
bb
bb1
bb3
bb2
bb5
to: bb

--another edge--
bb
bb7
to: __UFO__0

3CUTPOINT: __UFO__0

--another edge--
__UFO__0
to: __UFO__0

===Looking at Header entry

After first loop==Inteval size 1 entry 
===Looking at Header bb

After first loop==Inteval size 1 entry 
==Inteval size 1 bb 
Size of graph: 2
==Inteval size 1 entry 
==Inteval size 3 (bb )
===Looking at Header entry


mergingOut bb
Adding to fixpoint bb

MergeOut: Checking canReach: bb
false 
After bracketing
==Inteval size 1 entry 
After first loop==Inteval size 4 entry (bb )
Size of graph: 1
==Inteval size 4 entry (bb )
==Inteval size 8 entry (bb )(__UFO__0 )ERROR 
Looking at entry
Looking at bb
Looking at __UFO__0
Looking at ERROR
instantiating mc
instantiated model checker - now model checking
Creating new node: 0:entry
 Picked root node and about to start UFO


========================ITER 0 ========================

Largest node: 1

========REPORT========
BRUNCH_STAT Result UNKNOWN
BRUNCH_STAT Iter 0
BRUNCH_STAT Refine 0
BRUNCH_STAT BoolPost 0
BRUNCH_STAT BoolPostP 0
BRUNCH_STAT CartPost 0
BRUNCH_STAT NodesNum 1

BRUNCH_STAT InterpTime 0.000000e+00
BRUNCH_STAT CoverTimeU 0.000000e+00
BRUNCH_STAT ExprTime 0.000000e+00
BRUNCH_STAT PostTime 0.000000e+00
BRUNCH_STAT CleanTime 0.000000e+00
BRUNCH_STAT UTime 0.000000e+00
BRUNCH_STAT STime 8.000000e-03



************** BRUNCH STATS ***************** 
BRUNCH_STAT aArg.size 1
BRUNCH_STAT ufo.main_loop 1
BRUNCH_STAT ufo.total 0.00
************** BRUNCH STATS END ***************** 

looking at node 0:entry
marked
Creating new node: 1:bb
	Adding child 1:bb
Done adding children
Done computing post
Picking next node from future in SAME component bb

PICKING bb

looking at node 1:bb
marked
Creating new node: 2:ERROR
	Adding child 2:ERROR
Creating new node: 3:bb
	Adding child 3:bb
Done adding children
Done computing post
Picking next node from future in SAME component bb

PICKING bb

looking at node 3:bb
marked
	Adding child 2:ERROR
Creating new node: 4:bb
	Adding child 4:bb
Done adding children

==WIDEN GCNR08=
Done computing post
Looking for head of 2
BB: bb
Looking for head of 3
BB: __UFO__0
Picking next node from future in NEXT component ERROR

PICKING ERROR

looking at node 2:ERROR
marked
Done adding children
Done computing post
ERROR NODE :2:ERROR
0:entry
1:bb
2:ERROR
3:bb
4:bb
Refiner: refine path to ERROR ...
Number of true assumptions: 8
Number of true assumptions: 8



************************

Number of assumptions: 27

	Number of inst assumptions: 23
	Number of node assumptions: 2
Number of TRUE assumptions: 8
	Number of true inst assumptions: 8
	Number of true node assumptions: 0


************************

INTERPOLATING...
DONE INTERPOLATING: # interps =  2
Refiner: Mining labels from interpolants
Refiner: mkInScope ...
ITP SIZE : 7 AFTER SIMP: 7
Refiner: mkInScope: DONE
Conjoining labels
Refiner: mkInScope ...
ITP SIZE : 9 AFTER SIMP: 9
Refiner: mkInScope: DONE
Conjoining labels
Refiner: refine: DONE 


========================ITER 1 ========================

Largest node: 5

========REPORT========
BRUNCH_STAT Result UNKNOWN
BRUNCH_STAT Iter 1
BRUNCH_STAT Refine 0
BRUNCH_STAT BoolPost 0
BRUNCH_STAT BoolPostP 0
BRUNCH_STAT CartPost 0
BRUNCH_STAT NodesNum 5

BRUNCH_STAT InterpTime 0.000000e+00
BRUNCH_STAT CoverTimeU 0.000000e+00
BRUNCH_STAT ExprTime 0.000000e+00
BRUNCH_STAT PostTime 0.000000e+00
BRUNCH_STAT CleanTime 0.000000e+00
BRUNCH_STAT UTime 1.200000e-02
BRUNCH_STAT STime 8.000000e-03



************** BRUNCH STATS ***************** 
BRUNCH_STAT aArg.size 5
BRUNCH_STAT ufo.main_loop 2
BRUNCH_STAT SmartExprSet.add 0.00
BRUNCH_STAT asm_refiner.simplify.assumptions 0.00
BRUNCH_STAT msat.from_expr 0.00
BRUNCH_STAT msat.to_expr 0.00
BRUNCH_STAT refiner.assumptions 0.00
BRUNCH_STAT refiner.assumptions.total 0.00
BRUNCH_STAT refiner.interps 0.00
BRUNCH_STAT refiner.mkInScope 0.00
BRUNCH_STAT refiner.mkInScope.elim_and_simplify 0.00
BRUNCH_STAT refiner.mkInScope.elim_node 0.00
BRUNCH_STAT refiner.mkInScope.elim_other 0.00
BRUNCH_STAT refiner.mkInScope.out_of_scope 0.00
BRUNCH_STAT refiner.mkInScope.propSimp 0.00
BRUNCH_STAT refiner.mkInScope.variants 0.00
BRUNCH_STAT refiner.nnf 0.00
BRUNCH_STAT refiner.pre 0.00
BRUNCH_STAT refiner.total 0.01
BRUNCH_STAT ufo.expand 0.00
BRUNCH_STAT ufo.expand.is_covered 0.00
BRUNCH_STAT ufo.post 0.00
BRUNCH_STAT ufo.total 0.01
BRUNCH_STAT z3.from_expr 0.00
BRUNCH_STAT z3.to_expr 0.00
************** BRUNCH STATS END ***************** 

looking at node 0:entry
not marked
Picking next node from future in SAME component bb

PICKING bb

looking at node 1:bb
not marked

labeling node: 1:bb
Picking next node from future in SAME component bb

PICKING bb

looking at node 3:bb
not marked

labeling node: 3:bb
Picking next node from future in SAME component bb

PICKING bb

looking at node 4:bb
marked
	Adding child 2:ERROR
Creating new node: 5:bb
	Adding child 5:bb
Done adding children

==WIDEN GCNR08=
Done computing post
Picking next node from future in SAME component bb

PICKING bb

looking at node 5:bb
marked
	Adding child 2:ERROR
Creating new node: 6:bb
	Adding child 6:bb
Done adding children

==WIDEN GCNR08=
Done computing post
Looking for head of 2
BB: bb
Looking for head of 3
BB: __UFO__0
Picking next node from future in NEXT component ERROR

PICKING ERROR

looking at node 2:ERROR
marked
Done adding children
Done computing post
ERROR NODE :2:ERROR
0:entry
1:bb
2:ERROR
3:bb
4:bb
5:bb
6:bb
Refiner: refine path to ERROR ...
Number of true assumptions: 19
Number of true assumptions: 19



************************

Number of assumptions: 68

	Number of inst assumptions: 59
	Number of node assumptions: 4
Number of TRUE assumptions: 19
	Number of true inst assumptions: 16
	Number of true node assumptions: 1


************************

INTERPOLATING...
DONE INTERPOLATING: # interps =  4
Refiner: Mining labels from interpolants
Refiner: mkInScope ...
ITP SIZE : 7 AFTER SIMP: 7
Refiner: mkInScope: DONE
Conjoining labels
Refiner: mkInScope ...
ITP SIZE : 1 AFTER SIMP: 1
Refiner: mkInScope: DONE
Conjoining labels
Refiner: mkInScope ...
ITP SIZE : 10 AFTER SIMP: 10
Refiner: mkInScope: DONE
Conjoining labels
Refiner: mkInScope ...
ITP SIZE : 10 AFTER SIMP: 10
Refiner: mkInScope: DONE
Conjoining labels
Refiner: refine: DONE 


========================ITER 2 ========================

Largest node: 7

========REPORT========
BRUNCH_STAT Result UNKNOWN
BRUNCH_STAT Iter 2
BRUNCH_STAT Refine 0
BRUNCH_STAT BoolPost 0
BRUNCH_STAT BoolPostP 0
BRUNCH_STAT CartPost 0
BRUNCH_STAT NodesNum 7

BRUNCH_STAT InterpTime 0.000000e+00
BRUNCH_STAT CoverTimeU 0.000000e+00
BRUNCH_STAT ExprTime 0.000000e+00
BRUNCH_STAT PostTime 0.000000e+00
BRUNCH_STAT CleanTime 0.000000e+00
BRUNCH_STAT UTime 3.200200e-02
BRUNCH_STAT STime 8.000000e-03



************** BRUNCH STATS ***************** 
BRUNCH_STAT aArg.size 7
BRUNCH_STAT ufo.main_loop 3
BRUNCH_STAT SmartExprSet.add 0.00
BRUNCH_STAT asm_refiner.simplify.assumptions 0.00
BRUNCH_STAT msat.from_expr 0.00
BRUNCH_STAT msat.to_expr 0.00
BRUNCH_STAT refiner.assumptions 0.01
BRUNCH_STAT refiner.assumptions.total 0.01
BRUNCH_STAT refiner.interps 0.01
BRUNCH_STAT refiner.mkInScope 0.00
BRUNCH_STAT refiner.mkInScope.elim_and_simplify 0.00
BRUNCH_STAT refiner.mkInScope.elim_node 0.00
BRUNCH_STAT refiner.mkInScope.elim_other 0.00
BRUNCH_STAT refiner.mkInScope.out_of_scope 0.00
BRUNCH_STAT refiner.mkInScope.propSimp 0.00
BRUNCH_STAT refiner.mkInScope.variants 0.00
BRUNCH_STAT refiner.nnf 0.00
BRUNCH_STAT refiner.pre 0.00
BRUNCH_STAT refiner.total 0.02
BRUNCH_STAT ufo.expand 0.01
BRUNCH_STAT ufo.expand.is_covered 0.00
BRUNCH_STAT ufo.post 0.00
BRUNCH_STAT ufo.total 0.03
BRUNCH_STAT z3.from_expr 0.00
BRUNCH_STAT z3.to_expr 0.00
************** BRUNCH STATS END ***************** 

looking at node 0:entry
not marked
Picking next node from future in SAME component bb

PICKING bb

looking at node 1:bb
not marked

labeling node: 1:bb
Picking next node from future in SAME component bb

PICKING bb

looking at node 3:bb
not marked

labeling node: 3:bb
Picking next node from future in SAME component bb

PICKING bb

looking at node 4:bb
not marked

labeling node: 4:bb
Picking next node from future in SAME component bb

PICKING bb

looking at node 5:bb
not marked

labeling node: 5:bb
Picking next node from future in SAME component bb

PICKING bb

looking at node 6:bb
marked
	Adding child 2:ERROR
Creating new node: 7:bb
	Adding child 7:bb
Done adding children

==WIDEN GCNR08=
Done computing post
Picking next node from future in SAME component bb

PICKING bb

looking at node 7:bb
marked
	Adding child 2:ERROR
Creating new node: 8:bb
	Adding child 8:bb
Done adding children

==WIDEN GCNR08=
Done computing post
Looking for head of 2
BB: bb
Looking for head of 3
BB: __UFO__0
Picking next node from future in NEXT component ERROR

PICKING ERROR

looking at node 2:ERROR
marked
Done adding children
Done computing post
ERROR NODE :2:ERROR
0:entry
1:bb
2:ERROR
3:bb
4:bb
5:bb
6:bb
7:bb
8:bb
Refiner: refine path to ERROR ...
Number of true assumptions: 48
Number of true assumptions: 48



************************

Number of assumptions: 110

	Number of inst assumptions: 95
	Number of node assumptions: 6
Number of TRUE assumptions: 48
	Number of true inst assumptions: 39
	Number of true node assumptions: 3


************************

INTERPOLATING...
DONE INTERPOLATING: # interps =  6
Refiner: Mining labels from interpolants
Refiner: mkInScope ...
ITP SIZE : 36 AFTER SIMP: 12
Refiner: mkInScope: DONE
Conjoining labels
Refiner: mkInScope ...
ITP SIZE : 23 AFTER SIMP: 19
Refiner: mkInScope: DONE
Conjoining labels
Refiner: mkInScope ...
ITP SIZE : 33 AFTER SIMP: 28
Refiner: mkInScope: DONE
Conjoining labels
Refiner: mkInScope ...
ITP SIZE : 43 AFTER SIMP: 38
Refiner: mkInScope: DONE
Conjoining labels
Refiner: mkInScope ...
ITP SIZE : 58 AFTER SIMP: 51
Refiner: mkInScope: DONE
Conjoining labels
Refiner: mkInScope ...
ITP SIZE : 58 AFTER SIMP: 36
Refiner: mkInScope: DONE
Conjoining labels
Refiner: refine: DONE 


========================ITER 3 ========================

Largest node: 9

========REPORT========
BRUNCH_STAT Result UNKNOWN
BRUNCH_STAT Iter 3
BRUNCH_STAT Refine 0
BRUNCH_STAT BoolPost 0
BRUNCH_STAT BoolPostP 0
BRUNCH_STAT CartPost 0
BRUNCH_STAT NodesNum 9

BRUNCH_STAT InterpTime 0.000000e+00
BRUNCH_STAT CoverTimeU 0.000000e+00
BRUNCH_STAT ExprTime 0.000000e+00
BRUNCH_STAT PostTime 0.000000e+00
BRUNCH_STAT CleanTime 0.000000e+00
BRUNCH_STAT UTime 6.400400e-02
BRUNCH_STAT STime 1.200000e-02



************** BRUNCH STATS ***************** 
BRUNCH_STAT aArg.size 9
BRUNCH_STAT ufo.main_loop 4
BRUNCH_STAT SmartExprSet.add 0.00
BRUNCH_STAT asm_refiner.simplify.assumptions 0.00
BRUNCH_STAT msat.from_expr 0.00
BRUNCH_STAT msat.to_expr 0.00
BRUNCH_STAT refiner.assumptions 0.02
BRUNCH_STAT refiner.assumptions.total 0.02
BRUNCH_STAT refiner.interps 0.02
BRUNCH_STAT refiner.mkInScope 0.01
BRUNCH_STAT refiner.mkInScope.elim_and_simplify 0.01
BRUNCH_STAT refiner.mkInScope.elim_node 0.00
BRUNCH_STAT refiner.mkInScope.elim_other 0.00
BRUNCH_STAT refiner.mkInScope.out_of_scope 0.00
BRUNCH_STAT refiner.mkInScope.propSimp 0.01
BRUNCH_STAT refiner.mkInScope.variants 0.00
BRUNCH_STAT refiner.nnf 0.00
BRUNCH_STAT refiner.pre 0.00
BRUNCH_STAT refiner.total 0.05
BRUNCH_STAT ufo.expand 0.01
BRUNCH_STAT ufo.expand.is_covered 0.00
BRUNCH_STAT ufo.post 0.00
BRUNCH_STAT ufo.total 0.06
BRUNCH_STAT z3.from_expr 0.00
BRUNCH_STAT z3.to_expr 0.00
************** BRUNCH STATS END ***************** 

looking at node 0:entry
not marked
Picking next node from future in SAME component bb

PICKING bb

looking at node 1:bb
not marked

labeling node: 1:bb
Picking next node from future in SAME component bb

PICKING bb

looking at node 3:bb
not marked

labeling node: 3:bb
Picking next node from future in SAME component bb

PICKING bb

looking at node 4:bb
not marked

labeling node: 4:bb
Picking next node from future in SAME component bb

PICKING bb

looking at node 5:bb
not marked

labeling node: 5:bb
Picking next node from future in SAME component bb

PICKING bb

looking at node 6:bb
not marked

labeling node: 6:bb
Picking next node from future in SAME component bb

PICKING bb

looking at node 7:bb
not marked

labeling node: 7:bb
Picking next node from future in SAME component bb

PICKING bb

looking at node 8:bb
marked
	Adding child 2:ERROR
Creating new node: 9:bb
	Adding child 9:bb
Done adding children

==WIDEN GCNR08=
Done computing post
Picking next node from future in SAME component bb

PICKING bb

looking at node 9:bb
marked
	Adding child 2:ERROR
Creating new node: 10:bb
	Adding child 10:bb
Done adding children

==WIDEN GCNR08=
Done computing post
Looking for head of 2
BB: bb
Looking for head of 3
BB: __UFO__0
Picking next node from future in NEXT component ERROR

PICKING ERROR

looking at node 2:ERROR
marked
Done adding children
Done computing post
ERROR NODE :2:ERROR
0:entry
1:bb
2:ERROR
3:bb
4:bb
5:bb
6:bb
7:bb
8:bb
9:bb
10:bb
Refiner: refine path to ERROR ...
Number of true assumptions: 85
Number of true assumptions: 83
Number of true assumptions: 81
Number of true assumptions: 80



************************

Number of assumptions: 178

	Number of inst assumptions: 131
	Number of node assumptions: 8
Number of TRUE assumptions: 80
	Number of true inst assumptions: 47
	Number of true node assumptions: 5


************************

INTERPOLATING...
DONE INTERPOLATING: # interps =  8
Refiner: Mining labels from interpolants
Refiner: mkInScope ...
ITP SIZE : 7 AFTER SIMP: 7
Refiner: mkInScope: DONE
Conjoining labels
Refiner: mkInScope ...
ITP SIZE : 1 AFTER SIMP: 1
Refiner: mkInScope: DONE
Conjoining labels
Refiner: mkInScope ...
ITP SIZE : 1 AFTER SIMP: 1
Refiner: mkInScope: DONE
Conjoining labels
Refiner: mkInScope ...
ITP SIZE : 22 AFTER SIMP: 17
Refiner: mkInScope: DONE
Conjoining labels
Refiner: mkInScope ...
ITP SIZE : 22 AFTER SIMP: 17
Refiner: mkInScope: DONE
Conjoining labels
Refiner: mkInScope ...
ITP SIZE : 48 AFTER SIMP: 44
Refiner: mkInScope: DONE
Conjoining labels
Refiner: mkInScope ...
ITP SIZE : 106 AFTER SIMP: 69
Refiner: mkInScope: DONE
Conjoining labels
Refiner: mkInScope ...
ITP SIZE : 22 AFTER SIMP: 20
Refiner: mkInScope: DONE
Conjoining labels
Refiner: refine: DONE 


========================ITER 4 ========================

Largest node: 11

========REPORT========
BRUNCH_STAT Result UNKNOWN
BRUNCH_STAT Iter 4
BRUNCH_STAT Refine 0
BRUNCH_STAT BoolPost 0
BRUNCH_STAT BoolPostP 0
BRUNCH_STAT CartPost 0
BRUNCH_STAT NodesNum 11

BRUNCH_STAT InterpTime 0.000000e+00
BRUNCH_STAT CoverTimeU 0.000000e+00
BRUNCH_STAT ExprTime 0.000000e+00
BRUNCH_STAT PostTime 0.000000e+00
BRUNCH_STAT CleanTime 0.000000e+00
BRUNCH_STAT UTime 1.320080e-01
BRUNCH_STAT STime 1.200000e-02



************** BRUNCH STATS ***************** 
BRUNCH_STAT aArg.size 11
BRUNCH_STAT ufo.main_loop 5
BRUNCH_STAT SmartExprSet.add 0.00
BRUNCH_STAT asm_refiner.simplify.assumptions 0.00
BRUNCH_STAT msat.from_expr 0.00
BRUNCH_STAT msat.to_expr 0.00
BRUNCH_STAT refiner.assumptions 0.04
BRUNCH_STAT refiner.assumptions.total 0.06
BRUNCH_STAT refiner.interps 0.04
BRUNCH_STAT refiner.mkInScope 0.01
BRUNCH_STAT refiner.mkInScope.elim_and_simplify 0.01
BRUNCH_STAT refiner.mkInScope.elim_node 0.00
BRUNCH_STAT refiner.mkInScope.elim_other 0.00
BRUNCH_STAT refiner.mkInScope.out_of_scope 0.00
BRUNCH_STAT refiner.mkInScope.propSimp 0.01
BRUNCH_STAT refiner.mkInScope.variants 0.00
BRUNCH_STAT refiner.nnf 0.00
BRUNCH_STAT refiner.pre 0.00
BRUNCH_STAT refiner.total 0.12
BRUNCH_STAT ufo.expand 0.01
BRUNCH_STAT ufo.expand.is_covered 0.00
BRUNCH_STAT ufo.post 0.00
BRUNCH_STAT ufo.total 0.13
BRUNCH_STAT z3.from_expr 0.00
BRUNCH_STAT z3.to_expr 0.00
************** BRUNCH STATS END ***************** 

looking at node 0:entry
not marked
Picking next node from future in SAME component bb

PICKING bb

looking at node 1:bb
not marked

labeling node: 1:bb
Picking next node from future in SAME component bb

PICKING bb

looking at node 3:bb
not marked

labeling node: 3:bb
Picking next node from future in SAME component bb

PICKING bb

looking at node 4:bb
not marked

labeling node: 4:bb
Picking next node from future in SAME component bb

PICKING bb

looking at node 5:bb
not marked

labeling node: 5:bb
Picking next node from future in SAME component bb

PICKING bb

looking at node 6:bb
not marked

labeling node: 6:bb
Picking next node from future in SAME component bb

PICKING bb

looking at node 7:bb
not marked

labeling node: 7:bb
Picking next node from future in SAME component bb

PICKING bb

looking at node 8:bb
not marked

labeling node: 8:bb
Picking next node from future in SAME component bb

PICKING bb

looking at node 9:bb
not marked

labeling node: 9:bb
Picking next node from future in SAME component bb

PICKING bb

looking at node 10:bb
marked
	Adding child 2:ERROR
Creating new node: 11:bb
	Adding child 11:bb
Done adding children

==WIDEN GCNR08=
Done computing post
Picking next node from future in SAME component bb

PICKING bb

looking at node 11:bb
marked
	Adding child 2:ERROR
Creating new node: 12:bb
	Adding child 12:bb
Done adding children

==WIDEN GCNR08=
Done computing post
Looking for head of 2
BB: bb
Looking for head of 3
BB: __UFO__0
Picking next node from future in NEXT component ERROR

PICKING ERROR

looking at node 2:ERROR
marked
Done adding children
Done computing post
ERROR NODE :2:ERROR
0:entry
1:bb
2:ERROR
3:bb
4:bb
5:bb
6:bb
7:bb
8:bb
9:bb
10:bb
11:bb
12:bb
Refiner: refine path to ERROR ...
Number of true assumptions: 103
Number of true assumptions: 90
Number of true assumptions: 90



************************

Number of assumptions: 252

	Number of inst assumptions: 167
	Number of node assumptions: 10
Number of TRUE assumptions: 90
	Number of true inst assumptions: 47
	Number of true node assumptions: 7


************************

INTERPOLATING...
DONE INTERPOLATING: # interps =  10
Refiner: Mining labels from interpolants
Refiner: mkInScope ...
ITP SIZE : 7 AFTER SIMP: 7
Refiner: mkInScope: DONE
Conjoining labels
Refiner: mkInScope ...
ITP SIZE : 1 AFTER SIMP: 1
Refiner: mkInScope: DONE
Conjoining labels
Refiner: mkInScope ...
ITP SIZE : 1 AFTER SIMP: 1
Refiner: mkInScope: DONE
Conjoining labels
Refiner: mkInScope ...
ITP SIZE : 1 AFTER SIMP: 1
Refiner: mkInScope: DONE
Conjoining labels
Refiner: mkInScope ...
ITP SIZE : 12 AFTER SIMP: 11
Refiner: mkInScope: DONE
Conjoining labels
Refiner: mkInScope ...
ITP SIZE : 12 AFTER SIMP: 11
Refiner: mkInScope: DONE
Conjoining labels
Refiner: mkInScope ...
ITP SIZE : 22 AFTER SIMP: 20
Refiner: mkInScope: DONE
Conjoining labels
Refiner: mkInScope ...
ITP SIZE : 22 AFTER SIMP: 20
Refiner: mkInScope: DONE
Conjoining labels
Refiner: mkInScope ...
ITP SIZE : 51 AFTER SIMP: 42
Refiner: mkInScope: DONE
Conjoining labels
Refiner: mkInScope ...
ITP SIZE : 40 AFTER SIMP: 30
Refiner: mkInScope: DONE
Conjoining labels
Refiner: refine: DONE 


========================ITER 5 ========================

Largest node: 13

========REPORT========
BRUNCH_STAT Result UNKNOWN
BRUNCH_STAT Iter 5
BRUNCH_STAT Refine 0
BRUNCH_STAT BoolPost 0
BRUNCH_STAT BoolPostP 0
BRUNCH_STAT CartPost 0
BRUNCH_STAT NodesNum 13

BRUNCH_STAT InterpTime 0.000000e+00
BRUNCH_STAT CoverTimeU 0.000000e+00
BRUNCH_STAT ExprTime 0.000000e+00
BRUNCH_STAT PostTime 0.000000e+00
BRUNCH_STAT CleanTime 0.000000e+00
BRUNCH_STAT UTime 1.960120e-01
BRUNCH_STAT STime 1.200000e-02



************** BRUNCH STATS ***************** 
BRUNCH_STAT aArg.size 13
BRUNCH_STAT ufo.main_loop 6
BRUNCH_STAT SmartExprSet.add 0.01
BRUNCH_STAT asm_refiner.simplify.assumptions 0.00
BRUNCH_STAT msat.from_expr 0.00
BRUNCH_STAT msat.to_expr 0.00
BRUNCH_STAT refiner.assumptions 0.07
BRUNCH_STAT refiner.assumptions.total 0.08
BRUNCH_STAT refiner.interps 0.06
BRUNCH_STAT refiner.mkInScope 0.01
BRUNCH_STAT refiner.mkInScope.elim_and_simplify 0.01
BRUNCH_STAT refiner.mkInScope.elim_node 0.00
BRUNCH_STAT refiner.mkInScope.elim_other 0.00
BRUNCH_STAT refiner.mkInScope.out_of_scope 0.00
BRUNCH_STAT refiner.mkInScope.propSimp 0.01
BRUNCH_STAT refiner.mkInScope.variants 0.00
BRUNCH_STAT refiner.nnf 0.00
BRUNCH_STAT refiner.pre 0.00
BRUNCH_STAT refiner.total 0.17
BRUNCH_STAT ufo.expand 0.02
BRUNCH_STAT ufo.expand.is_covered 0.01
BRUNCH_STAT ufo.post 0.00
BRUNCH_STAT ufo.total 0.20
BRUNCH_STAT z3.from_expr 0.01
BRUNCH_STAT z3.to_expr 0.00
************** BRUNCH STATS END ***************** 

looking at node 0:entry
not marked
Picking next node from future in SAME component bb

PICKING bb

looking at node 1:bb
not marked

labeling node: 1:bb
Picking next node from future in SAME component bb

PICKING bb

looking at node 3:bb
not marked

labeling node: 3:bb
Picking next node from future in SAME component bb

PICKING bb

looking at node 4:bb
not marked

labeling node: 4:bb
Picking next node from future in SAME component bb

PICKING bb

looking at node 5:bb
not marked

labeling node: 5:bb
Picking next node from future in SAME component bb

PICKING bb

looking at node 6:bb
not marked

labeling node: 6:bb
Picking next node from future in SAME component bb

PICKING bb

looking at node 7:bb
not marked

labeling node: 7:bb
Picking next node from future in SAME component bb

PICKING bb

looking at node 8:bb
not marked

labeling node: 8:bb
Picking next node from future in SAME component bb

PICKING bb

looking at node 9:bb
not marked

labeling node: 9:bb
Looking for head of 2
BB: bb
Looking for head of 3
BB: __UFO__0
Picking next node from future in NEXT component ERROR

PICKING ERROR

looking at node 2:ERROR
not marked

labeling node: 2:ERROR
ERROR NODE :2:ERROR

========REPORT========
BRUNCH_STAT Result SAFE
BRUNCH_STAT Iter 6
BRUNCH_STAT Refine 0
BRUNCH_STAT BoolPost 0
BRUNCH_STAT BoolPostP 0
BRUNCH_STAT CartPost 0
BRUNCH_STAT NodesNum 13

BRUNCH_STAT InterpTime 0.000000e+00
BRUNCH_STAT CoverTimeU 0.000000e+00
BRUNCH_STAT ExprTime 0.000000e+00
BRUNCH_STAT PostTime 0.000000e+00
BRUNCH_STAT CleanTime 0.000000e+00
BRUNCH_STAT UTime 2.000120e-01
BRUNCH_STAT STime 1.200000e-02



************** BRUNCH STATS ***************** 
BRUNCH_STAT aArg.size 13
BRUNCH_STAT ufo.main_loop 6
BRUNCH_STAT SmartExprSet.add 0.01
BRUNCH_STAT asm_refiner.simplify.assumptions 0.00
BRUNCH_STAT msat.from_expr 0.00
BRUNCH_STAT msat.to_expr 0.00
BRUNCH_STAT refiner.assumptions 0.07
BRUNCH_STAT refiner.assumptions.total 0.08
BRUNCH_STAT refiner.interps 0.06
BRUNCH_STAT refiner.mkInScope 0.01
BRUNCH_STAT refiner.mkInScope.elim_and_simplify 0.01
BRUNCH_STAT refiner.mkInScope.elim_node 0.00
BRUNCH_STAT refiner.mkInScope.elim_other 0.00
BRUNCH_STAT refiner.mkInScope.out_of_scope 0.00
BRUNCH_STAT refiner.mkInScope.propSimp 0.01
BRUNCH_STAT refiner.mkInScope.variants 0.00
BRUNCH_STAT refiner.nnf 0.00
BRUNCH_STAT refiner.pre 0.00
BRUNCH_STAT refiner.total 0.17
BRUNCH_STAT ufo.expand 0.02
BRUNCH_STAT ufo.expand.is_covered 0.01
BRUNCH_STAT ufo.post 0.00
BRUNCH_STAT ufo.total 0.20
BRUNCH_STAT z3.from_expr 0.01
BRUNCH_STAT z3.to_expr 0.00
************** BRUNCH STATS END ***************** 
 UNREACHABLE: (by interpolants)
Checking invariant
	Checking edge bb ==> ERROR
	Checking edge bb ==> bb
	Checking edge bb ==> __UFO__0
	Edge unreachable
Done Checking Invariant
INV holds
program correct: ERROR unreachable
Printing invariant 
ERROR INV: false
bb INV: [||
  (%x.1<=0)&&((%x.1<=0)&&(((%x.1<=0)&&(%y.1>=0))&&(%x.1<=0)))
  [&&
    (%x.1<=0)||(%y.1>=100)
    (%y.1>=0)||(%y.1>=100)
    (%x.1<=0)||[&&
      %y.1>=100
      (%y.1>=0)||(%y.1>=100)
      (%x.1<=0)||[&&
        %y.1>=100
        (%x.1<=0)||(%y.1>=100)
        (%y.1>=0)||(%y.1>=100)
      ]
    ]
  ]&&((%x.1<=0)||(%x.1<=1))
  [&&
    (%x.1<=1)||(%y.1>=200)
    [||
      %y.1>=0
      %y.1>=100
      %y.1>=200
    ]
    (%x.1<=1)||[&&
      %y.1>=200
      [||
        %y.1>=0
        %y.1>=100
        %y.1>=200
      ]
      (%x.1<=1)||[&&
        %y.1>=200
        (%x.1<=1)||(%y.1>=200)
        (%y.1>=100)||(%y.1>=200)
        [||
          %y.1>=0
          %y.1>=100
          %y.1>=200
        ]
      ]
    ]
  ]&&((%x.1<=1)||(%x.1<=2))
  ((%y.1>=0)&&[||
    %y.1>=0
    %y.1>=100
    %y.1>=200
  ])&&(([||
    %x.1<=2
    %y.1>=200
    ((%x.1<=1)||(%x.1<=2))&&((%x.1<=1)||((%x.1<=2)&&((%x.1<=1)||(((%x.1<=1)||(%x.1<=2))&&[||
      %y.1>=100
      %y.1>=200
      %y.1>=300
    ]))))
  ]&&[||
    (%x.1<=2)&&(%y.1>=200)
    ((%x.1<=1)||(%x.1<=2))&&((%x.1<=1)||((%x.1<=2)&&((%x.1<=1)||(((%x.1<=1)||(%x.1<=2))&&[||
      %y.1>=100
      %y.1>=200
      %y.1>=300
    ]))))
    [&&
      %y.1>=300
      (%y.1>=200)||(%y.1>=300)
      ((%y.1>=300)&&(!(%x.1<=2)))||(((%x.1<=1)||(%x.1<=2))&&((%x.1<=1)||((%x.1<=2)&&((%x.1<=1)||(((%x.1<=1)||(%x.1<=2))&&[||
        %y.1>=100
        %y.1>=200
        %y.1>=300
      ])))))
    ]
  ])&&((%x.1<=2)||(%x.1<=3)))
  ((%y.1>=0)&&((%y.1>=0)||(%y.1>=100)))&&(((%y.1>=0)&&[||
    %y.1>=0
    %y.1>=100
    %y.1>=200
  ])&&([||
    %x.1<=1
    %x.1<=2
    %x.1<=3
    %y.1>=300
    [||
      %y.1>=200
      %y.1>=300
      %y.1>=400
    ]&&[||
      %x.1<=1
      %x.1<=2
      %x.1<=3
    ]
    (%x.1<=2)&&(%x.1<=3)
  ]&&[||
    %x.1<=1
    %x.1<=2
    (%x.1<=3)&&((%x.1<=2)||(%y.1>=300))
    [||
      %y.1>=200
      %y.1>=300
      %y.1>=400
    ]&&[||
      %x.1<=1
      %x.1<=2
      %x.1<=3
    ]
    (%x.1<=2)&&(%x.1<=3)
    ((%x.1<=3)||((!(%y.1<=300))&&((%y.1>=300)||(%y.1>=400))))&&[||
      %x.1<=1
      %x.1<=2
      %y.1>=300
      !(%x.1<=3)
      [||
        %y.1>=200
        %y.1>=300
        %y.1>=400
      ]&&[||
        %x.1<=1
        %x.1<=2
        %x.1<=3
      ]
      (%x.1<=2)&&(%x.1<=3)
    ]
  ]))
  ((%y.1>=0)&&((%y.1>=0)||(%y.1>=100)))&&(([||
    %x.1<=3
    %y.1>=300
    %y.1>=301
    !(%x.1<=4)
    (%y.1>=100)&&[||
      %y.1>=100
      %y.1>=200
      %y.1>=300
    ]
  ]&&[||
    %y.1>=300
    %y.1>=301
    !(%x.1<=4)
    (%y.1>=100)&&[||
      %y.1>=100
      %y.1>=200
      %y.1>=300
    ]
    (%y.1>=0)&&(((%y.1>=100)&&[||
      %y.1>=100
      %y.1>=200
      %y.1>=300
    ])||([||
      %x.1<=3
      %y.1>=300
      %y.1>=301
      !(%x.1<=4)
      (%y.1>=100)&&[||
        %y.1>=100
        %y.1>=200
        %y.1>=300
      ]
    ]&&[||
      %y.1>=0
      %y.1>=300
      %y.1>=301
      !(%x.1<=4)
    ]))
  ])&&[||
    %x.1<=1
    %x.1<=2
    %x.1<=3
    %y.1>=300
    %y.1>=400
    %y.1>=500
    !(%y.1<=102)
    !(%y.1<=2)
    !(%y.1<=3)
    !(%x.1>=4)
    !(%y.1<=301)
  ])
  ((%y.1>=0)&&[||
    %y.1>=0
    %y.1>=100
    %y.1>=101
    %y.1>=1
  ])&&[||
    %y.1>=100
    %y.1>=200
    %y.1>=300
    %y.1>=400
    !(%y.1<=102)
    !(%y.1<=2)
    !(%y.1<=3)
    %y.1>=101
    ((%y.1>=100)||((%x.1<=3)&&(%y.1>=0)))&&[||
      %x.1<=2
      %x.1<=3
      %y.1>=100
      %y.1>=200
      %y.1>=300
      %y.1>=400
      %y.1>=500
      !(%y.1<=102)
      !(%y.1<=2)
      !(%y.1<=3)
      !(%x.1>=4)
      !(%y.1<=301)
      %y.1>=301
      %y.1>=101
      %y.1>=401
      %y.1>=501
      %y.1>=600
      !(%y.1<=4)
      !(%y.1<=302)
      !(%y.1<=202)
      !(%y.1<=103)
      !(%y.1<=401)
    ]
  ]
]
Destructing MC
