Working directory /tmp/ufo-pIi5zp
/home/aws/git/ufo/Release/bin/ufo --lawi temp/gulv_simp.o.o0.bc --ufo-trace=temp/gulv_simp.noneO0.trace --ufo-post=NONE --ufo-increfine=REF4 --ufo-dvo=true --ufo-simplify=false --ufo-consrefine=true
cleanMerge: entry
cleanMerge: %y.1_1
cleanMerge: %x.1_1
cleanMerge: %y.1
cleanMerge: %y.1_1
cleanMerge: %x.1
cleanMerge: %x.1_1
cleanMerge: bb
cleanMerge: %_0
cleanMerge: %_1
cleanMerge: bb1
cleanMerge: %_2
cleanMerge: %_3
cleanMerge: bb3
cleanMerge: %_6
cleanMerge: %.not
cleanMerge: %_7
cleanMerge: %or.cond
cleanMerge: bb2
cleanMerge: %_4
cleanMerge: %_5
cleanMerge: bb5
cleanMerge: %_8
cleanMerge: %_9
cleanMerge: entry
cleanMerge: %y.1_1
cleanMerge: %x.1_1
cleanMerge: %x.1
cleanMerge: %y.1
cleanMerge: %y.1_1
cleanMerge: %x.1_1
cleanMerge: bb
cleanMerge: %_0
cleanMerge: %_1
cleanMerge: bb1
cleanMerge: %_2
cleanMerge: %_3
cleanMerge: bb3
cleanMerge: %_6
cleanMerge: %.not
cleanMerge: %_7
cleanMerge: %or.cond
cleanMerge: bb2
cleanMerge: %_4
cleanMerge: %_5
cleanMerge: bb5
cleanMerge: %_8
cleanMerge: %_9
cleanMerge: %x.1
cleanMerge: %y.1
cleanMerge: %y.1_1
cleanMerge: %x.1_1
cleanMerge: bb
cleanMerge: %_0
cleanMerge: %_1
cleanMerge: bb1
cleanMerge: %_2
cleanMerge: %_3
cleanMerge: bb3
cleanMerge: %_6
cleanMerge: %.not
cleanMerge: %_7
cleanMerge: %or.cond
cleanMerge: bb2
cleanMerge: %_4
cleanMerge: %_5
cleanMerge: bb5
cleanMerge: %_8
cleanMerge: %_9
cleanMerge: %x.1
cleanMerge: %y.1
cleanMerge: %y.1_1
cleanMerge: %x.1_1
cleanMerge: bb
cleanMerge: %_0
cleanMerge: %_1
cleanMerge: bb1
cleanMerge: %_2
cleanMerge: %_3
cleanMerge: bb3
cleanMerge: %_6
cleanMerge: %.not
cleanMerge: %_7
cleanMerge: %or.cond
cleanMerge: bb2
cleanMerge: %_4
cleanMerge: %_5
cleanMerge: bb5
cleanMerge: %_8
cleanMerge: %_9
cleanMerge: entry
cleanMerge: %y.1_1
cleanMerge: %x.1_1
cleanMerge: %x.1
cleanMerge: %y.1
cleanMerge: %y.1_1
cleanMerge: %x.1_1
cleanMerge: bb
cleanMerge: %_0
cleanMerge: %_1
cleanMerge: bb1
cleanMerge: %_2
cleanMerge: %_3
cleanMerge: bb3
cleanMerge: %_6
cleanMerge: %.not
cleanMerge: %_7
cleanMerge: %or.cond
cleanMerge: bb2
cleanMerge: %_4
cleanMerge: %_5
cleanMerge: bb5
cleanMerge: %_8
cleanMerge: %_9
cleanMerge: %x.1
cleanMerge: %y.1
cleanMerge: %y.1_1
cleanMerge: %x.1_1
cleanMerge: bb
cleanMerge: %_0
cleanMerge: %_1
cleanMerge: bb1
cleanMerge: %_2
cleanMerge: %_3
cleanMerge: bb3
cleanMerge: %_6
cleanMerge: %.not
cleanMerge: %_7
cleanMerge: %or.cond
cleanMerge: bb2
cleanMerge: %_4
cleanMerge: %_5
cleanMerge: bb5
cleanMerge: %_8
cleanMerge: %_9
cleanMerge: %x.1
cleanMerge: %y.1
cleanMerge: %y.1_1
cleanMerge: %x.1_1
cleanMerge: bb
cleanMerge: %_0
cleanMerge: %_1
cleanMerge: bb1
cleanMerge: %_2
cleanMerge: %_3
cleanMerge: bb3
cleanMerge: %_6
cleanMerge: %.not
cleanMerge: %_7
cleanMerge: %or.cond
cleanMerge: bb2
cleanMerge: %_4
cleanMerge: %_5
cleanMerge: bb5
cleanMerge: %_8
cleanMerge: %_9
cleanMerge: %x.1
cleanMerge: %y.1
cleanMerge: %y.1_1
cleanMerge: %x.1_1
cleanMerge: bb
cleanMerge: %_0
cleanMerge: %_1
cleanMerge: bb1
cleanMerge: %_2
cleanMerge: %_3
cleanMerge: bb3
cleanMerge: %_6
cleanMerge: %.not
cleanMerge: %_7
cleanMerge: %or.cond
cleanMerge: bb2
cleanMerge: %_4
cleanMerge: %_5
cleanMerge: bb5
cleanMerge: %_8
cleanMerge: %_9
cleanMerge: %x.1
cleanMerge: %y.1
cleanMerge: %y.1_1
cleanMerge: %x.1_1
cleanMerge: bb
cleanMerge: %_0
cleanMerge: %_1
cleanMerge: bb1
cleanMerge: %_2
cleanMerge: %_3
cleanMerge: bb3
cleanMerge: %_6
cleanMerge: %.not
cleanMerge: %_7
cleanMerge: %or.cond
cleanMerge: bb2
cleanMerge: %_4
cleanMerge: %_5
cleanMerge: bb5
cleanMerge: %_8
cleanMerge: %_9
cleanMerge: entry
cleanMerge: %y.1_1
cleanMerge: %x.1_1
cleanMerge: %x.1
cleanMerge: %y.1
cleanMerge: %y.1_1
cleanMerge: %x.1_1
cleanMerge: bb
cleanMerge: %_0
cleanMerge: %_1
cleanMerge: bb1
cleanMerge: %_2
cleanMerge: %_3
cleanMerge: bb3
cleanMerge: %_6
cleanMerge: %.not
cleanMerge: %_7
cleanMerge: %or.cond
cleanMerge: bb2
cleanMerge: %_4
cleanMerge: %_5
cleanMerge: bb5
cleanMerge: %_8
cleanMerge: %_9
cleanMerge: %x.1
cleanMerge: %y.1
cleanMerge: %y.1_1
cleanMerge: %x.1_1
cleanMerge: bb
cleanMerge: %_0
cleanMerge: %_1
cleanMerge: bb1
cleanMerge: %_2
cleanMerge: %_3
cleanMerge: bb3
cleanMerge: %_6
cleanMerge: %.not
cleanMerge: %_7
cleanMerge: %or.cond
cleanMerge: bb2
cleanMerge: %_4
cleanMerge: %_5
cleanMerge: bb5
cleanMerge: %_8
cleanMerge: %_9
cleanMerge: %x.1
cleanMerge: %y.1
cleanMerge: %y.1_1
cleanMerge: %x.1_1
cleanMerge: bb
cleanMerge: %_0
cleanMerge: %_1
cleanMerge: bb1
cleanMerge: %_2
cleanMerge: %_3
cleanMerge: bb3
cleanMerge: %_6
cleanMerge: %.not
cleanMerge: %_7
cleanMerge: %or.cond
cleanMerge: bb2
cleanMerge: %_4
cleanMerge: %_5
cleanMerge: bb5
cleanMerge: %_8
cleanMerge: %_9
cleanMerge: %x.1
cleanMerge: %y.1
cleanMerge: %y.1_1
cleanMerge: %x.1_1
cleanMerge: bb
cleanMerge: %_0
cleanMerge: %_1
cleanMerge: bb1
cleanMerge: %_2
cleanMerge: %_3
cleanMerge: bb3
cleanMerge: %_6
cleanMerge: %.not
cleanMerge: %_7
cleanMerge: %or.cond
cleanMerge: bb2
cleanMerge: %_4
cleanMerge: %_5
cleanMerge: bb5
cleanMerge: %_8
cleanMerge: %_9
cleanMerge: %x.1
cleanMerge: %y.1
cleanMerge: %y.1_1
cleanMerge: %x.1_1
cleanMerge: bb
cleanMerge: %_0
cleanMerge: %_1
cleanMerge: bb1
cleanMerge: %_2
cleanMerge: %_3
cleanMerge: bb3
cleanMerge: %_6
cleanMerge: %.not
cleanMerge: %_7
cleanMerge: %or.cond
cleanMerge: bb2
cleanMerge: %_4
cleanMerge: %_5
cleanMerge: bb5
cleanMerge: %_8
cleanMerge: %_9
cleanMerge: %x.1
cleanMerge: %y.1
cleanMerge: %y.1_1
cleanMerge: %x.1_1
cleanMerge: bb
cleanMerge: %_0
cleanMerge: %_1
cleanMerge: bb1
cleanMerge: %_2
cleanMerge: %_3
cleanMerge: bb3
cleanMerge: %_6
cleanMerge: %.not
cleanMerge: %_7
cleanMerge: %or.cond
cleanMerge: bb2
cleanMerge: %_4
cleanMerge: %_5
cleanMerge: bb5
cleanMerge: %_8
cleanMerge: %_9
cleanMerge: %x.1
cleanMerge: %y.1
cleanMerge: %y.1_1
cleanMerge: %x.1_1
cleanMerge: bb
cleanMerge: %_0
cleanMerge: %_1
cleanMerge: bb1
cleanMerge: %_2
cleanMerge: %_3
cleanMerge: bb3
cleanMerge: %_6
cleanMerge: %.not
cleanMerge: %_7
cleanMerge: %or.cond
cleanMerge: bb2
cleanMerge: %_4
cleanMerge: %_5
cleanMerge: bb5
cleanMerge: %_8
cleanMerge: %_9
cleanMerge: entry
cleanMerge: %y.1_1
cleanMerge: %x.1_1
cleanMerge: %x.1
cleanMerge: %y.1
cleanMerge: %y.1_1
cleanMerge: %x.1_1
cleanMerge: bb
cleanMerge: %_0
cleanMerge: %_1
cleanMerge: bb1
cleanMerge: %_2
cleanMerge: %_3
cleanMerge: bb3
cleanMerge: %_6
cleanMerge: %.not
cleanMerge: %_7
cleanMerge: %or.cond
cleanMerge: bb2
cleanMerge: %_4
cleanMerge: %_5
cleanMerge: bb5
cleanMerge: %_8
cleanMerge: %_9
cleanMerge: %x.1
cleanMerge: %y.1
cleanMerge: %y.1_1
cleanMerge: %x.1_1
cleanMerge: bb
cleanMerge: %_0
cleanMerge: %_1
cleanMerge: bb1
cleanMerge: %_2
cleanMerge: %_3
cleanMerge: bb3
cleanMerge: %_6
cleanMerge: %.not
cleanMerge: %_7
cleanMerge: %or.cond
cleanMerge: bb2
cleanMerge: %_4
cleanMerge: %_5
cleanMerge: bb5
cleanMerge: %_8
cleanMerge: %_9
cleanMerge: %x.1
cleanMerge: %y.1
cleanMerge: %y.1_1
cleanMerge: %x.1_1
cleanMerge: bb
cleanMerge: %_0
cleanMerge: %_1
cleanMerge: bb1
cleanMerge: %_2
cleanMerge: %_3
cleanMerge: bb3
cleanMerge: %_6
cleanMerge: %.not
cleanMerge: %_7
cleanMerge: %or.cond
cleanMerge: bb2
cleanMerge: %_4
cleanMerge: %_5
cleanMerge: bb5
cleanMerge: %_8
cleanMerge: %_9
cleanMerge: %x.1
cleanMerge: %y.1
cleanMerge: %y.1_1
cleanMerge: %x.1_1
cleanMerge: bb
cleanMerge: %_0
cleanMerge: %_1
cleanMerge: bb1
cleanMerge: %_2
cleanMerge: %_3
cleanMerge: bb3
cleanMerge: %_6
cleanMerge: %.not
cleanMerge: %_7
cleanMerge: %or.cond
cleanMerge: bb2
cleanMerge: %_4
cleanMerge: %_5
cleanMerge: bb5
cleanMerge: %_8
cleanMerge: %_9
cleanMerge: %x.1
cleanMerge: %y.1
cleanMerge: %y.1_1
cleanMerge: %x.1_1
cleanMerge: bb
cleanMerge: %_0
cleanMerge: %_1
cleanMerge: bb1
cleanMerge: %_2
cleanMerge: %_3
cleanMerge: bb3
cleanMerge: %_6
cleanMerge: %.not
cleanMerge: %_7
cleanMerge: %or.cond
cleanMerge: bb2
cleanMerge: %_4
cleanMerge: %_5
cleanMerge: bb5
cleanMerge: %_8
cleanMerge: %_9
cleanMerge: %x.1
cleanMerge: %y.1
cleanMerge: %y.1_1
cleanMerge: %x.1_1
cleanMerge: bb
cleanMerge: %_0
cleanMerge: %_1
cleanMerge: bb1
cleanMerge: %_2
cleanMerge: %_3
cleanMerge: bb3
cleanMerge: %_6
cleanMerge: %.not
cleanMerge: %_7
cleanMerge: %or.cond
cleanMerge: bb2
cleanMerge: %_4
cleanMerge: %_5
cleanMerge: bb5
cleanMerge: %_8
cleanMerge: %_9
cleanMerge: %x.1
cleanMerge: %y.1
cleanMerge: %y.1_1
cleanMerge: %x.1_1
cleanMerge: bb
cleanMerge: %_0
cleanMerge: %_1
cleanMerge: bb1
cleanMerge: %_2
cleanMerge: %_3
cleanMerge: bb3
cleanMerge: %_6
cleanMerge: %.not
cleanMerge: %_7
cleanMerge: %or.cond
cleanMerge: bb2
cleanMerge: %_4
cleanMerge: %_5
cleanMerge: bb5
cleanMerge: %_8
cleanMerge: %_9
cleanMerge: %x.1
cleanMerge: %y.1
cleanMerge: %y.1_1
cleanMerge: %x.1_1
cleanMerge: bb
cleanMerge: %_0
cleanMerge: %_1
cleanMerge: bb1
cleanMerge: %_2
cleanMerge: %_3
cleanMerge: bb3
cleanMerge: %_6
cleanMerge: %.not
cleanMerge: %_7
cleanMerge: %or.cond
cleanMerge: bb2
cleanMerge: %_4
cleanMerge: %_5
cleanMerge: bb5
cleanMerge: %_8
cleanMerge: %_9
cleanMerge: %x.1
cleanMerge: %y.1
cleanMerge: %y.1_1
cleanMerge: %x.1_1
cleanMerge: bb
cleanMerge: %_0
cleanMerge: %_1
cleanMerge: bb1
cleanMerge: %_2
cleanMerge: %_3
cleanMerge: bb3
cleanMerge: %_6
cleanMerge: %.not
cleanMerge: %_7
cleanMerge: %or.cond
cleanMerge: bb2
cleanMerge: %_4
cleanMerge: %_5
cleanMerge: bb5
cleanMerge: %_8
cleanMerge: %_9
