 Creating LAWI 

 Creating LBE pass 

 Creating Topo pass 
; Creating WTOPass

== Running Topo pass ==
;
 == Running LBE == 
F name: main
Computing Cutpoints for main
done
0CUTPOINT: entry

--another edge--
entry
to: bb1

1CUTPOINT: ERROR

2CUTPOINT: bb1

--another edge--
bb1
bb2
to: ERROR

--another edge--
bb1
bb
to: bb1

--another edge--
bb1
bb2
to: __UFO__0

3CUTPOINT: __UFO__0

--another edge--
__UFO__0
to: __UFO__0

===Looking at Header entry

After first loop==Inteval size 1 entry 
===Looking at Header bb1

After first loop==Inteval size 1 entry 
==Inteval size 1 bb1 
Size of graph: 2
==Inteval size 1 entry 
==Inteval size 3 (bb1 )
===Looking at Header entry


mergingOut bb1
Adding to fixpoint bb1

MergeOut: Checking canReach: bb1
false 
After bracketing
==Inteval size 1 entry 
After first loop==Inteval size 4 entry (bb1 )
Size of graph: 1
==Inteval size 4 entry (bb1 )
==Inteval size 8 entry (bb1 )(__UFO__0 )ERROR 
Looking at entry
Looking at bb1
Looking at __UFO__0
Looking at ERROR
instantiating mc
instantiated model checker - now model checking
Creating new node: 0:entry
 Picked root node and about to start UFO


========================ITER 0 ========================

Largest node: 1

========REPORT========
BRUNCH_STAT Result UNKNOWN
BRUNCH_STAT Iter 0
BRUNCH_STAT Refine 0
BRUNCH_STAT BoolPost 0
BRUNCH_STAT BoolPostP 0
BRUNCH_STAT CartPost 0
BRUNCH_STAT NodesNum 1

BRUNCH_STAT InterpTime 0.000000e+00
BRUNCH_STAT CoverTimeU 0.000000e+00
BRUNCH_STAT ExprTime 0.000000e+00
BRUNCH_STAT PostTime 0.000000e+00
BRUNCH_STAT CleanTime 0.000000e+00
BRUNCH_STAT UTime 1.200000e-02
BRUNCH_STAT STime 0.000000e+00



************** BRUNCH STATS ***************** 
BRUNCH_STAT aArg.size 1
BRUNCH_STAT ufo.main_loop 1
BRUNCH_STAT ufo.total 0.00
************** BRUNCH STATS END ***************** 

looking at node 0:entry
marked
Creating new node: 1:bb1
	Adding child 1:bb1
Done adding children
Done computing post
Picking next node from future in SAME component bb1

PICKING bb1

looking at node 1:bb1
marked
Creating new node: 2:ERROR
	Adding child 2:ERROR
Creating new node: 3:bb1
	Adding child 3:bb1
Done adding children
Done computing post
Picking next node from future in SAME component bb1

PICKING bb1

looking at node 3:bb1
marked
	Adding child 2:ERROR
Creating new node: 4:bb1
	Adding child 4:bb1
Done adding children

==WIDEN GCNR08=
Done computing post
Looking for head of 2
BB: bb1
Looking for head of 3
BB: __UFO__0
Picking next node from future in NEXT component ERROR

PICKING ERROR

looking at node 2:ERROR
marked
Done adding children
Done computing post
ERROR NODE :2:ERROR
0:entry
1:bb1
2:ERROR
3:bb1
4:bb1
Refiner: refine path to ERROR ...
Number of true assumptions: 7
Number of true assumptions: 7



************************

Number of assumptions: 14

	Number of inst assumptions: 10
	Number of node assumptions: 2
Number of TRUE assumptions: 7
	Number of true inst assumptions: 7
	Number of true node assumptions: 0


************************

INTERPOLATING...
DONE INTERPOLATING: # interps =  2
Refiner: Mining labels from interpolants
Refiner: mkInScope ...
ITP SIZE : 7 AFTER SIMP: 7
Refiner: mkInScope: DONE
Conjoining labels
Refiner: mkInScope ...
ITP SIZE : 12 AFTER SIMP: 12
Refiner: mkInScope: DONE
Conjoining labels
Refiner: refine: DONE 


========================ITER 1 ========================

Largest node: 5

========REPORT========
BRUNCH_STAT Result UNKNOWN
BRUNCH_STAT Iter 1
BRUNCH_STAT Refine 0
BRUNCH_STAT BoolPost 0
BRUNCH_STAT BoolPostP 0
BRUNCH_STAT CartPost 0
BRUNCH_STAT NodesNum 5

BRUNCH_STAT InterpTime 0.000000e+00
BRUNCH_STAT CoverTimeU 0.000000e+00
BRUNCH_STAT ExprTime 0.000000e+00
BRUNCH_STAT PostTime 0.000000e+00
BRUNCH_STAT CleanTime 0.000000e+00
BRUNCH_STAT UTime 2.800100e-02
BRUNCH_STAT STime 0.000000e+00



************** BRUNCH STATS ***************** 
BRUNCH_STAT aArg.size 5
BRUNCH_STAT ufo.main_loop 2
BRUNCH_STAT SmartExprSet.add 0.00
BRUNCH_STAT asm_refiner.simplify.assumptions 0.00
BRUNCH_STAT msat.from_expr 0.00
BRUNCH_STAT msat.to_expr 0.00
BRUNCH_STAT refiner.assumptions 0.00
BRUNCH_STAT refiner.assumptions.total 0.00
BRUNCH_STAT refiner.interps 0.00
BRUNCH_STAT refiner.mkInScope 0.00
BRUNCH_STAT refiner.mkInScope.elim_and_simplify 0.00
BRUNCH_STAT refiner.mkInScope.elim_node 0.00
BRUNCH_STAT refiner.mkInScope.elim_other 0.00
BRUNCH_STAT refiner.mkInScope.out_of_scope 0.00
BRUNCH_STAT refiner.mkInScope.propSimp 0.00
BRUNCH_STAT refiner.mkInScope.variants 0.00
BRUNCH_STAT refiner.nnf 0.00
BRUNCH_STAT refiner.pre 0.00
BRUNCH_STAT refiner.total 0.01
BRUNCH_STAT ufo.expand 0.00
BRUNCH_STAT ufo.expand.is_covered 0.00
BRUNCH_STAT ufo.post 0.00
BRUNCH_STAT ufo.total 0.02
BRUNCH_STAT z3.from_expr 0.00
BRUNCH_STAT z3.to_expr 0.00
************** BRUNCH STATS END ***************** 

looking at node 0:entry
not marked
Picking next node from future in SAME component bb1

PICKING bb1

looking at node 1:bb1
not marked

labeling node: 1:bb1
Picking next node from future in SAME component bb1

PICKING bb1

looking at node 3:bb1
not marked

labeling node: 3:bb1
Picking next node from future in SAME component bb1

PICKING bb1

looking at node 4:bb1
marked
	Adding child 2:ERROR
Creating new node: 5:bb1
	Adding child 5:bb1
Done adding children

==WIDEN GCNR08=
Done computing post
Picking next node from future in SAME component bb1

PICKING bb1

looking at node 5:bb1
marked
	Adding child 2:ERROR
Creating new node: 6:bb1
	Adding child 6:bb1
Done adding children

==WIDEN GCNR08=
Done computing post
Looking for head of 2
BB: bb1
Looking for head of 3
BB: __UFO__0
Picking next node from future in NEXT component ERROR

PICKING ERROR

looking at node 2:ERROR
marked
Done adding children
Done computing post
ERROR NODE :2:ERROR
0:entry
1:bb1
2:ERROR
3:bb1
4:bb1
5:bb1
6:bb1
Refiner: refine path to ERROR ...
Number of true assumptions: 19
Number of true assumptions: 17
Number of true assumptions: 17



************************

Number of assumptions: 32

	Number of inst assumptions: 24
	Number of node assumptions: 4
Number of TRUE assumptions: 17
	Number of true inst assumptions: 17
	Number of true node assumptions: 0


************************

INTERPOLATING...
DONE INTERPOLATING: # interps =  4
Refiner: Mining labels from interpolants
Refiner: mkInScope ...
ITP SIZE : 7 AFTER SIMP: 7
Refiner: mkInScope: DONE
Conjoining labels
Refiner: mkInScope ...
ITP SIZE : 12 AFTER SIMP: 12
Refiner: mkInScope: DONE
Conjoining labels
Refiner: mkInScope ...
ITP SIZE : 18 AFTER SIMP: 18
Refiner: mkInScope: DONE
Conjoining labels
Refiner: mkInScope ...
ITP SIZE : 18 AFTER SIMP: 18
Refiner: mkInScope: DONE
Conjoining labels
Refiner: refine: DONE 


========================ITER 2 ========================

Largest node: 7

========REPORT========
BRUNCH_STAT Result UNKNOWN
BRUNCH_STAT Iter 2
BRUNCH_STAT Refine 0
BRUNCH_STAT BoolPost 0
BRUNCH_STAT BoolPostP 0
BRUNCH_STAT CartPost 0
BRUNCH_STAT NodesNum 7

BRUNCH_STAT InterpTime 0.000000e+00
BRUNCH_STAT CoverTimeU 0.000000e+00
BRUNCH_STAT ExprTime 0.000000e+00
BRUNCH_STAT PostTime 0.000000e+00
BRUNCH_STAT CleanTime 0.000000e+00
BRUNCH_STAT UTime 4.400200e-02
BRUNCH_STAT STime 0.000000e+00



************** BRUNCH STATS ***************** 
BRUNCH_STAT aArg.size 7
BRUNCH_STAT ufo.main_loop 3
BRUNCH_STAT SmartExprSet.add 0.00
BRUNCH_STAT asm_refiner.simplify.assumptions 0.00
BRUNCH_STAT msat.from_expr 0.00
BRUNCH_STAT msat.to_expr 0.00
BRUNCH_STAT refiner.assumptions 0.01
BRUNCH_STAT refiner.assumptions.total 0.01
BRUNCH_STAT refiner.interps 0.00
BRUNCH_STAT refiner.mkInScope 0.00
BRUNCH_STAT refiner.mkInScope.elim_and_simplify 0.00
BRUNCH_STAT refiner.mkInScope.elim_node 0.00
BRUNCH_STAT refiner.mkInScope.elim_other 0.00
BRUNCH_STAT refiner.mkInScope.out_of_scope 0.00
BRUNCH_STAT refiner.mkInScope.propSimp 0.00
BRUNCH_STAT refiner.mkInScope.variants 0.00
BRUNCH_STAT refiner.nnf 0.00
BRUNCH_STAT refiner.pre 0.00
BRUNCH_STAT refiner.total 0.02
BRUNCH_STAT ufo.expand 0.00
BRUNCH_STAT ufo.expand.is_covered 0.00
BRUNCH_STAT ufo.post 0.00
BRUNCH_STAT ufo.total 0.04
BRUNCH_STAT z3.from_expr 0.00
BRUNCH_STAT z3.to_expr 0.00
************** BRUNCH STATS END ***************** 

looking at node 0:entry
not marked
Picking next node from future in SAME component bb1

PICKING bb1

looking at node 1:bb1
not marked

labeling node: 1:bb1
Picking next node from future in SAME component bb1

PICKING bb1

looking at node 3:bb1
not marked

labeling node: 3:bb1
Picking next node from future in SAME component bb1

PICKING bb1

looking at node 4:bb1
not marked

labeling node: 4:bb1
Picking next node from future in SAME component bb1

PICKING bb1

looking at node 5:bb1
not marked

labeling node: 5:bb1
Picking next node from future in SAME component bb1

PICKING bb1

looking at node 6:bb1
marked
	Adding child 2:ERROR
Creating new node: 7:bb1
	Adding child 7:bb1
Done adding children

==WIDEN GCNR08=
Done computing post
Picking next node from future in SAME component bb1

PICKING bb1

looking at node 7:bb1
marked
	Adding child 2:ERROR
Creating new node: 8:bb1
	Adding child 8:bb1
Done adding children

==WIDEN GCNR08=
Done computing post
Looking for head of 2
BB: bb1
Looking for head of 3
BB: __UFO__0
Picking next node from future in NEXT component ERROR

PICKING ERROR

looking at node 2:ERROR
marked
Done adding children
Done computing post
ERROR NODE :2:ERROR
0:entry
1:bb1
2:ERROR
3:bb1
4:bb1
5:bb1
6:bb1
7:bb1
8:bb1
Refiner: refine path to ERROR ...
Number of true assumptions: 29
Number of true assumptions: 29



************************

Number of assumptions: 52

	Number of inst assumptions: 38
	Number of node assumptions: 6
Number of TRUE assumptions: 29
	Number of true inst assumptions: 29
	Number of true node assumptions: 0


************************

INTERPOLATING...
DONE INTERPOLATING: # interps =  6
Refiner: Mining labels from interpolants
Refiner: mkInScope ...
ITP SIZE : 7 AFTER SIMP: 7
Refiner: mkInScope: DONE
Conjoining labels
Refiner: mkInScope ...
ITP SIZE : 12 AFTER SIMP: 12
Refiner: mkInScope: DONE
Conjoining labels
Refiner: mkInScope ...
ITP SIZE : 15 AFTER SIMP: 15
Refiner: mkInScope: DONE
Conjoining labels
Refiner: mkInScope ...
ITP SIZE : 15 AFTER SIMP: 15
Refiner: mkInScope: DONE
Conjoining labels
Refiner: mkInScope ...
ITP SIZE : 15 AFTER SIMP: 15
Refiner: mkInScope: DONE
Conjoining labels
Refiner: mkInScope ...
ITP SIZE : 15 AFTER SIMP: 15
Refiner: mkInScope: DONE
Conjoining labels
Refiner: refine: DONE 


========================ITER 3 ========================

Largest node: 9

========REPORT========
BRUNCH_STAT Result UNKNOWN
BRUNCH_STAT Iter 3
BRUNCH_STAT Refine 0
BRUNCH_STAT BoolPost 0
BRUNCH_STAT BoolPostP 0
BRUNCH_STAT CartPost 0
BRUNCH_STAT NodesNum 9

BRUNCH_STAT InterpTime 0.000000e+00
BRUNCH_STAT CoverTimeU 0.000000e+00
BRUNCH_STAT ExprTime 0.000000e+00
BRUNCH_STAT PostTime 0.000000e+00
BRUNCH_STAT CleanTime 0.000000e+00
BRUNCH_STAT UTime 6.400400e-02
BRUNCH_STAT STime 0.000000e+00



************** BRUNCH STATS ***************** 
BRUNCH_STAT aArg.size 9
BRUNCH_STAT ufo.main_loop 4
BRUNCH_STAT SmartExprSet.add 0.00
BRUNCH_STAT asm_refiner.simplify.assumptions 0.00
BRUNCH_STAT msat.from_expr 0.00
BRUNCH_STAT msat.to_expr 0.00
BRUNCH_STAT refiner.assumptions 0.02
BRUNCH_STAT refiner.assumptions.total 0.02
BRUNCH_STAT refiner.interps 0.01
BRUNCH_STAT refiner.mkInScope 0.01
BRUNCH_STAT refiner.mkInScope.elim_and_simplify 0.01
BRUNCH_STAT refiner.mkInScope.elim_node 0.00
BRUNCH_STAT refiner.mkInScope.elim_other 0.00
BRUNCH_STAT refiner.mkInScope.out_of_scope 0.00
BRUNCH_STAT refiner.mkInScope.propSimp 0.01
BRUNCH_STAT refiner.mkInScope.variants 0.00
BRUNCH_STAT refiner.nnf 0.00
BRUNCH_STAT refiner.pre 0.00
BRUNCH_STAT refiner.total 0.04
BRUNCH_STAT ufo.expand 0.00
BRUNCH_STAT ufo.expand.is_covered 0.00
BRUNCH_STAT ufo.post 0.00
BRUNCH_STAT ufo.total 0.06
BRUNCH_STAT z3.from_expr 0.01
BRUNCH_STAT z3.to_expr 0.00
************** BRUNCH STATS END ***************** 

looking at node 0:entry
not marked
Picking next node from future in SAME component bb1

PICKING bb1

looking at node 1:bb1
not marked

labeling node: 1:bb1
Picking next node from future in SAME component bb1

PICKING bb1

looking at node 3:bb1
not marked

labeling node: 3:bb1
Picking next node from future in SAME component bb1

PICKING bb1

looking at node 4:bb1
not marked

labeling node: 4:bb1
Picking next node from future in SAME component bb1

PICKING bb1

looking at node 5:bb1
not marked

labeling node: 5:bb1
Picking next node from future in SAME component bb1

PICKING bb1

looking at node 6:bb1
not marked

labeling node: 6:bb1
Picking next node from future in SAME component bb1

PICKING bb1

looking at node 7:bb1
not marked

labeling node: 7:bb1
Picking next node from future in SAME component bb1

PICKING bb1

looking at node 8:bb1
marked
	Adding child 2:ERROR
Creating new node: 9:bb1
	Adding child 9:bb1
Done adding children

==WIDEN GCNR08=
Done computing post
Picking next node from future in SAME component bb1

PICKING bb1

looking at node 9:bb1
marked
	Adding child 2:ERROR
Creating new node: 10:bb1
	Adding child 10:bb1
Done adding children

==WIDEN GCNR08=
Done computing post
Looking for head of 2
BB: bb1
Looking for head of 3
BB: __UFO__0
Picking next node from future in NEXT component ERROR

PICKING ERROR

looking at node 2:ERROR
marked
Done adding children
Done computing post
ERROR NODE :2:ERROR
0:entry
1:bb1
2:ERROR
3:bb1
4:bb1
5:bb1
6:bb1
7:bb1
8:bb1
9:bb1
10:bb1
Refiner: refine path to ERROR ...
Number of true assumptions: 37
Number of true assumptions: 37



************************

Number of assumptions: 70

	Number of inst assumptions: 52
	Number of node assumptions: 8
Number of TRUE assumptions: 37
	Number of true inst assumptions: 37
	Number of true node assumptions: 0


************************

INTERPOLATING...
DONE INTERPOLATING: # interps =  8
Refiner: Mining labels from interpolants
Refiner: mkInScope ...
ITP SIZE : 7 AFTER SIMP: 7
Refiner: mkInScope: DONE
Conjoining labels
Refiner: mkInScope ...
ITP SIZE : 12 AFTER SIMP: 12
Refiner: mkInScope: DONE
Conjoining labels
Refiner: mkInScope ...
ITP SIZE : 15 AFTER SIMP: 15
Refiner: mkInScope: DONE
Conjoining labels
Refiner: mkInScope ...
ITP SIZE : 15 AFTER SIMP: 15
Refiner: mkInScope: DONE
Conjoining labels
Refiner: mkInScope ...
ITP SIZE : 21 AFTER SIMP: 19
Refiner: mkInScope: DONE
Conjoining labels
Refiner: mkInScope ...
ITP SIZE : 19 AFTER SIMP: 19
Refiner: mkInScope: DONE
Conjoining labels
Refiner: mkInScope ...
ITP SIZE : 19 AFTER SIMP: 19
Refiner: mkInScope: DONE
Conjoining labels
Refiner: mkInScope ...
ITP SIZE : 15 AFTER SIMP: 15
Refiner: mkInScope: DONE
Conjoining labels
Refiner: refine: DONE 


========================ITER 4 ========================

Largest node: 11

========REPORT========
BRUNCH_STAT Result UNKNOWN
BRUNCH_STAT Iter 4
BRUNCH_STAT Refine 0
BRUNCH_STAT BoolPost 0
BRUNCH_STAT BoolPostP 0
BRUNCH_STAT CartPost 0
BRUNCH_STAT NodesNum 11

BRUNCH_STAT InterpTime 0.000000e+00
BRUNCH_STAT CoverTimeU 0.000000e+00
BRUNCH_STAT ExprTime 0.000000e+00
BRUNCH_STAT PostTime 0.000000e+00
BRUNCH_STAT CleanTime 0.000000e+00
BRUNCH_STAT UTime 1.000060e-01
BRUNCH_STAT STime 0.000000e+00



************** BRUNCH STATS ***************** 
BRUNCH_STAT aArg.size 11
BRUNCH_STAT ufo.main_loop 5
BRUNCH_STAT SmartExprSet.add 0.00
BRUNCH_STAT asm_refiner.simplify.assumptions 0.00
BRUNCH_STAT msat.from_expr 0.00
BRUNCH_STAT msat.to_expr 0.00
BRUNCH_STAT refiner.assumptions 0.02
BRUNCH_STAT refiner.assumptions.total 0.02
BRUNCH_STAT refiner.interps 0.02
BRUNCH_STAT refiner.mkInScope 0.01
BRUNCH_STAT refiner.mkInScope.elim_and_simplify 0.01
BRUNCH_STAT refiner.mkInScope.elim_node 0.00
BRUNCH_STAT refiner.mkInScope.elim_other 0.00
BRUNCH_STAT refiner.mkInScope.out_of_scope 0.00
BRUNCH_STAT refiner.mkInScope.propSimp 0.01
BRUNCH_STAT refiner.mkInScope.variants 0.00
BRUNCH_STAT refiner.nnf 0.00
BRUNCH_STAT refiner.pre 0.00
BRUNCH_STAT refiner.total 0.07
BRUNCH_STAT ufo.expand 0.00
BRUNCH_STAT ufo.expand.is_covered 0.00
BRUNCH_STAT ufo.post 0.00
BRUNCH_STAT ufo.total 0.09
BRUNCH_STAT z3.from_expr 0.01
BRUNCH_STAT z3.to_expr 0.00
************** BRUNCH STATS END ***************** 

looking at node 0:entry
not marked
Picking next node from future in SAME component bb1

PICKING bb1

looking at node 1:bb1
not marked

labeling node: 1:bb1
Picking next node from future in SAME component bb1

PICKING bb1

looking at node 3:bb1
not marked

labeling node: 3:bb1
Picking next node from future in SAME component bb1

PICKING bb1

looking at node 4:bb1
not marked

labeling node: 4:bb1
Picking next node from future in SAME component bb1

PICKING bb1

looking at node 5:bb1
not marked

labeling node: 5:bb1
Picking next node from future in SAME component bb1

PICKING bb1

looking at node 6:bb1
not marked

labeling node: 6:bb1
Picking next node from future in SAME component bb1

PICKING bb1

looking at node 7:bb1
not marked

labeling node: 7:bb1
Picking next node from future in SAME component bb1

PICKING bb1

looking at node 8:bb1
not marked

labeling node: 8:bb1
Picking next node from future in SAME component bb1

PICKING bb1

looking at node 9:bb1
not marked

labeling node: 9:bb1
Picking next node from future in SAME component bb1

PICKING bb1

looking at node 10:bb1
marked
	Adding child 2:ERROR
Creating new node: 11:bb1
	Adding child 11:bb1
Done adding children

==WIDEN GCNR08=
Done computing post
Picking next node from future in SAME component bb1

PICKING bb1

looking at node 11:bb1
marked
	Adding child 2:ERROR
Creating new node: 12:bb1
	Adding child 12:bb1
Done adding children

==WIDEN GCNR08=
Done computing post
Looking for head of 2
BB: bb1
Looking for head of 3
BB: __UFO__0
Picking next node from future in NEXT component ERROR

PICKING ERROR

looking at node 2:ERROR
marked
Done adding children
Done computing post
ERROR NODE :2:ERROR
0:entry
1:bb1
2:ERROR
3:bb1
4:bb1
5:bb1
6:bb1
7:bb1
8:bb1
9:bb1
10:bb1
11:bb1
12:bb1
Refiner: refine path to ERROR ...
Number of true assumptions: 49
Number of true assumptions: 49



************************

Number of assumptions: 91

	Number of inst assumptions: 66
	Number of node assumptions: 10
Number of TRUE assumptions: 49
	Number of true inst assumptions: 47
	Number of true node assumptions: 1


************************

INTERPOLATING...
DONE INTERPOLATING: # interps =  10
Refiner: Mining labels from interpolants
Refiner: mkInScope ...
ITP SIZE : 7 AFTER SIMP: 7
Refiner: mkInScope: DONE
Conjoining labels
Refiner: mkInScope ...
ITP SIZE : 12 AFTER SIMP: 12
Refiner: mkInScope: DONE
Conjoining labels
Refiner: mkInScope ...
ITP SIZE : 15 AFTER SIMP: 15
Refiner: mkInScope: DONE
Conjoining labels
Refiner: mkInScope ...
ITP SIZE : 15 AFTER SIMP: 15
Refiner: mkInScope: DONE
Conjoining labels
Refiner: mkInScope ...
ITP SIZE : 15 AFTER SIMP: 15
Refiner: mkInScope: DONE
Conjoining labels
Refiner: mkInScope ...
ITP SIZE : 15 AFTER SIMP: 15
Refiner: mkInScope: DONE
Conjoining labels
Refiner: mkInScope ...
ITP SIZE : 1 AFTER SIMP: 1
Refiner: mkInScope: DONE
Conjoining labels
Refiner: mkInScope ...
ITP SIZE : 15 AFTER SIMP: 15
Refiner: mkInScope: DONE
Conjoining labels
Refiner: mkInScope ...
ITP SIZE : 15 AFTER SIMP: 15
Refiner: mkInScope: DONE
Conjoining labels
Refiner: mkInScope ...
ITP SIZE : 15 AFTER SIMP: 15
Refiner: mkInScope: DONE
Conjoining labels
Refiner: refine: DONE 


========================ITER 5 ========================

Largest node: 13

========REPORT========
BRUNCH_STAT Result UNKNOWN
BRUNCH_STAT Iter 5
BRUNCH_STAT Refine 0
BRUNCH_STAT BoolPost 0
BRUNCH_STAT BoolPostP 0
BRUNCH_STAT CartPost 0
BRUNCH_STAT NodesNum 13

BRUNCH_STAT InterpTime 0.000000e+00
BRUNCH_STAT CoverTimeU 0.000000e+00
BRUNCH_STAT ExprTime 0.000000e+00
BRUNCH_STAT PostTime 0.000000e+00
BRUNCH_STAT CleanTime 0.000000e+00
BRUNCH_STAT UTime 1.360080e-01
BRUNCH_STAT STime 0.000000e+00



************** BRUNCH STATS ***************** 
BRUNCH_STAT aArg.size 13
BRUNCH_STAT ufo.main_loop 6
BRUNCH_STAT SmartExprSet.add 0.00
BRUNCH_STAT asm_refiner.simplify.assumptions 0.00
BRUNCH_STAT msat.from_expr 0.00
BRUNCH_STAT msat.to_expr 0.00
BRUNCH_STAT refiner.assumptions 0.02
BRUNCH_STAT refiner.assumptions.total 0.03
BRUNCH_STAT refiner.interps 0.04
BRUNCH_STAT refiner.mkInScope 0.01
BRUNCH_STAT refiner.mkInScope.elim_and_simplify 0.01
BRUNCH_STAT refiner.mkInScope.elim_node 0.00
BRUNCH_STAT refiner.mkInScope.elim_other 0.00
BRUNCH_STAT refiner.mkInScope.out_of_scope 0.00
BRUNCH_STAT refiner.mkInScope.propSimp 0.01
BRUNCH_STAT refiner.mkInScope.variants 0.00
BRUNCH_STAT refiner.nnf 0.00
BRUNCH_STAT refiner.pre 0.00
BRUNCH_STAT refiner.total 0.10
BRUNCH_STAT ufo.expand 0.01
BRUNCH_STAT ufo.expand.is_covered 0.00
BRUNCH_STAT ufo.post 0.00
BRUNCH_STAT ufo.total 0.13
BRUNCH_STAT z3.from_expr 0.01
BRUNCH_STAT z3.to_expr 0.00
************** BRUNCH STATS END ***************** 

looking at node 0:entry
not marked
Picking next node from future in SAME component bb1

PICKING bb1

looking at node 1:bb1
not marked

labeling node: 1:bb1
Picking next node from future in SAME component bb1

PICKING bb1

looking at node 3:bb1
not marked

labeling node: 3:bb1
Picking next node from future in SAME component bb1

PICKING bb1

looking at node 4:bb1
not marked

labeling node: 4:bb1
Picking next node from future in SAME component bb1

PICKING bb1

looking at node 5:bb1
not marked

labeling node: 5:bb1
Picking next node from future in SAME component bb1

PICKING bb1

looking at node 6:bb1
not marked

labeling node: 6:bb1
Picking next node from future in SAME component bb1

PICKING bb1

looking at node 7:bb1
not marked

labeling node: 7:bb1
Picking next node from future in SAME component bb1

PICKING bb1

looking at node 8:bb1
not marked

labeling node: 8:bb1
Picking next node from future in SAME component bb1

PICKING bb1

looking at node 9:bb1
not marked

labeling node: 9:bb1
Picking next node from future in SAME component bb1

PICKING bb1

looking at node 10:bb1
not marked

labeling node: 10:bb1
Picking next node from future in SAME component bb1

PICKING bb1

looking at node 11:bb1
not marked

labeling node: 11:bb1
Picking next node from future in SAME component bb1

PICKING bb1

looking at node 12:bb1
marked
	Adding child 2:ERROR
Creating new node: 13:bb1
	Adding child 13:bb1
Done adding children

==WIDEN GCNR08=
Done computing post
Picking next node from future in SAME component bb1

PICKING bb1

looking at node 13:bb1
marked
	Adding child 2:ERROR
Creating new node: 14:bb1
	Adding child 14:bb1
Done adding children

==WIDEN GCNR08=
Done computing post
Looking for head of 2
BB: bb1
Looking for head of 3
BB: __UFO__0
Picking next node from future in NEXT component ERROR

PICKING ERROR

looking at node 2:ERROR
marked
Done adding children
Done computing post
ERROR NODE :2:ERROR
0:entry
1:bb1
2:ERROR
3:bb1
4:bb1
5:bb1
6:bb1
7:bb1
8:bb1
9:bb1
10:bb1
11:bb1
12:bb1
13:bb1
14:bb1
Refiner: refine path to ERROR ...
Number of true assumptions: 59
Number of true assumptions: 59



************************

Number of assumptions: 109

	Number of inst assumptions: 80
	Number of node assumptions: 12
Number of TRUE assumptions: 59
	Number of true inst assumptions: 59
	Number of true node assumptions: 0


************************

INTERPOLATING...
DONE INTERPOLATING: # interps =  12
Refiner: Mining labels from interpolants
Refiner: mkInScope ...
ITP SIZE : 7 AFTER SIMP: 7
Refiner: mkInScope: DONE
Conjoining labels
Refiner: mkInScope ...
ITP SIZE : 12 AFTER SIMP: 12
Refiner: mkInScope: DONE
Conjoining labels
Refiner: mkInScope ...
ITP SIZE : 15 AFTER SIMP: 15
Refiner: mkInScope: DONE
Conjoining labels
Refiner: mkInScope ...
ITP SIZE : 15 AFTER SIMP: 15
Refiner: mkInScope: DONE
Conjoining labels
Refiner: mkInScope ...
ITP SIZE : 23 AFTER SIMP: 23
Refiner: mkInScope: DONE
Conjoining labels
Refiner: mkInScope ...
ITP SIZE : 15 AFTER SIMP: 15
Refiner: mkInScope: DONE
Conjoining labels
Refiner: mkInScope ...
ITP SIZE : 23 AFTER SIMP: 20
Refiner: mkInScope: DONE
Conjoining labels
Refiner: mkInScope ...
ITP SIZE : 24 AFTER SIMP: 23
Refiner: mkInScope: DONE
Conjoining labels
Refiner: mkInScope ...
ITP SIZE : 21 AFTER SIMP: 21
Refiner: mkInScope: DONE
Conjoining labels
Refiner: mkInScope ...
ITP SIZE : 30 AFTER SIMP: 28
Refiner: mkInScope: DONE
Conjoining labels
Refiner: mkInScope ...
ITP SIZE : 26 AFTER SIMP: 23
Refiner: mkInScope: DONE
Conjoining labels
Refiner: mkInScope ...
ITP SIZE : 14 AFTER SIMP: 14
Refiner: mkInScope: DONE
Conjoining labels
Refiner: refine: DONE 


========================ITER 6 ========================

Largest node: 15

========REPORT========
BRUNCH_STAT Result UNKNOWN
BRUNCH_STAT Iter 6
BRUNCH_STAT Refine 0
BRUNCH_STAT BoolPost 0
BRUNCH_STAT BoolPostP 0
BRUNCH_STAT CartPost 0
BRUNCH_STAT NodesNum 15

BRUNCH_STAT InterpTime 0.000000e+00
BRUNCH_STAT CoverTimeU 0.000000e+00
BRUNCH_STAT ExprTime 0.000000e+00
BRUNCH_STAT PostTime 0.000000e+00
BRUNCH_STAT CleanTime 0.000000e+00
BRUNCH_STAT UTime 1.960120e-01
BRUNCH_STAT STime 4.000000e-03



************** BRUNCH STATS ***************** 
BRUNCH_STAT aArg.size 15
BRUNCH_STAT ufo.main_loop 7
BRUNCH_STAT SmartExprSet.add 0.00
BRUNCH_STAT asm_refiner.simplify.assumptions 0.01
BRUNCH_STAT msat.from_expr 0.00
BRUNCH_STAT msat.to_expr 0.00
BRUNCH_STAT refiner.assumptions 0.03
BRUNCH_STAT refiner.assumptions.total 0.04
BRUNCH_STAT refiner.interps 0.07
BRUNCH_STAT refiner.mkInScope 0.02
BRUNCH_STAT refiner.mkInScope.elim_and_simplify 0.02
BRUNCH_STAT refiner.mkInScope.elim_node 0.00
BRUNCH_STAT refiner.mkInScope.elim_other 0.00
BRUNCH_STAT refiner.mkInScope.out_of_scope 0.00
BRUNCH_STAT refiner.mkInScope.propSimp 0.02
BRUNCH_STAT refiner.mkInScope.variants 0.00
BRUNCH_STAT refiner.nnf 0.00
BRUNCH_STAT refiner.pre 0.01
BRUNCH_STAT refiner.total 0.16
BRUNCH_STAT ufo.expand 0.01
BRUNCH_STAT ufo.expand.is_covered 0.00
BRUNCH_STAT ufo.post 0.00
BRUNCH_STAT ufo.total 0.19
BRUNCH_STAT z3.from_expr 0.01
BRUNCH_STAT z3.to_expr 0.00
************** BRUNCH STATS END ***************** 

looking at node 0:entry
not marked
Picking next node from future in SAME component bb1

PICKING bb1

looking at node 1:bb1
not marked

labeling node: 1:bb1
Picking next node from future in SAME component bb1

PICKING bb1

looking at node 3:bb1
not marked

labeling node: 3:bb1
Picking next node from future in SAME component bb1

PICKING bb1

looking at node 4:bb1
not marked

labeling node: 4:bb1
Picking next node from future in SAME component bb1

PICKING bb1

looking at node 5:bb1
not marked

labeling node: 5:bb1
Picking next node from future in SAME component bb1

PICKING bb1

looking at node 6:bb1
not marked

labeling node: 6:bb1
Picking next node from future in SAME component bb1

PICKING bb1

looking at node 7:bb1
not marked

labeling node: 7:bb1
Picking next node from future in SAME component bb1

PICKING bb1

looking at node 8:bb1
not marked

labeling node: 8:bb1
Picking next node from future in SAME component bb1

PICKING bb1

looking at node 9:bb1
not marked

labeling node: 9:bb1
Picking next node from future in SAME component bb1

PICKING bb1

looking at node 10:bb1
not marked

labeling node: 10:bb1
Picking next node from future in SAME component bb1

PICKING bb1

looking at node 11:bb1
not marked

labeling node: 11:bb1
Picking next node from future in SAME component bb1

PICKING bb1

looking at node 12:bb1
not marked

labeling node: 12:bb1
Picking next node from future in SAME component bb1

PICKING bb1

looking at node 13:bb1
not marked

labeling node: 13:bb1
Picking next node from future in SAME component bb1

PICKING bb1

looking at node 14:bb1
marked
	Adding child 2:ERROR
Creating new node: 15:bb1
	Adding child 15:bb1
Done adding children

==WIDEN GCNR08=
Done computing post
Picking next node from future in SAME component bb1

PICKING bb1

looking at node 15:bb1
marked
	Adding child 2:ERROR
Creating new node: 16:bb1
	Adding child 16:bb1
Done adding children

==WIDEN GCNR08=
Done computing post
Looking for head of 2
BB: bb1
Looking for head of 3
BB: __UFO__0
Picking next node from future in NEXT component ERROR

PICKING ERROR

looking at node 2:ERROR
marked
Done adding children
Done computing post
ERROR NODE :2:ERROR
0:entry
1:bb1
2:ERROR
3:bb1
4:bb1
5:bb1
6:bb1
7:bb1
8:bb1
9:bb1
10:bb1
11:bb1
12:bb1
13:bb1
14:bb1
15:bb1
16:bb1
Refiner: refine path to ERROR ...
Number of true assumptions: 77
Number of true assumptions: 73
Number of true assumptions: 73



************************

Number of assumptions: 140

	Number of inst assumptions: 94
	Number of node assumptions: 14
Number of TRUE assumptions: 73
	Number of true inst assumptions: 69
	Number of true node assumptions: 1


************************

INTERPOLATING...
DONE INTERPOLATING: # interps =  14
Refiner: Mining labels from interpolants
Refiner: mkInScope ...
ITP SIZE : 7 AFTER SIMP: 7
Refiner: mkInScope: DONE
Conjoining labels
Refiner: mkInScope ...
ITP SIZE : 12 AFTER SIMP: 12
Refiner: mkInScope: DONE
Conjoining labels
Refiner: mkInScope ...
ITP SIZE : 15 AFTER SIMP: 15
Refiner: mkInScope: DONE
Conjoining labels
Refiner: mkInScope ...
ITP SIZE : 41 AFTER SIMP: 24
Refiner: mkInScope: DONE
Conjoining labels
Refiner: mkInScope ...
ITP SIZE : 49 AFTER SIMP: 34
Refiner: mkInScope: DONE
Conjoining labels
Refiner: mkInScope ...
ITP SIZE : 46 AFTER SIMP: 35
Refiner: mkInScope: DONE
Conjoining labels
Refiner: mkInScope ...
ITP SIZE : 33 AFTER SIMP: 27
Refiner: mkInScope: DONE
Conjoining labels
Refiner: mkInScope ...
ITP SIZE : 43 AFTER SIMP: 37
Refiner: mkInScope: DONE
Conjoining labels
Refiner: mkInScope ...
ITP SIZE : 38 AFTER SIMP: 32
Refiner: mkInScope: DONE
Conjoining labels
Refiner: mkInScope ...
ITP SIZE : 38 AFTER SIMP: 32
Refiner: mkInScope: DONE
Conjoining labels
Refiner: mkInScope ...
ITP SIZE : 30 AFTER SIMP: 28
Refiner: mkInScope: DONE
Conjoining labels
Refiner: mkInScope ...
ITP SIZE : 36 AFTER SIMP: 32
Refiner: mkInScope: DONE
Conjoining labels
Refiner: mkInScope ...
ITP SIZE : 26 AFTER SIMP: 23
Refiner: mkInScope: DONE
Conjoining labels
Refiner: mkInScope ...
ITP SIZE : 16 AFTER SIMP: 16
Refiner: mkInScope: DONE
Conjoining labels
Refiner: refine: DONE 


========================ITER 7 ========================

Largest node: 17

========REPORT========
BRUNCH_STAT Result UNKNOWN
BRUNCH_STAT Iter 7
BRUNCH_STAT Refine 0
BRUNCH_STAT BoolPost 0
BRUNCH_STAT BoolPostP 0
BRUNCH_STAT CartPost 0
BRUNCH_STAT NodesNum 17

BRUNCH_STAT InterpTime 0.000000e+00
BRUNCH_STAT CoverTimeU 0.000000e+00
BRUNCH_STAT ExprTime 0.000000e+00
BRUNCH_STAT PostTime 0.000000e+00
BRUNCH_STAT CleanTime 0.000000e+00
BRUNCH_STAT UTime 3.120190e-01
BRUNCH_STAT STime 4.000000e-03



************** BRUNCH STATS ***************** 
BRUNCH_STAT aArg.size 17
BRUNCH_STAT ufo.main_loop 8
BRUNCH_STAT SmartExprSet.add 0.01
BRUNCH_STAT asm_refiner.simplify.assumptions 0.01
BRUNCH_STAT msat.from_expr 0.01
BRUNCH_STAT msat.to_expr 0.00
BRUNCH_STAT refiner.assumptions 0.05
BRUNCH_STAT refiner.assumptions.total 0.06
BRUNCH_STAT refiner.interps 0.14
BRUNCH_STAT refiner.mkInScope 0.02
BRUNCH_STAT refiner.mkInScope.elim_and_simplify 0.02
BRUNCH_STAT refiner.mkInScope.elim_node 0.00
BRUNCH_STAT refiner.mkInScope.elim_other 0.00
BRUNCH_STAT refiner.mkInScope.out_of_scope 0.00
BRUNCH_STAT refiner.mkInScope.propSimp 0.02
BRUNCH_STAT refiner.mkInScope.variants 0.00
BRUNCH_STAT refiner.nnf 0.00
BRUNCH_STAT refiner.pre 0.01
BRUNCH_STAT refiner.total 0.26
BRUNCH_STAT ufo.expand 0.02
BRUNCH_STAT ufo.expand.is_covered 0.01
BRUNCH_STAT ufo.post 0.00
BRUNCH_STAT ufo.total 0.30
BRUNCH_STAT z3.from_expr 0.01
BRUNCH_STAT z3.to_expr 0.00
************** BRUNCH STATS END ***************** 

looking at node 0:entry
not marked
Picking next node from future in SAME component bb1

PICKING bb1

looking at node 1:bb1
not marked

labeling node: 1:bb1
Picking next node from future in SAME component bb1

PICKING bb1

looking at node 3:bb1
not marked

labeling node: 3:bb1
Picking next node from future in SAME component bb1

PICKING bb1

looking at node 4:bb1
not marked

labeling node: 4:bb1
Picking next node from future in SAME component bb1

PICKING bb1

looking at node 5:bb1
not marked

labeling node: 5:bb1
Picking next node from future in SAME component bb1

PICKING bb1

looking at node 6:bb1
not marked

labeling node: 6:bb1
Picking next node from future in SAME component bb1

PICKING bb1

looking at node 7:bb1
not marked

labeling node: 7:bb1
Picking next node from future in SAME component bb1

PICKING bb1

looking at node 8:bb1
not marked

labeling node: 8:bb1
Picking next node from future in SAME component bb1

PICKING bb1

looking at node 9:bb1
not marked

labeling node: 9:bb1
Picking next node from future in SAME component bb1

PICKING bb1

looking at node 10:bb1
not marked

labeling node: 10:bb1
Picking next node from future in SAME component bb1

PICKING bb1

looking at node 11:bb1
not marked

labeling node: 11:bb1
Picking next node from future in SAME component bb1

PICKING bb1

looking at node 12:bb1
not marked

labeling node: 12:bb1
Picking next node from future in SAME component bb1

PICKING bb1

looking at node 13:bb1
not marked

labeling node: 13:bb1
Picking next node from future in SAME component bb1

PICKING bb1

looking at node 14:bb1
not marked

labeling node: 14:bb1
Picking next node from future in SAME component bb1

PICKING bb1

looking at node 15:bb1
not marked

labeling node: 15:bb1
Picking next node from future in SAME component bb1

PICKING bb1

looking at node 16:bb1
marked
	Adding child 2:ERROR
Creating new node: 17:bb1
	Adding child 17:bb1
Done adding children

==WIDEN GCNR08=
Done computing post
Picking next node from future in SAME component bb1

PICKING bb1

looking at node 17:bb1
marked
	Adding child 2:ERROR
Creating new node: 18:bb1
	Adding child 18:bb1
Done adding children

==WIDEN GCNR08=
Done computing post
Looking for head of 2
BB: bb1
Looking for head of 3
BB: __UFO__0
Picking next node from future in NEXT component ERROR

PICKING ERROR

looking at node 2:ERROR
marked
Done adding children
Done computing post
ERROR NODE :2:ERROR
0:entry
1:bb1
2:ERROR
3:bb1
4:bb1
5:bb1
6:bb1
7:bb1
8:bb1
9:bb1
10:bb1
11:bb1
12:bb1
13:bb1
14:bb1
15:bb1
16:bb1
17:bb1
18:bb1
Refiner: refine path to ERROR ...
Number of true assumptions: 95
Number of true assumptions: 93
Number of true assumptions: 91
Number of true assumptions: 91



************************

Number of assumptions: 181

	Number of inst assumptions: 108
	Number of node assumptions: 16
Number of TRUE assumptions: 91
	Number of true inst assumptions: 75
	Number of true node assumptions: 5


************************

INTERPOLATING...
DONE INTERPOLATING: # interps =  16
Refiner: Mining labels from interpolants
Refiner: mkInScope ...
ITP SIZE : 7 AFTER SIMP: 7
Refiner: mkInScope: DONE
Conjoining labels
Refiner: mkInScope ...
ITP SIZE : 12 AFTER SIMP: 12
Refiner: mkInScope: DONE
Conjoining labels
Refiner: mkInScope ...
ITP SIZE : 15 AFTER SIMP: 15
Refiner: mkInScope: DONE
Conjoining labels
Refiner: mkInScope ...
ITP SIZE : 1 AFTER SIMP: 1
Refiner: mkInScope: DONE
Conjoining labels
Refiner: mkInScope ...
ITP SIZE : 18 AFTER SIMP: 18
Refiner: mkInScope: DONE
Conjoining labels
Refiner: mkInScope ...
ITP SIZE : 1 AFTER SIMP: 1
Refiner: mkInScope: DONE
Conjoining labels
Refiner: mkInScope ...
ITP SIZE : 1 AFTER SIMP: 1
Refiner: mkInScope: DONE
Conjoining labels
Refiner: mkInScope ...
ITP SIZE : 15 AFTER SIMP: 15
Refiner: mkInScope: DONE
Conjoining labels
Refiner: mkInScope ...
ITP SIZE : 30 AFTER SIMP: 28
Refiner: mkInScope: DONE
Conjoining labels
Refiner: mkInScope ...
ITP SIZE : 22 AFTER SIMP: 22
Refiner: mkInScope: DONE
Conjoining labels
Refiner: mkInScope ...
ITP SIZE : 18 AFTER SIMP: 18
Refiner: mkInScope: DONE
Conjoining labels
Refiner: mkInScope ...
ITP SIZE : 21 AFTER SIMP: 21
Refiner: mkInScope: DONE
Conjoining labels
Refiner: mkInScope ...
ITP SIZE : 21 AFTER SIMP: 21
Refiner: mkInScope: DONE
Conjoining labels
Refiner: mkInScope ...
ITP SIZE : 21 AFTER SIMP: 21
Refiner: mkInScope: DONE
Conjoining labels
Refiner: mkInScope ...
ITP SIZE : 25 AFTER SIMP: 24
Refiner: mkInScope: DONE
Conjoining labels
Refiner: mkInScope ...
ITP SIZE : 16 AFTER SIMP: 16
Refiner: mkInScope: DONE
Conjoining labels
Refiner: refine: DONE 


========================ITER 8 ========================

Largest node: 19

========REPORT========
BRUNCH_STAT Result UNKNOWN
BRUNCH_STAT Iter 8
BRUNCH_STAT Refine 0
BRUNCH_STAT BoolPost 0
BRUNCH_STAT BoolPostP 0
BRUNCH_STAT CartPost 0
BRUNCH_STAT NodesNum 19

BRUNCH_STAT InterpTime 0.000000e+00
BRUNCH_STAT CoverTimeU 0.000000e+00
BRUNCH_STAT ExprTime 0.000000e+00
BRUNCH_STAT PostTime 0.000000e+00
BRUNCH_STAT CleanTime 0.000000e+00
BRUNCH_STAT UTime 4.000250e-01
BRUNCH_STAT STime 4.000000e-03



************** BRUNCH STATS ***************** 
BRUNCH_STAT aArg.size 19
BRUNCH_STAT ufo.main_loop 9
BRUNCH_STAT SmartExprSet.add 0.01
BRUNCH_STAT asm_refiner.simplify.assumptions 0.01
BRUNCH_STAT msat.from_expr 0.01
BRUNCH_STAT msat.to_expr 0.00
BRUNCH_STAT refiner.assumptions 0.08
BRUNCH_STAT refiner.assumptions.total 0.10
BRUNCH_STAT refiner.interps 0.17
BRUNCH_STAT refiner.mkInScope 0.03
BRUNCH_STAT refiner.mkInScope.elim_and_simplify 0.02
BRUNCH_STAT refiner.mkInScope.elim_node 0.00
BRUNCH_STAT refiner.mkInScope.elim_other 0.00
BRUNCH_STAT refiner.mkInScope.out_of_scope 0.00
BRUNCH_STAT refiner.mkInScope.propSimp 0.02
BRUNCH_STAT refiner.mkInScope.variants 0.00
BRUNCH_STAT refiner.nnf 0.00
BRUNCH_STAT refiner.pre 0.02
BRUNCH_STAT refiner.total 0.35
BRUNCH_STAT ufo.expand 0.02
BRUNCH_STAT ufo.expand.is_covered 0.01
BRUNCH_STAT ufo.post 0.00
BRUNCH_STAT ufo.total 0.39
BRUNCH_STAT z3.from_expr 0.02
BRUNCH_STAT z3.to_expr 0.00
************** BRUNCH STATS END ***************** 

looking at node 0:entry
not marked
Picking next node from future in SAME component bb1

PICKING bb1

looking at node 1:bb1
not marked

labeling node: 1:bb1
Picking next node from future in SAME component bb1

PICKING bb1

looking at node 3:bb1
not marked

labeling node: 3:bb1
Picking next node from future in SAME component bb1

PICKING bb1

looking at node 4:bb1
not marked

labeling node: 4:bb1
Picking next node from future in SAME component bb1

PICKING bb1

looking at node 5:bb1
not marked

labeling node: 5:bb1
Picking next node from future in SAME component bb1

PICKING bb1

looking at node 6:bb1
not marked

labeling node: 6:bb1
Picking next node from future in SAME component bb1

PICKING bb1

looking at node 7:bb1
not marked

labeling node: 7:bb1
Picking next node from future in SAME component bb1

PICKING bb1

looking at node 8:bb1
not marked

labeling node: 8:bb1
Picking next node from future in SAME component bb1

PICKING bb1

looking at node 9:bb1
not marked

labeling node: 9:bb1
Picking next node from future in SAME component bb1

PICKING bb1

looking at node 10:bb1
not marked

labeling node: 10:bb1
Picking next node from future in SAME component bb1

PICKING bb1

looking at node 11:bb1
not marked

labeling node: 11:bb1
Picking next node from future in SAME component bb1

PICKING bb1

looking at node 12:bb1
not marked

labeling node: 12:bb1
Picking next node from future in SAME component bb1

PICKING bb1

looking at node 13:bb1
not marked

labeling node: 13:bb1
Picking next node from future in SAME component bb1

PICKING bb1

looking at node 14:bb1
not marked

labeling node: 14:bb1
Picking next node from future in SAME component bb1

PICKING bb1

looking at node 15:bb1
not marked

labeling node: 15:bb1
Looking for head of 2
BB: bb1
Looking for head of 3
BB: __UFO__0
Picking next node from future in NEXT component ERROR

PICKING ERROR

looking at node 2:ERROR
not marked

labeling node: 2:ERROR
ERROR NODE :2:ERROR

========REPORT========
BRUNCH_STAT Result SAFE
BRUNCH_STAT Iter 9
BRUNCH_STAT Refine 0
BRUNCH_STAT BoolPost 0
BRUNCH_STAT BoolPostP 0
BRUNCH_STAT CartPost 0
BRUNCH_STAT NodesNum 19

BRUNCH_STAT InterpTime 0.000000e+00
BRUNCH_STAT CoverTimeU 0.000000e+00
BRUNCH_STAT ExprTime 0.000000e+00
BRUNCH_STAT PostTime 0.000000e+00
BRUNCH_STAT CleanTime 0.000000e+00
BRUNCH_STAT UTime 4.080250e-01
BRUNCH_STAT STime 4.000000e-03



************** BRUNCH STATS ***************** 
BRUNCH_STAT aArg.size 19
BRUNCH_STAT ufo.main_loop 9
BRUNCH_STAT SmartExprSet.add 0.02
BRUNCH_STAT asm_refiner.simplify.assumptions 0.01
BRUNCH_STAT msat.from_expr 0.01
BRUNCH_STAT msat.to_expr 0.00
BRUNCH_STAT refiner.assumptions 0.08
BRUNCH_STAT refiner.assumptions.total 0.10
BRUNCH_STAT refiner.interps 0.17
BRUNCH_STAT refiner.mkInScope 0.03
BRUNCH_STAT refiner.mkInScope.elim_and_simplify 0.02
BRUNCH_STAT refiner.mkInScope.elim_node 0.00
BRUNCH_STAT refiner.mkInScope.elim_other 0.00
BRUNCH_STAT refiner.mkInScope.out_of_scope 0.00
BRUNCH_STAT refiner.mkInScope.propSimp 0.02
BRUNCH_STAT refiner.mkInScope.variants 0.00
BRUNCH_STAT refiner.nnf 0.00
BRUNCH_STAT refiner.pre 0.02
BRUNCH_STAT refiner.total 0.35
BRUNCH_STAT ufo.expand 0.03
BRUNCH_STAT ufo.expand.is_covered 0.02
BRUNCH_STAT ufo.post 0.00
BRUNCH_STAT ufo.total 0.40
BRUNCH_STAT z3.from_expr 0.02
BRUNCH_STAT z3.to_expr 0.00
************** BRUNCH STATS END ***************** 
 UNREACHABLE: (by interpolants)
Checking invariant
	Checking edge bb1 ==> ERROR
	Checking edge bb1 ==> bb1
	Checking edge bb1 ==> __UFO__0
	Edge unreachable
Done Checking Invariant
INV holds
program correct: ERROR unreachable
Printing invariant 
bb1 INV: [||
  %x.0<=-50
  (%y.0+(-1*%x.0))>=51
  (((2*%y.0)+(-1*%x.0))>=53)&&((((2*%y.0)+(-1*%x.0))>=53)&&((((2*%y.0)+(-1*%x.0))>=53)&&((((2*%y.0)+(-1*%x.0))>=53)&&((((2*%y.0)+(-1*%x.0))>=53)&&((((2*%y.0)+(-1*%x.0))>=53)&&((%y.0>=52)||(((2*%y.0)+(-1*%x.0))>=53)))))))
  ((((3*%y.0)+(-1*%x.0))>=56)&&(((((3*%y.0)+(-1*%x.0))>=56)&&(%y.0>=1))||(!(%x.0>=-53))))&&((((3*%y.0)+(-1*%x.0))>=56)&&((((3*%y.0)+(-1*%x.0))>=56)&&((((3*%y.0)+(-1*%x.0))>=56)&&((((3*%y.0)+(-1*%x.0))>=56)&&((%y.0>=53)||(((3*%y.0)+(-1*%x.0))>=56))))))
  ((%y.0>=2)||(!((%y.0+(-1*%x.0))<=54)))&&((((!((%y.0+(-1*%x.0))<=1))||(%y.0>=59/3))&&([&&
    %y.0>=2
    %y.0>=59/3
    (!((%y.0+(-1*%x.0))<=1))||(%y.0>=59/3)
  ]||[&&
    ((4*%y.0)+(-1*%x.0))>=60
    !((%y.0+(-1*%x.0))<=1)
    (!((%y.0+(-1*%x.0))<=1))||(%y.0>=59/3)
    [&&
      %y.0>=2
      %y.0>=59/3
      (!((%y.0+(-1*%x.0))<=1))||(%y.0>=59/3)
    ]||[&&
      ((4*%y.0)+(-1*%x.0))>=60
      !((%y.0+(-1*%x.0))<=1)
      (!((%y.0+(-1*%x.0))<=1))||(%y.0>=59/3)
    ]
    [&&
      %y.0>=2
      %y.0>=59/3
      (!((%y.0+(-1*%x.0))<=1))||(%y.0>=59/3)
    ]||[&&
      ((4*%y.0)+(-1*%x.0))>=60
      !((%y.0+(-1*%x.0))<=1)
      (!((%y.0+(-1*%x.0))<=1))||(%y.0>=59/3)
      [&&
        %y.0>=2
        %y.0>=59/3
        (!((%y.0+(-1*%x.0))<=1))||(%y.0>=59/3)
      ]||[&&
        ((4*%y.0)+(-1*%x.0))>=60
        !((%y.0+(-1*%x.0))<=1)
        (!((%y.0+(-1*%x.0))<=1))||(%y.0>=59/3)
      ]
    ]
    [&&
      %y.0>=2
      %y.0>=59/3
      (!((%y.0+(-1*%x.0))<=1))||(%y.0>=59/3)
    ]||[&&
      ((4*%y.0)+(-1*%x.0))>=60
      !((%y.0+(-1*%x.0))<=1)
      (!((%y.0+(-1*%x.0))<=1))||(%y.0>=59/3)
      [&&
        %y.0>=2
        %y.0>=59/3
        (!((%y.0+(-1*%x.0))<=1))||(%y.0>=59/3)
      ]||[&&
        ((4*%y.0)+(-1*%x.0))>=60
        !((%y.0+(-1*%x.0))<=1)
        (!((%y.0+(-1*%x.0))<=1))||(%y.0>=59/3)
      ]
      [&&
        %y.0>=2
        %y.0>=59/3
        (!((%y.0+(-1*%x.0))<=1))||(%y.0>=59/3)
      ]||[&&
        ((4*%y.0)+(-1*%x.0))>=60
        !((%y.0+(-1*%x.0))<=1)
        (!((%y.0+(-1*%x.0))<=1))||(%y.0>=59/3)
        [&&
          %y.0>=2
          %y.0>=59/3
          (!((%y.0+(-1*%x.0))<=1))||(%y.0>=59/3)
        ]||[&&
          ((4*%y.0)+(-1*%x.0))>=60
          !((%y.0+(-1*%x.0))<=1)
          (!((%y.0+(-1*%x.0))<=1))||(%y.0>=59/3)
        ]
      ]
    ]
  ]))&&(((((4*%y.0)+(-1*%x.0))>=60)&&((!((%y.0+(-1*%x.0))<=1))||(%y.0>=59/3)))&&((((4*%y.0)+(-1*%x.0))>=60)&&(((((4*%y.0)+(-1*%x.0))>=60)&&((((4*%y.0)+(-1*%x.0))>=60)||(%y.0>=1)))&&(((4*%y.0)+(-1*%x.0))>=60)))))
  (((!(((2*%y.0)+(-1*%x.0))<=3))||(%y.0>=62/3))&&([&&
    %y.0>=3
    %y.0>=62/3
    (!(((2*%y.0)+(-1*%x.0))<=3))||(%y.0>=62/3)
  ]||[&&
    ((5*%y.0)+(-1*%x.0))>=65
    (!(((2*%y.0)+(-1*%x.0))<=3))||(%y.0>=62/3)
    [&&
      %y.0>=3
      %y.0>=62/3
      (!(((2*%y.0)+(-1*%x.0))<=3))||(%y.0>=62/3)
    ]||((((5*%y.0)+(-1*%x.0))>=65)&&((!(((2*%y.0)+(-1*%x.0))<=3))||(%y.0>=62/3)))
    [&&
      %y.0>=3
      %y.0>=62/3
      (!(((2*%y.0)+(-1*%x.0))<=3))||(%y.0>=62/3)
    ]||[&&
      ((5*%y.0)+(-1*%x.0))>=65
      (!(((2*%y.0)+(-1*%x.0))<=3))||(%y.0>=62/3)
      [&&
        %y.0>=3
        %y.0>=62/3
        (!(((2*%y.0)+(-1*%x.0))<=3))||(%y.0>=62/3)
      ]||((((5*%y.0)+(-1*%x.0))>=65)&&((!(((2*%y.0)+(-1*%x.0))<=3))||(%y.0>=62/3)))
    ]
    [&&
      %y.0>=3
      %y.0>=62/3
      (!(((2*%y.0)+(-1*%x.0))<=3))||(%y.0>=62/3)
    ]||[&&
      ((5*%y.0)+(-1*%x.0))>=65
      (!(((2*%y.0)+(-1*%x.0))<=3))||(%y.0>=62/3)
      [&&
        %y.0>=3
        %y.0>=62/3
        (!(((2*%y.0)+(-1*%x.0))<=3))||(%y.0>=62/3)
      ]||((((5*%y.0)+(-1*%x.0))>=65)&&((!(((2*%y.0)+(-1*%x.0))<=3))||(%y.0>=62/3)))
      [&&
        %y.0>=3
        %y.0>=62/3
        (!(((2*%y.0)+(-1*%x.0))<=3))||(%y.0>=62/3)
      ]||[&&
        ((5*%y.0)+(-1*%x.0))>=65
        (!(((2*%y.0)+(-1*%x.0))<=3))||(%y.0>=62/3)
        [&&
          %y.0>=3
          %y.0>=62/3
          (!(((2*%y.0)+(-1*%x.0))<=3))||(%y.0>=62/3)
        ]||((((5*%y.0)+(-1*%x.0))>=65)&&((!(((2*%y.0)+(-1*%x.0))<=3))||(%y.0>=62/3)))
      ]
    ]
  ]))&&((((5*%y.0)+(-1*%x.0))>=65)&&((((5*%y.0)+(-1*%x.0))>=65)&&(((((5*%y.0)+(-1*%x.0))>=65)&&((((5*%y.0)+(-1*%x.0))>=65)||(%y.0>=2)))&&(((5*%y.0)+(-1*%x.0))>=65))))
  (((%y.0>=4)&&(%y.0>=65/3))||[&&
    ((6*%y.0)+(-1*%x.0))>=71
    (((6*%y.0)+(-1*%x.0))>=71)||((%y.0>=4)&&(%y.0>=65/3))
    ((%y.0>=4)&&(%y.0>=65/3))||((((6*%y.0)+(-1*%x.0))>=71)&&((((6*%y.0)+(-1*%x.0))>=71)||((%y.0>=4)&&(%y.0>=65/3))))
    ((%y.0>=4)&&(%y.0>=65/3))||[&&
      ((6*%y.0)+(-1*%x.0))>=71
      (((6*%y.0)+(-1*%x.0))>=71)||((%y.0>=4)&&(%y.0>=65/3))
      ((%y.0>=4)&&(%y.0>=65/3))||((((6*%y.0)+(-1*%x.0))>=71)&&((((6*%y.0)+(-1*%x.0))>=71)||((%y.0>=4)&&(%y.0>=65/3))))
    ]
  ])&&(((%y.0>=1)||((((6*%y.0)+(-1*%x.0))>=71)&&((%y.0>=1)||(((6*%y.0)+(-1*%x.0))>=71))))&&((((6*%y.0)+(-1*%x.0))>=71)&&((((6*%y.0)+(-1*%x.0))>=71)||(%y.0>=3))))
  (((7*%y.0)+(-1*%x.0))>=78)&&([||
    %y.0>=1
    (%y.0>=1)&&(%y.0>=68/3)
    [&&
      ((7*%y.0)+(-1*%x.0))>=78
      [||
        %y.0>=1
        ((7*%y.0)+(-1*%x.0))>=78
        (%y.0>=1)&&(%y.0>=68/3)
      ]
      [||
        %y.0>=1
        (%y.0>=1)&&(%y.0>=68/3)
        (((7*%y.0)+(-1*%x.0))>=78)&&[||
          %y.0>=1
          ((7*%y.0)+(-1*%x.0))>=78
          (%y.0>=1)&&(%y.0>=68/3)
        ]
      ]
      [||
        %y.0>=1
        (%y.0>=1)&&(%y.0>=68/3)
        [||
          %y.0>=1
          ((7*%y.0)+(-1*%x.0))>=78
          (%y.0>=1)&&(%y.0>=68/3)
        ]&&[||
          %y.0>=1
          (%y.0>=1)&&(%y.0>=68/3)
          (((7*%y.0)+(-1*%x.0))>=78)&&[||
            %y.0>=1
            ((7*%y.0)+(-1*%x.0))>=78
            (%y.0>=1)&&(%y.0>=68/3)
          ]
        ]
      ]
    ]
  ]&&((((%y.0>=1)&&(%y.0>=2))||((((7*%y.0)+(-1*%x.0))>=78)&&((((7*%y.0)+(-1*%x.0))>=78)||((%y.0>=1)&&(%y.0>=2)))))&&(((7*%y.0)+(-1*%x.0))>=78)))
  ((((%x.0+(-8*%y.0))<=-86)||(!(%x.0>=-78)))&&((((%x.0+(-8*%y.0))<=-86)&&(!((%x.0+%y.0)>=-77)))||((%y.0>=1)&&(((%x.0+(-8*%y.0))<=-86)||(!(%x.0>=-78))))))&&([||
    (%y.0>=1)&&(%y.0>=2)
    (%y.0>=2)&&(%y.0>=71/3)
    (((8*%y.0)+(-1*%x.0))>=86)&&[||
      ((8*%y.0)+(-1*%x.0))>=86
      (%y.0>=1)&&(%y.0>=2)
      (%y.0>=2)&&(%y.0>=71/3)
    ]
  ]&&(((((8*%y.0)+(-1*%x.0))>=86)||((%y.0>=1)&&(%y.0>=3)))&&(((8*%y.0)+(-1*%x.0))>=86)))
  ((%y.0>=2)||((((9*%y.0)+(-1*%x.0))>=95)&&(!(%x.0>=-77))))&&([||
    (%y.0>=1)&&(%y.0>=3)
    (%y.0>=3)&&(%y.0>=74/3)
    (((9*%y.0)+(-1*%x.0))>=95)&&[||
      ((9*%y.0)+(-1*%x.0))>=95
      (%y.0>=1)&&(%y.0>=3)
      (%y.0>=3)&&(%y.0>=74/3)
    ]
  ]&&([||
    %y.0>=1
    (%y.0>=1)&&(%y.0>=4)
    (!(%x.0>=-86))&&((!((%y.0+(-1*%x.0))<=1))||((%y.0>=1)&&(%y.0>=4)))
  ]&&(((9*%y.0)+(-1*%x.0))>=95)))
  ((%y.0>=1)||(((10*%y.0)+(-1*%x.0))>=105))&&([||
    (%y.0>=1)&&(%y.0>=4)
    ((10*%y.0)+(-1*%x.0))>=105
    (%y.0>=4)&&(%y.0>=77/3)
  ]&&[||
    %y.0>=1
    %y.0>=5
    !(((2*%y.0)+(-1*%x.0))<=3)
  ])
  (((%y.0>=1)&&(%y.0>=2))||(((11*%y.0)+(-1*%x.0))>=116))&&([||
    %y.0>=1
    (%y.0>=5)&&(%y.0>=80/3)
    (%y.0>=1)&&(%y.0>=5)
    (!(%x.0>=-105))&&[||
      !((%y.0+(-1*%x.0))<=1)
      (%y.0>=5)&&(%y.0>=80/3)
      (%y.0>=1)&&(%y.0>=5)
    ]
  ]&&(!((%y.0+(-1*%x.0))<=1)))
  (((%y.0>=1)&&(%y.0>=3))||(((12*%y.0)+(-1*%x.0))>=128))&&[||
    %y.0>=1
    !(((2*%y.0)+(-1*%x.0))<=3)
    %y.0>=6
  ]
]
ERROR INV: false
Destructing MC
